15:19:42 **** Incremental Build of configuration Debug for project ds_linearqueue ****
make all 
Building file: ../src/ds_linearqueue.cpp
Invoking: GCC C++ Compiler
g++ -O0 -g3 -Wall -c -fmessage-length=0 -MMD -MP -MF"src/ds_linearqueue.d" -MT"src/ds_linearqueue.o" -o "src/ds_linearqueue.o" "../src/ds_linearqueue.cpp"
Finished building: ../src/ds_linearqueue.cpp
 
Building target: ds_linearqueue
Invoking: GCC C++ Linker
g++  -o "ds_linearqueue"  ./src/ds_linearqueue.o   
Finished building target: ds_linearqueue
 
15:19:47 **** Incremental Build of configuration Debug for project ds_linearqueue ****
make all 
make: Nothing to be done for 'all'.
15:23:00 **** Incremental Build of configuration Debug for project ds_linearqueue ****
make all 
Building file: ../src/ds_linearqueue.cpp
Invoking: GCC C++ Compiler
g++ -O0 -g3 -Wall -c -fmessage-length=0 -MMD -MP -MF"src/ds_linearqueue.d" -MT"src/ds_linearqueue.o" -o "src/ds_linearqueue.o" "../src/ds_linearqueue.cpp"
Finished building: ../src/ds_linearqueue.cpp
 
Building target: ds_linearqueue
Invoking: GCC C++ Linker
g++  -o "ds_linearqueue"  ./src/ds_linearqueue.o   
Finished building target: ds_linearqueue
 
15:23:04 **** Incremental Build of configuration Debug for project ds_linearqueue ****
make all 
make: Nothing to be done for 'all'.
15:24:49 **** Incremental Build of configuration Debug for project ds_linearqueue ****
make all 
make: Nothing to be done for 'all'.
15:24:50 **** Incremental Build of configuration Debug for project ds_linearqueue ****
make all 
make: Nothing to be done for 'all'.
15:26:00 **** Incremental Build of configuration Debug for project ds_linearqueue ****
make all 
Building file: ../src/ds_linearqueue.cpp
Invoking: GCC C++ Compiler
g++ -O0 -g3 -Wall -c -fmessage-length=0 -MMD -MP -MF"src/ds_linearqueue.d" -MT"src/ds_linearqueue.o" -o "src/ds_linearqueue.o" "../src/ds_linearqueue.cpp"
Finished building: ../src/ds_linearqueue.cpp
 
Building target: ds_linearqueue
Invoking: GCC C++ Linker
g++  -o "ds_linearqueue"  ./src/ds_linearqueue.o   
Finished building target: ds_linearqueue
 
15:26:02 **** Incremental Build of configuration Debug for project ds_linearqueue ****
make all 
make: Nothing to be done for 'all'.
15:26:29 **** Incremental Build of configuration Debug for project ds_linearqueue ****
make all 
make: Nothing to be done for 'all'.
15:26:31 **** Incremental Build of configuration Debug for project ds_linearqueue ****
make all 
make: Nothing to be done for 'all'.
15:27:02 **** Incremental Build of configuration Debug for project ds_linearqueue ****
make all 
Building file: ../src/ds_linearqueue.cpp
Invoking: GCC C++ Compiler
g++ -O0 -g3 -Wall -c -fmessage-length=0 -MMD -MP -MF"src/ds_linearqueue.d" -MT"src/ds_linearqueue.o" -o "src/ds_linearqueue.o" "../src/ds_linearqueue.cpp"
Finished building: ../src/ds_linearqueue.cpp
 
Building target: ds_linearqueue
Invoking: GCC C++ Linker
g++  -o "ds_linearqueue"  ./src/ds_linearqueue.o   
Finished building target: ds_linearqueue
 
15:27:04 **** Incremental Build of configuration Debug for project ds_linearqueue ****
make all 
make: Nothing to be done for 'all'.
15:30:16 **** Incremental Build of configuration Debug for project ds_linearqueue ****
make all 
Building file: ../src/ds_linearqueue.cpp
Invoking: GCC C++ Compiler
g++ -O0 -g3 -Wall -c -fmessage-length=0 -MMD -MP -MF"src/ds_linearqueue.d" -MT"src/ds_linearqueue.o" -o "src/ds_linearqueue.o" "../src/ds_linearqueue.cpp"
Finished building: ../src/ds_linearqueue.cpp
 
Building target: ds_linearqueue
Invoking: GCC C++ Linker
g++  -o "ds_linearqueue"  ./src/ds_linearqueue.o   
Finished building target: ds_linearqueue
 
15:30:18 **** Incremental Build of configuration Debug for project ds_linearqueue ****
make all 
make: Nothing to be done for 'all'.
16:04:04 **** Build of configuration Debug for project ds_circularqueue ****
make all 
Building file: ../src/ds_circularqueue.cpp
Invoking: GCC C++ Compiler
g++ -O0 -g3 -Wall -c -fmessage-length=0 -MMD -MP -MF"src/ds_circularqueue.d" -MT"src/ds_circularqueue.o" -o "src/ds_circularqueue.o" "../src/ds_circularqueue.cpp"
Finished building: ../src/ds_circularqueue.cpp
 
Building target: ds_circularqueue
Invoking: GCC C++ Linker
g++  -o "ds_circularqueue"  ./src/ds_circularqueue.o   
Finished building target: ds_circularqueue
 
16:04:05 **** Incremental Build of configuration Debug for project ds_linearqueue ****
make all 
make: Nothing to be done for 'all'.
16:05:25 **** Incremental Build of configuration Debug for project ds_circularqueue ****
make all 
make: Nothing to be done for 'all'.
16:05:33 **** Incremental Build of configuration Debug for project ds_circularqueue ****
make all 
make: Nothing to be done for 'all'.
16:17:59 **** Incremental Build of configuration Debug for project ds_circularqueue ****
make all 
Building file: ../src/ds_circularqueue.cpp
Invoking: GCC C++ Compiler
g++ -O0 -g3 -Wall -c -fmessage-length=0 -MMD -MP -MF"src/ds_circularqueue.d" -MT"src/ds_circularqueue.o" -o "src/ds_circularqueue.o" "../src/ds_circularqueue.cpp"
Finished building: ../src/ds_circularqueue.cpp
 
Building target: ds_circularqueue
Invoking: GCC C++ Linker
g++  -o "ds_circularqueue"  ./src/ds_circularqueue.o   
Finished building target: ds_circularqueue
 
16:18:00 **** Build of configuration Debug for project ds_dynamicqueue ****
make all 
Building file: ../src/ds_dynamicqueue.cpp
Invoking: GCC C++ Compiler
g++ -O0 -g3 -Wall -c -fmessage-length=0 -MMD -MP -MF"src/ds_dynamicqueue.d" -MT"src/ds_dynamicqueue.o" -o "src/ds_dynamicqueue.o" "../src/ds_dynamicqueue.cpp"
../src/ds_dynamicqueue.cpp: In function ‘int main()’:
../src/ds_dynamicqueue.cpp:28:10: error: ‘exit’ was not declared in this scope
src/subdir.mk:18: recipe for target 'src/ds_dynamicqueue.o' failed
    exit(0);
          ^
../src/ds_dynamicqueue.cpp:35:12: error: no matching function for call to ‘std::queue<int>::push()’
     q.push();
            ^
../src/ds_dynamicqueue.cpp:35:12: note: candidate is:
In file included from /usr/include/c++/4.8/queue:64:0,
                 from ../src/ds_dynamicqueue.cpp:3:
/usr/include/c++/4.8/bits/stl_queue.h:212:7: note: void std::queue<_Tp, _Sequence>::push(const value_type&) [with _Tp = int; _Sequence = std::deque<int, std::allocator<int> >; std::queue<_Tp, _Sequence>::value_type = int]
       push(const value_type& __x)
       ^
/usr/include/c++/4.8/bits/stl_queue.h:212:7: note:   candidate expects 1 argument, 0 provided
make: *** [src/ds_dynamicqueue.o] Error 1
16:18:16 **** Incremental Build of configuration Debug for project ds_dynamicqueue ****
make all 
Building file: ../src/ds_dynamicqueue.cpp
Invoking: GCC C++ Compiler
g++ -O0 -g3 -Wall -c -fmessage-length=0 -MMD -MP -MF"src/ds_dynamicqueue.d" -MT"src/ds_dynamicqueue.o" -o "src/ds_dynamicqueue.o" "../src/ds_dynamicqueue.cpp"
../src/ds_dynamicqueue.cpp: In function ‘int main()’:
../src/ds_dynamicqueue.cpp:28:10: error: ‘exit’ was not declared in this scope
    exit(0);
          ^
../src/ds_dynamicqueue.cpp:35:12: error: no matching function for call to ‘std::queue<int>::push()’
     q.push();
            ^
../src/ds_dynamicqueue.cpp:35:12: note: candidate is:
In file included from /usr/include/c++/4.8/queue:64:0,
                 from ../src/ds_dynamicqueue.cpp:3:
/usr/include/c++/4.8/bits/stl_queue.h:212:7: note: void std::queue<_Tp, _Sequence>::push(const value_type&) [with _Tp = int; _Sequence = std::deque<int, std::allocator<int> >; std::queue<_Tp, _Sequence>::value_type = int]
       push(const value_type& __x)
       ^
/usr/include/c++/4.8/bits/stl_queue.h:212:7: note:   candidate expects 1 argument, 0 provided
make: *** [src/ds_dynamicqueue.o] Error 1
src/subdir.mk:18: recipe for target 'src/ds_dynamicqueue.o' failed
16:18:59 **** Incremental Build of configuration Debug for project ds_dynamicqueue ****
make all 
Building file: ../src/ds_dynamicqueue.cpp
Invoking: GCC C++ Compiler
g++ -O0 -g3 -Wall -c -fmessage-length=0 -MMD -MP -MF"src/ds_dynamicqueue.d" -MT"src/ds_dynamicqueue.o" -o "src/ds_dynamicqueue.o" "../src/ds_dynamicqueue.cpp"
../src/ds_dynamicqueue.cpp: In function ‘int main()’:
../src/ds_dynamicqueue.cpp:28:10: error: ‘exit’ was not declared in this scope
    exit(0);
          ^
make: *** [src/ds_dynamicqueue.o] Error 1
src/subdir.mk:18: recipe for target 'src/ds_dynamicqueue.o' failed
16:19:26 **** Incremental Build of configuration Debug for project ds_dynamicqueue ****
make all 
Building file: ../src/ds_dynamicqueue.cpp
Invoking: GCC C++ Compiler
g++ -O0 -g3 -Wall -c -fmessage-length=0 -MMD -MP -MF"src/ds_dynamicqueue.d" -MT"src/ds_dynamicqueue.o" -o "src/ds_dynamicqueue.o" "../src/ds_dynamicqueue.cpp"
Finished building: ../src/ds_dynamicqueue.cpp
 
Building target: ds_dynamicqueue
Invoking: GCC C++ Linker
g++  -o "ds_dynamicqueue"  ./src/ds_dynamicqueue.o   
Finished building target: ds_dynamicqueue
 
16:19:37 **** Incremental Build of configuration Debug for project ds_dynamicqueue ****
make all 
make: Nothing to be done for 'all'.
16:21:20 **** Incremental Build of configuration Debug for project ds_dynamicqueue ****
make all 
Building file: ../src/ds_dynamicqueue.cpp
Invoking: GCC C++ Compiler
g++ -O0 -g3 -Wall -c -fmessage-length=0 -MMD -MP -MF"src/ds_dynamicqueue.d" -MT"src/ds_dynamicqueue.o" -o "src/ds_dynamicqueue.o" "../src/ds_dynamicqueue.cpp"
Finished building: ../src/ds_dynamicqueue.cpp
 
Building target: ds_dynamicqueue
Invoking: GCC C++ Linker
g++  -o "ds_dynamicqueue"  ./src/ds_dynamicqueue.o   
Finished building target: ds_dynamicqueue
 
16:21:25 **** Incremental Build of configuration Debug for project ds_dynamicqueue ****
make all 
Building file: ../src/ds_dynamicqueue.cpp
Invoking: GCC C++ Compiler
g++ -O0 -g3 -Wall -c -fmessage-length=0 -MMD -MP -MF"src/ds_dynamicqueue.d" -MT"src/ds_dynamicqueue.o" -o "src/ds_dynamicqueue.o" "../src/ds_dynamicqueue.cpp"
../src/ds_dynamicqueue.cpp: In function ‘int main()’:
../src/ds_dynamicqueue.cpp:47:71: error: ‘b’ was not declared in this scope
          cout<< element <<"  elements are deleted from queue  "<<endl;b
                                                                       ^
../src/ds_dynamicqueue.cpp:48:7: error: expected ‘;’ before ‘}’ token
       }
       ^
make: *** [src/ds_dynamicqueue.o] Error 1
src/subdir.mk:18: recipe for target 'src/ds_dynamicqueue.o' failed
16:21:38 **** Incremental Build of configuration Debug for project ds_dynamicqueue ****
make all 
Building file: ../src/ds_dynamicqueue.cpp
Invoking: GCC C++ Compiler
g++ -O0 -g3 -Wall -c -fmessage-length=0 -MMD -MP -MF"src/ds_dynamicqueue.d" -MT"src/ds_dynamicqueue.o" -o "src/ds_dynamicqueue.o" "../src/ds_dynamicqueue.cpp"
Finished building: ../src/ds_dynamicqueue.cpp
 
Building target: ds_dynamicqueue
Invoking: GCC C++ Linker
g++  -o "ds_dynamicqueue"  ./src/ds_dynamicqueue.o   
Finished building target: ds_dynamicqueue
 
16:21:40 **** Incremental Build of configuration Debug for project ds_dynamicqueue ****
make all 
make: Nothing to be done for 'all'.
17:13:41 **** Incremental Build of configuration Debug for project ds_dynamicqueue ****
make all 
make: Nothing to be done for 'all'.
17:13:41 **** Build of configuration Debug for project ds_staticarraystack ****
make all 
Building file: ../src/ds_staticarraystack.cpp
Invoking: GCC C++ Compiler
g++ -O0 -g3 -Wall -c -fmessage-length=0 -MMD -MP -MF"src/ds_staticarraystack.d" -MT"src/ds_staticarraystack.o" -o "src/ds_staticarraystack.o" "../src/ds_staticarraystack.cpp"
../src/ds_staticarraystack.cpp: In member function ‘void stack::pop()’:
../src/ds_staticarraystack.cpp:34:12: error: no post-decrement operator for type
   this->pop--;
            ^
src/subdir.mk:18: recipe for target 'src/ds_staticarraystack.o' failed
make: *** [src/ds_staticarraystack.o] Error 1
17:13:56 **** Incremental Build of configuration Debug for project ds_staticarraystack ****
make all 
Building file: ../src/ds_staticarraystack.cpp
Invoking: GCC C++ Compiler
g++ -O0 -g3 -Wall -c -fmessage-length=0 -MMD -MP -MF"src/ds_staticarraystack.d" -MT"src/ds_staticarraystack.o" -o "src/ds_staticarraystack.o" "../src/ds_staticarraystack.cpp"
../src/ds_staticarraystack.cpp: In member function ‘void stack::pop()’:
../src/ds_staticarraystack.cpp:34:12: error: no post-decrement operator for type
   this->pop--;
            ^
src/subdir.mk:18: recipe for target 'src/ds_staticarraystack.o' failed
make: *** [src/ds_staticarraystack.o] Error 1
17:14:17 **** Incremental Build of configuration Debug for project ds_staticarraystack ****
make all 
Building file: ../src/ds_staticarraystack.cpp
Invoking: GCC C++ Compiler
g++ -O0 -g3 -Wall -c -fmessage-length=0 -MMD -MP -MF"src/ds_staticarraystack.d" -MT"src/ds_staticarraystack.o" -o "src/ds_staticarraystack.o" "../src/ds_staticarraystack.cpp"
../src/ds_staticarraystack.cpp: In member function ‘void stack::pop()’:
../src/ds_staticarraystack.cpp:34:12: error: no post-increment operator for type
   this->pop++;
            ^
src/subdir.mk:18: recipe for target 'src/ds_staticarraystack.o' failed
make: *** [src/ds_staticarraystack.o] Error 1
17:14:39 **** Incremental Build of configuration Debug for project ds_staticarraystack ****
make all 
Building file: ../src/ds_staticarraystack.cpp
Invoking: GCC C++ Compiler
g++ -O0 -g3 -Wall -c -fmessage-length=0 -MMD -MP -MF"src/ds_staticarraystack.d" -MT"src/ds_staticarraystack.o" -o "src/ds_staticarraystack.o" "../src/ds_staticarraystack.cpp"
Finished building: ../src/ds_staticarraystack.cpp
 
Building target: ds_staticarraystack
Invoking: GCC C++ Linker
g++  -o "ds_staticarraystack"  ./src/ds_staticarraystack.o   
Finished building target: ds_staticarraystack
 
17:14:50 **** Incremental Build of configuration Debug for project ds_staticarraystack ****
make all 
make: Nothing to be done for 'all'.
17:15:25 **** Incremental Build of configuration Debug for project ds_staticarraystack ****
make all 
Building file: ../src/ds_staticarraystack.cpp
Invoking: GCC C++ Compiler
g++ -O0 -g3 -Wall -c -fmessage-length=0 -MMD -MP -MF"src/ds_staticarraystack.d" -MT"src/ds_staticarraystack.o" -o "src/ds_staticarraystack.o" "../src/ds_staticarraystack.cpp"
Finished building: ../src/ds_staticarraystack.cpp
 
Building target: ds_staticarraystack
Invoking: GCC C++ Linker
g++  -o "ds_staticarraystack"  ./src/ds_staticarraystack.o   
Finished building target: ds_staticarraystack
 
17:15:27 **** Incremental Build of configuration Debug for project ds_staticarraystack ****
make all 
make: Nothing to be done for 'all'.
17:16:32 **** Incremental Build of configuration Debug for project ds_staticarraystack ****
make all 
make: Nothing to be done for 'all'.
17:16:38 **** Incremental Build of configuration Debug for project ds_staticarraystack ****
make all 
make: Nothing to be done for 'all'.
17:21:36 **** Build of configuration Debug for project ds_dyanamicstack ****
make all 
Building file: ../src/ds_dyanamicstack.cpp
Invoking: GCC C++ Compiler
g++ -O0 -g3 -Wall -c -fmessage-length=0 -MMD -MP -MF"src/ds_dyanamicstack.d" -MT"src/ds_dyanamicstack.o" -o "src/ds_dyanamicstack.o" "../src/ds_dyanamicstack.cpp"
../src/ds_dyanamicstack.cpp: In function ‘int main()’:
../src/ds_dyanamicstack.cpp:47:13: error: ‘class std::stack<int>’ has no member named ‘is_stack_empty’
       if(!s.is_stack_empty())
             ^
../src/ds_dyanamicstack.cpp:49:18: error: ‘class std::stack<int>’ has no member named ‘peek’
       element= s.peek();
                  ^
make: *** [src/ds_dyanamicstack.o] Error 1
src/subdir.mk:18: recipe for target 'src/ds_dyanamicstack.o' failed
17:21:37 **** Incremental Build of configuration Debug for project ds_staticarraystack ****
make all 
Building file: ../src/ds_staticarraystack.cpp
Invoking: GCC C++ Compiler
g++ -O0 -g3 -Wall -c -fmessage-length=0 -MMD -MP -MF"src/ds_staticarraystack.d" -MT"src/ds_staticarraystack.o" -o "src/ds_staticarraystack.o" "../src/ds_staticarraystack.cpp"
Finished building: ../src/ds_staticarraystack.cpp
 
Building target: ds_staticarraystack
Invoking: GCC C++ Linker
g++  -o "ds_staticarraystack"  ./src/ds_staticarraystack.o   
Finished building target: ds_staticarraystack
 
17:21:52 **** Incremental Build of configuration Debug for project ds_dyanamicstack ****
make all 
Building file: ../src/ds_dyanamicstack.cpp
Invoking: GCC C++ Compiler
g++ -O0 -g3 -Wall -c -fmessage-length=0 -MMD -MP -MF"src/ds_dyanamicstack.d" -MT"src/ds_dyanamicstack.o" -o "src/ds_dyanamicstack.o" "../src/ds_dyanamicstack.cpp"
../src/ds_dyanamicstack.cpp: In function ‘int main()’:
../src/ds_dyanamicstack.cpp:47:13: error: ‘class std::stack<int>’ has no member named ‘is_stack_empty’
       if(!s.is_stack_empty())
             ^
../src/ds_dyanamicstack.cpp:49:18: error: ‘class std::stack<int>’ has no member named ‘peek’
       element= s.peek();
                  ^
make: *** [src/ds_dyanamicstack.o] Error 1
src/subdir.mk:18: recipe for target 'src/ds_dyanamicstack.o' failed
17:22:35 **** Incremental Build of configuration Debug for project ds_dyanamicstack ****
make all 
Building file: ../src/ds_dyanamicstack.cpp
Invoking: GCC C++ Compiler
g++ -O0 -g3 -Wall -c -fmessage-length=0 -MMD -MP -MF"src/ds_dyanamicstack.d" -MT"src/ds_dyanamicstack.o" -o "src/ds_dyanamicstack.o" "../src/ds_dyanamicstack.cpp"
Finished building: ../src/ds_dyanamicstack.cpp
 
Building target: ds_dyanamicstack
Invoking: GCC C++ Linker
g++  -o "ds_dyanamicstack"  ./src/ds_dyanamicstack.o   
Finished building target: ds_dyanamicstack
 
17:22:46 **** Incremental Build of configuration Debug for project ds_dyanamicstack ****
make all 
make: Nothing to be done for 'all'.
17:24:01 **** Incremental Build of configuration Debug for project ds_dyanamicstack ****
make all 
Building file: ../src/ds_dyanamicstack.cpp
Invoking: GCC C++ Compiler
g++ -O0 -g3 -Wall -c -fmessage-length=0 -MMD -MP -MF"src/ds_dyanamicstack.d" -MT"src/ds_dyanamicstack.o" -o "src/ds_dyanamicstack.o" "../src/ds_dyanamicstack.cpp"
Finished building: ../src/ds_dyanamicstack.cpp
 
Building target: ds_dyanamicstack
Invoking: GCC C++ Linker
g++  -o "ds_dyanamicstack"  ./src/ds_dyanamicstack.o   
Finished building target: ds_dyanamicstack
 
22:27:06 **** Incremental Build of configuration Debug for project ds_dyanamicstack ****
make all 
make: Nothing to be done for 'all'.
22:27:07 **** Build of configuration Debug for project ds_stackinfixpostfix ****
make all 
Building file: ../src/ds_stackinfixpostfix.cpp
Invoking: GCC C++ Compiler
g++ -O0 -g3 -Wall -c -fmessage-length=0 -MMD -MP -MF"src/ds_stackinfixpostfix.d" -MT"src/ds_stackinfixpostfix.o" -o "src/ds_stackinfixpostfix.o" "../src/ds_stackinfixpostfix.cpp"
../src/ds_stackinfixpostfix.cpp: In function ‘void infix_to_postfix(char*, char*)’:
../src/ds_stackinfixpostfix.cpp:30:22: warning: comparison with string literal results in unspecified behaviour [-Waddress]
  for(int i=0; in[i]!="\0"; ++i)
                      ^
../src/ds_stackinfixpostfix.cpp:30:22: error: ISO C++ forbids comparison between pointer and integer [-fpermissive]
../src/ds_stackinfixpostfix.cpp:32:17: error: expected ‘)’ before ‘in’
   if(is_operand in[i])
                 ^
../src/ds_stackinfixpostfix.cpp:32:22: warning: the address of ‘bool is_operand(char)’ will always evaluate as ‘true’ [-Waddress]
   if(is_operand in[i])
                      ^
../src/ds_stackinfixpostfix.cpp: In function ‘int priority(char)’:
../src/ds_stackinfixpostfix.cpp:63:1: warning: control reaches end of non-void function [-Wreturn-type]
 }
 ^
src/subdir.mk:18: recipe for target 'src/ds_stackinfixpostfix.o' failed
make: *** [src/ds_stackinfixpostfix.o] Error 1
22:28:05 **** Incremental Build of configuration Debug for project ds_dyanamicstack ****
make all 
make: Nothing to be done for 'all'.
22:28:06 **** Incremental Build of configuration Debug for project ds_stackinfixpostfix ****
make all 
Building file: ../src/ds_stackinfixpostfix.cpp
Invoking: GCC C++ Compiler
g++ -O0 -g3 -Wall -c -fmessage-length=0 -MMD -MP -MF"src/ds_stackinfixpostfix.d" -MT"src/ds_stackinfixpostfix.o" -o "src/ds_stackinfixpostfix.o" "../src/ds_stackinfixpostfix.cpp"
../src/ds_stackinfixpostfix.cpp: In function ‘void infix_to_postfix(char*, char*)’:
../src/ds_stackinfixpostfix.cpp:30:22: warning: comparison with string literal results in unspecified behaviour [-Waddress]
  for(int i=0; in[i]!="\0"; ++i)
                      ^
../src/ds_stackinfixpostfix.cpp:30:22: error: ISO C++ forbids comparison between pointer and integer [-fpermissive]
../src/ds_stackinfixpostfix.cpp: In function ‘int priority(char)’:
../src/ds_stackinfixpostfix.cpp:63:1: warning: control reaches end of non-void function [-Wreturn-type]
 }
 ^
make: *** [src/ds_stackinfixpostfix.o] Error 1
src/subdir.mk:18: recipe for target 'src/ds_stackinfixpostfix.o' failed
22:29:14 **** Incremental Build of configuration Debug for project ds_dyanamicstack ****
make all 
make: Nothing to be done for 'all'.
22:29:15 **** Incremental Build of configuration Debug for project ds_stackinfixpostfix ****
make all 
Building file: ../src/ds_stackinfixpostfix.cpp
Invoking: GCC C++ Compiler
g++ -O0 -g3 -Wall -c -fmessage-length=0 -MMD -MP -MF"src/ds_stackinfixpostfix.d" -MT"src/ds_stackinfixpostfix.o" -o "src/ds_stackinfixpostfix.o" "../src/ds_stackinfixpostfix.cpp"
../src/ds_stackinfixpostfix.cpp: In function ‘void infix_to_postfix(char*, char*)’:
../src/ds_stackinfixpostfix.cpp:30:23: warning: comparison with string literal results in unspecified behaviour [-Waddress]
  for(int i=0; in[i] !="\0"; i++)
                       ^
../src/ds_stackinfixpostfix.cpp:30:23: error: ISO C++ forbids comparison between pointer and integer [-fpermissive]
../src/ds_stackinfixpostfix.cpp: In function ‘int priority(char)’:
../src/ds_stackinfixpostfix.cpp:63:1: warning: control reaches end of non-void function [-Wreturn-type]
 }
 ^
make: *** [src/ds_stackinfixpostfix.o] Error 1
src/subdir.mk:18: recipe for target 'src/ds_stackinfixpostfix.o' failed
22:29:59 **** Incremental Build of configuration Debug for project ds_dyanamicstack ****
make all 
make: Nothing to be done for 'all'.
22:30:00 **** Incremental Build of configuration Debug for project ds_stackinfixpostfix ****
make all 
Building file: ../src/ds_stackinfixpostfix.cpp
Invoking: GCC C++ Compiler
g++ -O0 -g3 -Wall -c -fmessage-length=0 -MMD -MP -MF"src/ds_stackinfixpostfix.d" -MT"src/ds_stackinfixpostfix.o" -o "src/ds_stackinfixpostfix.o" "../src/ds_stackinfixpostfix.cpp"
../src/ds_stackinfixpostfix.cpp: In function ‘int priority(char)’:
../src/ds_stackinfixpostfix.cpp:63:1: warning: control reaches end of non-void function [-Wreturn-type]
 }
 ^
Finished building: ../src/ds_stackinfixpostfix.cpp
 
Building target: ds_stackinfixpostfix
Invoking: GCC C++ Linker
g++  -o "ds_stackinfixpostfix"  ./src/ds_stackinfixpostfix.o   
Finished building target: ds_stackinfixpostfix
 
22:30:26 **** Incremental Build of configuration Debug for project ds_stackinfixpostfix ****
make all 
make: Nothing to be done for 'all'.
22:30:36 **** Incremental Build of configuration Debug for project ds_stackinfixpostfix ****
make all 
make: Nothing to be done for 'all'.
22:34:18 **** Incremental Build of configuration Debug for project ds_stackinfixpostfix ****
make all 
make: Nothing to be done for 'all'.
22:34:19 **** Build of configuration Debug for project ds_stackinfixtopostfixparenth ****
make all 
Building file: ../src/ds_stackinfixtopostfixparenth.cpp
Invoking: GCC C++ Compiler
g++ -O0 -g3 -Wall -c -fmessage-length=0 -MMD -MP -MF"src/ds_stackinfixtopostfixparenth.d" -MT"src/ds_stackinfixtopostfixparenth.o" -o "src/ds_stackinfixtopostfixparenth.o" "../src/ds_stackinfixtopostfixparenth.cpp"
Finished building: ../src/ds_stackinfixtopostfixparenth.cpp
 
Building target: ds_stackinfixtopostfixparenth
Invoking: GCC C++ Linker
g++  -o "ds_stackinfixtopostfixparenth"  ./src/ds_stackinfixtopostfixparenth.o   
Finished building target: ds_stackinfixtopostfixparenth
 
22:53:12 **** Incremental Build of configuration Debug for project ds_stackinfixpostfix ****
make all 
make: Nothing to be done for 'all'.
22:53:13 **** Incremental Build of configuration Debug for project ds_stackinfixtopostfixparenth ****
make all 
Building file: ../src/ds_stackinfixtopostfixparenth.cpp
Invoking: GCC C++ Compiler
g++ -O0 -g3 -Wall -c -fmessage-length=0 -MMD -MP -MF"src/ds_stackinfixtopostfixparenth.d" -MT"src/ds_stackinfixtopostfixparenth.o" -o "src/ds_stackinfixtopostfixparenth.o" "../src/ds_stackinfixtopostfixparenth.cpp"
../src/ds_stackinfixtopostfixparenth.cpp: In function ‘void infix_to_postfix(char*, char*)’:
../src/ds_stackinfixtopostfixparenth.cpp:29:3: error: ‘else’ without a previous ‘if’
   else
   ^
../src/ds_stackinfixtopostfixparenth.cpp:30:9: error: name lookup of ‘i’ changed for ISO ‘for’ scoping [-fpermissive]
   if(in[i] == '(')
         ^
../src/ds_stackinfixtopostfixparenth.cpp:30:9: note: (if you use ‘-fpermissive’ G++ will accept your code)
../src/ds_stackinfixtopostfixparenth.cpp:40:25: error: cannot resolve overloaded function ‘top’ based on conversion to type ‘char’
                post[j++]=s.top;s.pop();
                         ^
src/subdir.mk:18: recipe for target 'src/ds_stackinfixtopostfixparenth.o' failed
make: *** [src/ds_stackinfixtopostfixparenth.o] Error 1
22:58:34 **** Incremental Build of configuration Debug for project ds_stackinfixtopostfixparenth ****
make all 
Building file: ../src/ds_stackinfixtopostfixparenth.cpp
Invoking: GCC C++ Compiler
g++ -O0 -g3 -Wall -c -fmessage-length=0 -MMD -MP -MF"src/ds_stackinfixtopostfixparenth.d" -MT"src/ds_stackinfixtopostfixparenth.o" -o "src/ds_stackinfixtopostfixparenth.o" "../src/ds_stackinfixtopostfixparenth.cpp"
../src/ds_stackinfixtopostfixparenth.cpp: In function ‘void infix_to_postfix(char*, char*)’:
../src/ds_stackinfixtopostfixparenth.cpp:42:25: error: cannot resolve overloaded function ‘top’ based on conversion to type ‘char’
                post[j++]=s.top;s.pop();
                         ^
../src/ds_stackinfixtopostfixparenth.cpp:60:1: error: expected ‘}’ at end of input
 }
 ^
make: *** [src/ds_stackinfixtopostfixparenth.o] Error 1
src/subdir.mk:18: recipe for target 'src/ds_stackinfixtopostfixparenth.o' failed
22:59:42 **** Incremental Build of configuration Debug for project ds_stackinfixtopostfixparenth ****
make all 
Building file: ../src/ds_stackinfixtopostfixparenth.cpp
Invoking: GCC C++ Compiler
g++ -O0 -g3 -Wall -c -fmessage-length=0 -MMD -MP -MF"src/ds_stackinfixtopostfixparenth.d" -MT"src/ds_stackinfixtopostfixparenth.o" -o "src/ds_stackinfixtopostfixparenth.o" "../src/ds_stackinfixtopostfixparenth.cpp"
Finished building: ../src/ds_stackinfixtopostfixparenth.cpp
 
Building target: ds_stackinfixtopostfixparenth
Invoking: GCC C++ Linker
g++  -o "ds_stackinfixtopostfixparenth"  ./src/ds_stackinfixtopostfixparenth.o   
./src/ds_stackinfixtopostfixparenth.o: In function `infix_to_postfix(char*, char*)':
/home/sunbeam/algo_ds/ds_stackinfixtopostfixparenth/Debug/../src/ds_stackinfixtopostfixparenth.cpp:26: undefined reference to `is_operand(char)'
/home/sunbeam/algo_ds/ds_stackinfixtopostfixparenth/Debug/../src/ds_stackinfixtopostfixparenth.cpp:49: undefined reference to `priority(char)'
/home/sunbeam/algo_ds/ds_stackinfixtopostfixparenth/Debug/../src/ds_stackinfixtopostfixparenth.cpp:49: undefined reference to `priority(char)'
collect2: error: ld returned 1 exit status
makefile:45: recipe for target 'ds_stackinfixtopostfixparenth' failed
make: *** [ds_stackinfixtopostfixparenth] Error 1
23:04:34 **** Incremental Build of configuration Debug for project ds_stackinfixtopostfixparenth ****
make all 
Building file: ../src/ds_stackinfixtopostfixparenth.cpp
Invoking: GCC C++ Compiler
g++ -O0 -g3 -Wall -c -fmessage-length=0 -MMD -MP -MF"src/ds_stackinfixtopostfixparenth.d" -MT"src/ds_stackinfixtopostfixparenth.o" -o "src/ds_stackinfixtopostfixparenth.o" "../src/ds_stackinfixtopostfixparenth.cpp"
../src/ds_stackinfixtopostfixparenth.cpp: In function ‘int priority(char)’:
../src/ds_stackinfixtopostfixparenth.cpp:75:1: warning: control reaches end of non-void function [-Wreturn-type]
 }
 ^
Finished building: ../src/ds_stackinfixtopostfixparenth.cpp
 
Building target: ds_stackinfixtopostfixparenth
Invoking: GCC C++ Linker
g++  -o "ds_stackinfixtopostfixparenth"  ./src/ds_stackinfixtopostfixparenth.o   
Finished building target: ds_stackinfixtopostfixparenth
 
23:04:55 **** Incremental Build of configuration Debug for project ds_stackinfixtopostfixparenth ****
make all 
make: Nothing to be done for 'all'.
23:05:04 **** Incremental Build of configuration Debug for project ds_stackinfixtopostfixparenth ****
make all 
make: Nothing to be done for 'all'.
23:09:32 **** Incremental Build of configuration Debug for project ds_stackinfixtopostfixparenth ****
make all 
Building file: ../src/ds_stackinfixtopostfixparenth.cpp
Invoking: GCC C++ Compiler
g++ -O0 -g3 -Wall -c -fmessage-length=0 -MMD -MP -MF"src/ds_stackinfixtopostfixparenth.d" -MT"src/ds_stackinfixtopostfixparenth.o" -o "src/ds_stackinfixtopostfixparenth.o" "../src/ds_stackinfixtopostfixparenth.cpp"
../src/ds_stackinfixtopostfixparenth.cpp: In function ‘int priority(char)’:
../src/ds_stackinfixtopostfixparenth.cpp:75:1: warning: control reaches end of non-void function [-Wreturn-type]
 }
 ^
Finished building: ../src/ds_stackinfixtopostfixparenth.cpp
 
Building target: ds_stackinfixtopostfixparenth
Invoking: GCC C++ Linker
g++  -o "ds_stackinfixtopostfixparenth"  ./src/ds_stackinfixtopostfixparenth.o   
Finished building target: ds_stackinfixtopostfixparenth
 
23:09:35 **** Incremental Build of configuration Debug for project ds_stackinfixtopostfixparenth ****
make all 
make: Nothing to be done for 'all'.
14:51:26 **** Build of configuration Debug for project ds_emplist ****
make all 
Building file: ../src/ds_emplist.cpp
Invoking: GCC C++ Compiler
g++ -O0 -g3 -Wall -c -fmessage-length=0 -MMD -MP -MF"src/ds_emplist.d" -MT"src/ds_emplist.o" -o "src/ds_emplist.o" "../src/ds_emplist.cpp"
In file included from /usr/include/c++/4.8/ios:42:0,
                 from /usr/include/c++/4.8/ostream:38,
                 from /usr/include/c++/4.8/iostream:39,
                 from ../src/ds_emplist.cpp:1:
/usr/include/c++/4.8/bits/ios_base.h: In copy constructor ‘std::basic_ios<char>::basic_ios(const std::basic_ios<char>&)’:
/usr/include/c++/4.8/bits/ios_base.h:792:5: error: ‘std::ios_base::ios_base(const std::ios_base&)’ is private
     ios_base(const ios_base&);
     ^
In file included from /usr/include/c++/4.8/ios:44:0,
                 from /usr/include/c++/4.8/ostream:38,
                 from /usr/include/c++/4.8/iostream:39,
                 from ../src/ds_emplist.cpp:1:
/usr/include/c++/4.8/bits/basic_ios.h:66:11: error: within this context
     class basic_ios : public ios_base
           ^
In file included from /usr/include/c++/4.8/iostream:39:0,
                 from ../src/ds_emplist.cpp:1:
/usr/include/c++/4.8/ostream: In copy constructor ‘std::basic_ostream<char>::basic_ostream(const std::basic_ostream<char>&)’:
/usr/include/c++/4.8/ostream:58:11: note: synthesized method ‘std::basic_ios<char>::basic_ios(const std::basic_ios<char>&)’ first required here 
     class basic_ostream : virtual public basic_ios<_CharT, _Traits>
           ^
../src/ds_emplist.cpp: In function ‘std::ostream operator<<(std::ostream&, employee&)’:
../src/ds_emplist.cpp:27:11: note: synthesized method ‘std::basic_ostream<char>::basic_ostream(const std::basic_ostream<char>&)’ first required here 
    return out;
           ^
../src/ds_emplist.cpp: In function ‘int main()’:
../src/ds_emplist.cpp:35:44: error: ‘emplopyee’ was not declared in this scope
  emp.push_back(emplopyee(101,"vishal",10000));
                                            ^
../src/ds_emplist.cpp:42:22: error: cannot convert ‘std::list<employee>::iterator {aka std::_List_iterator<employee>}’ to ‘int’ in initialization
  for(int i=emp.begin();i!=emp.end();++i)
                      ^
../src/ds_emplist.cpp:42:25: error: no match for ‘operator!=’ (operand types are ‘int’ and ‘std::list<employee>::iterator {aka std::_List_iterator<employee>}’)
  for(int i=emp.begin();i!=emp.end();++i)
                         ^
../src/ds_emplist.cpp:42:25: note: candidates are:
In file included from /usr/include/c++/4.8/iosfwd:40:0,
                 from /usr/include/c++/4.8/ios:38,
                 from /usr/include/c++/4.8/ostream:38,
                 from /usr/include/c++/4.8/iostream:39,
                 from ../src/ds_emplist.cpp:1:
/usr/include/c++/4.8/bits/postypes.h:221:5: note: template<class _StateT> bool std::operator!=(const std::fpos<_StateT>&, const std::fpos<_StateT>&)
     operator!=(const fpos<_StateT>& __lhs, const fpos<_StateT>& __rhs)
     ^
/usr/include/c++/4.8/bits/postypes.h:221:5: note:   template argument deduction/substitution failed:
../src/ds_emplist.cpp:42:35: note:   mismatched types ‘const std::fpos<_StateT>’ and ‘int’
  for(int i=emp.begin();i!=emp.end();++i)
                                   ^
In file included from /usr/include/c++/4.8/bits/stl_algobase.h:64:0,
                 from /usr/include/c++/4.8/bits/char_traits.h:39,
                 from /usr/include/c++/4.8/ios:40,
                 from /usr/include/c++/4.8/ostream:38,
                 from /usr/include/c++/4.8/iostream:39,
                 from ../src/ds_emplist.cpp:1:
/usr/include/c++/4.8/bits/stl_pair.h:227:5: note: template<class _T1, class _T2> bool std::operator!=(const std::pair<_T1, _T2>&, const std::pair<_T1, _T2>&)
     operator!=(const pair<_T1, _T2>& __x, const pair<_T1, _T2>& __y)
     ^
/usr/include/c++/4.8/bits/stl_pair.h:227:5: note:   template argument deduction/substitution failed:
../src/ds_emplist.cpp:42:35: note:   mismatched types ‘const std::pair<_T1, _T2>’ and ‘int’
  for(int i=emp.begin();i!=emp.end();++i)
                                   ^
In file included from /usr/include/c++/4.8/bits/stl_algobase.h:67:0,
                 from /usr/include/c++/4.8/bits/char_traits.h:39,
                 from /usr/include/c++/4.8/ios:40,
                 from /usr/include/c++/4.8/ostream:38,
                 from /usr/include/c++/4.8/iostream:39,
                 from ../src/ds_emplist.cpp:1:
/usr/include/c++/4.8/bits/stl_iterator.h:303:5: note: template<class _Iterator> bool std::operator!=(const std::reverse_iterator<_Iterator>&, const std::reverse_iterator<_Iterator>&)
     operator!=(const reverse_iterator<_Iterator>& __x,
     ^
/usr/include/c++/4.8/bits/stl_iterator.h:303:5: note:   template argument deduction/substitution failed:
../src/ds_emplist.cpp:42:35: note:   mismatched types ‘const std::reverse_iterator<_Iterator>’ and ‘int’
  for(int i=emp.begin();i!=emp.end();++i)
                                   ^
In file included from /usr/include/c++/4.8/bits/stl_algobase.h:67:0,
                 from /usr/include/c++/4.8/bits/char_traits.h:39,
                 from /usr/include/c++/4.8/ios:40,
                 from /usr/include/c++/4.8/ostream:38,
                 from /usr/include/c++/4.8/iostream:39,
                 from ../src/ds_emplist.cpp:1:
/usr/include/c++/4.8/bits/stl_iterator.h:353:5: note: template<class _IteratorL, class _IteratorR> bool std::operator!=(const std::reverse_iterator<_Iterator>&, const std::reverse_iterator<_IteratorR>&)
src/subdir.mk:18: recipe for target 'src/ds_emplist.o' failed
     operator!=(const reverse_iterator<_IteratorL>& __x,
     ^
/usr/include/c++/4.8/bits/stl_iterator.h:353:5: note:   template argument deduction/substitution failed:
../src/ds_emplist.cpp:42:35: note:   mismatched types ‘const std::reverse_iterator<_Iterator>’ and ‘int’
  for(int i=emp.begin();i!=emp.end();++i)
                                   ^
In file included from /usr/include/c++/4.8/string:41:0,
                 from /usr/include/c++/4.8/bits/locale_classes.h:40,
                 from /usr/include/c++/4.8/bits/ios_base.h:41,
                 from /usr/include/c++/4.8/ios:42,
                 from /usr/include/c++/4.8/ostream:38,
                 from /usr/include/c++/4.8/iostream:39,
                 from ../src/ds_emplist.cpp:1:
/usr/include/c++/4.8/bits/allocator.h:138:5: note: template<class _T1, class _T2> bool std::operator!=(const std::allocator<_CharT>&, const std::allocator<_T2>&)
     operator!=(const allocator<_T1>&, const allocator<_T2>&)
     ^
/usr/include/c++/4.8/bits/allocator.h:138:5: note:   template argument deduction/substitution failed:
../src/ds_emplist.cpp:42:35: note:   mismatched types ‘const std::allocator<_CharT>’ and ‘int’
  for(int i=emp.begin();i!=emp.end();++i)
                                   ^
In file included from /usr/include/c++/4.8/string:41:0,
                 from /usr/include/c++/4.8/bits/locale_classes.h:40,
                 from /usr/include/c++/4.8/bits/ios_base.h:41,
                 from /usr/include/c++/4.8/ios:42,
                 from /usr/include/c++/4.8/ostream:38,
                 from /usr/include/c++/4.8/iostream:39,
                 from ../src/ds_emplist.cpp:1:
/usr/include/c++/4.8/bits/allocator.h:143:5: note: template<class _Tp> bool std::operator!=(const std::allocator<_CharT>&, const std::allocator<_CharT>&)
     operator!=(const allocator<_Tp>&, const allocator<_Tp>&)
     ^
/usr/include/c++/4.8/bits/allocator.h:143:5: note:   template argument deduction/substitution failed:
../src/ds_emplist.cpp:42:35: note:   mismatched types ‘const std::allocator<_CharT>’ and ‘int’
  for(int i=emp.begin();i!=emp.end();++i)
                                   ^
In file included from /usr/include/c++/4.8/string:52:0,
                 from /usr/include/c++/4.8/bits/locale_classes.h:40,
                 from /usr/include/c++/4.8/bits/ios_base.h:41,
                 from /usr/include/c++/4.8/ios:42,
                 from /usr/include/c++/4.8/ostream:38,
                 from /usr/include/c++/4.8/iostream:39,
                 from ../src/ds_emplist.cpp:1:
/usr/include/c++/4.8/bits/basic_string.h:2532:5: note: template<class _CharT, class _Traits, class _Alloc> bool std::operator!=(const std::basic_string<_CharT, _Traits, _Alloc>&, const std::basic_string<_CharT, _Traits, _Alloc>&)
     operator!=(const basic_string<_CharT, _Traits, _Alloc>& __lhs,
     ^
/usr/include/c++/4.8/bits/basic_string.h:2532:5: note:   template argument deduction/substitution failed:
../src/ds_emplist.cpp:42:35: note:   mismatched types ‘const std::basic_string<_CharT, _Traits, _Alloc>’ and ‘int’
  for(int i=emp.begin();i!=emp.end();++i)
                                   ^
In file included from /usr/include/c++/4.8/string:52:0,
                 from /usr/include/c++/4.8/bits/locale_classes.h:40,
                 from /usr/include/c++/4.8/bits/ios_base.h:41,
                 from /usr/include/c++/4.8/ios:42,
                 from /usr/include/c++/4.8/ostream:38,
                 from /usr/include/c++/4.8/iostream:39,
                 from ../src/ds_emplist.cpp:1:
/usr/include/c++/4.8/bits/basic_string.h:2544:5: note: template<class _CharT, class _Traits, class _Alloc> bool std::operator!=(const _CharT*, const std::basic_string<_CharT, _Traits, _Alloc>&)
     operator!=(const _CharT* __lhs,
     ^
/usr/include/c++/4.8/bits/basic_string.h:2544:5: note:   template argument deduction/substitution failed:
../src/ds_emplist.cpp:42:35: note:   mismatched types ‘const _CharT*’ and ‘int’
  for(int i=emp.begin();i!=emp.end();++i)
                                   ^
In file included from /usr/include/c++/4.8/string:52:0,
                 from /usr/include/c++/4.8/bits/locale_classes.h:40,
                 from /usr/include/c++/4.8/bits/ios_base.h:41,
                 from /usr/include/c++/4.8/ios:42,
                 from /usr/include/c++/4.8/ostream:38,
                 from /usr/include/c++/4.8/iostream:39,
                 from ../src/ds_emplist.cpp:1:
/usr/include/c++/4.8/bits/basic_string.h:2556:5: note: template<class _CharT, class _Traits, class _Alloc> bool std::operator!=(const std::basic_string<_CharT, _Traits, _Alloc>&, const _CharT*)
     operator!=(const basic_string<_CharT, _Traits, _Alloc>& __lhs,
     ^
/usr/include/c++/4.8/bits/basic_string.h:2556:5: note:   template argument deduction/substitution failed:
../src/ds_emplist.cpp:42:35: note:   mismatched types ‘const std::basic_string<_CharT, _Traits, _Alloc>’ and ‘int’
  for(int i=emp.begin();i!=emp.end();++i)
                                   ^
In file included from /usr/include/c++/4.8/bits/locale_facets.h:48:0,
                 from /usr/include/c++/4.8/bits/basic_ios.h:37,
                 from /usr/include/c++/4.8/ios:44,
                 from /usr/include/c++/4.8/ostream:38,
                 from /usr/include/c++/4.8/iostream:39,
                 from ../src/ds_emplist.cpp:1:
/usr/include/c++/4.8/bits/streambuf_iterator.h:210:5: note: template<class _CharT, class _Traits> bool std::operator!=(const std::istreambuf_iterator<_CharT, _Traits>&, const std::istreambuf_iterator<_CharT, _Traits>&)
     operator!=(const istreambuf_iterator<_CharT, _Traits>& __a,
     ^
/usr/include/c++/4.8/bits/streambuf_iterator.h:210:5: note:   template argument deduction/substitution failed:
../src/ds_emplist.cpp:42:35: note:   mismatched types ‘const std::istreambuf_iterator<_CharT, _Traits>’ and ‘int’
  for(int i=emp.begin();i!=emp.end();++i)
                                   ^
In file included from /usr/include/c++/4.8/iterator:66:0,
                 from ../src/ds_emplist.cpp:4:
/usr/include/c++/4.8/bits/stream_iterator.h:137:5: note: template<class _Tp, class _CharT, class _Traits, class _Dist> bool std::operator!=(const std::istream_iterator<_Tp, _CharT, _Traits, _Dist>&, const std::istream_iterator<_Tp, _CharT, _Traits, _Dist>&)
     operator!=(const istream_iterator<_Tp, _CharT, _Traits, _Dist>& __x,
     ^
/usr/include/c++/4.8/bits/stream_iterator.h:137:5: note:   template argument deduction/substitution failed:
../src/ds_emplist.cpp:42:35: note:   mismatched types ‘const std::istream_iterator<_Tp, _CharT, _Traits, _Dist>’ and ‘int’
  for(int i=emp.begin();i!=emp.end();++i)
                                   ^
In file included from /usr/include/c++/4.8/list:63:0,
                 from ../src/ds_emplist.cpp:5:
/usr/include/c++/4.8/bits/stl_list.h:282:5: note: template<class _Val> bool std::operator!=(const std::_List_iterator<_Tp>&, const std::_List_const_iterator<_Val>&)
     operator!=(const _List_iterator<_Val>& __x,
     ^
/usr/include/c++/4.8/bits/stl_list.h:282:5: note:   template argument deduction/substitution failed:
../src/ds_emplist.cpp:42:35: note:   mismatched types ‘const std::_List_iterator<_Tp>’ and ‘int’
  for(int i=emp.begin();i!=emp.end();++i)
                                   ^
In file included from /usr/include/c++/4.8/list:63:0,
                 from ../src/ds_emplist.cpp:5:
/usr/include/c++/4.8/bits/stl_list.h:1638:5: note: template<class _Tp, class _Alloc> bool std::operator!=(const std::list<_Tp, _Alloc>&, const std::list<_Tp, _Alloc>&)
     operator!=(const list<_Tp, _Alloc>& __x, const list<_Tp, _Alloc>& __y)
     ^
/usr/include/c++/4.8/bits/stl_list.h:1638:5: note:   template argument deduction/substitution failed:
../src/ds_emplist.cpp:42:35: note:   mismatched types ‘const std::list<_Tp, _Alloc>’ and ‘int’
  for(int i=emp.begin();i!=emp.end();++i)
                                   ^
make: *** [src/ds_emplist.o] Error 1
14:51:27 **** Incremental Build of configuration Debug for project ds_stackinfixtopostfixparenth ****
make all 
make: Nothing to be done for 'all'.
14:51:42 **** Incremental Build of configuration Debug for project ds_emplist ****
make all 
Building file: ../src/ds_emplist.cpp
Invoking: GCC C++ Compiler
g++ -O0 -g3 -Wall -c -fmessage-length=0 -MMD -MP -MF"src/ds_emplist.d" -MT"src/ds_emplist.o" -o "src/ds_emplist.o" "../src/ds_emplist.cpp"
In file included from /usr/include/c++/4.8/ios:42:0,
                 from /usr/include/c++/4.8/ostream:38,
                 from /usr/include/c++/4.8/iostream:39,
                 from ../src/ds_emplist.cpp:1:
/usr/include/c++/4.8/bits/ios_base.h: In copy constructor ‘std::basic_ios<char>::basic_ios(const std::basic_ios<char>&)’:
/usr/include/c++/4.8/bits/ios_base.h:792:5: error: ‘std::ios_base::ios_base(const std::ios_base&)’ is private
     ios_base(const ios_base&);
     ^
In file included from /usr/include/c++/4.8/ios:44:0,
                 from /usr/include/c++/4.8/ostream:38,
                 from /usr/include/c++/4.8/iostream:39,
                 from ../src/ds_emplist.cpp:1:
/usr/include/c++/4.8/bits/basic_ios.h:66:11: error: within this context
     class basic_ios : public ios_base
           ^
In file included from /usr/include/c++/4.8/iostream:39:0,
                 from ../src/ds_emplist.cpp:1:
/usr/include/c++/4.8/ostream: In copy constructor ‘std::basic_ostream<char>::basic_ostream(const std::basic_ostream<char>&)’:
/usr/include/c++/4.8/ostream:58:11: note: synthesized method ‘std::basic_ios<char>::basic_ios(const std::basic_ios<char>&)’ first required here 
     class basic_ostream : virtual public basic_ios<_CharT, _Traits>
           ^
../src/ds_emplist.cpp: In function ‘std::ostream operator<<(std::ostream&, employee&)’:
../src/ds_emplist.cpp:27:11: note: synthesized method ‘std::basic_ostream<char>::basic_ostream(const std::basic_ostream<char>&)’ first required here 
    return out;
           ^
../src/ds_emplist.cpp: In function ‘int main()’:
../src/ds_emplist.cpp:35:44: error: ‘emplopyee’ was not declared in this scope
  emp.push_back(emplopyee(101,"vishal",10000));
                                            ^
../src/ds_emplist.cpp:42:22: error: cannot convert ‘std::list<employee>::iterator {aka std::_List_iterator<employee>}’ to ‘int’ in initialization
  for(int i=emp.begin();i!=emp.end();++i)
                      ^
../src/ds_emplist.cpp:42:25: error: no match for ‘operator!=’ (operand types are ‘int’ and ‘std::list<employee>::iterator {aka std::_List_iterator<employee>}’)
  for(int i=emp.begin();i!=emp.end();++i)
                         ^
../src/ds_emplist.cpp:42:25: note: candidates are:
In file included from /usr/include/c++/4.8/iosfwd:40:0,
                 from /usr/include/c++/4.8/ios:38,
                 from /usr/include/c++/4.8/ostream:38,
                 from /usr/include/c++/4.8/iostream:39,
                 from ../src/ds_emplist.cpp:1:
/usr/include/c++/4.8/bits/postypes.h:221:5: note: template<class _StateT> bool std::operator!=(const std::fpos<_StateT>&, const std::fpos<_StateT>&)
     operator!=(const fpos<_StateT>& __lhs, const fpos<_StateT>& __rhs)
     ^
/usr/include/c++/4.8/bits/postypes.h:221:5: note:   template argument deduction/substitution failed:
../src/ds_emplist.cpp:42:35: note:   mismatched types ‘const std::fpos<_StateT>’ and ‘int’
  for(int i=emp.begin();i!=emp.end();++i)
                                   ^
In file included from /usr/include/c++/4.8/bits/stl_algobase.h:64:0,
                 from /usr/include/c++/4.8/bits/char_traits.h:39,
                 from /usr/include/c++/4.8/ios:40,
                 from /usr/include/c++/4.8/ostream:38,
                 from /usr/include/c++/4.8/iostream:39,
                 from ../src/ds_emplist.cpp:1:
/usr/include/c++/4.8/bits/stl_pair.h:227:5: note: template<class _T1, class _T2> bool std::operator!=(const std::pair<_T1, _T2>&, const std::pair<_T1, _T2>&)
     operator!=(const pair<_T1, _T2>& __x, const pair<_T1, _T2>& __y)
     ^
/usr/include/c++/4.8/bits/stl_pair.h:227:5: note:   template argument deduction/substitution failed:
../src/ds_emplist.cpp:42:35: note:   mismatched types ‘const std::pair<_T1, _T2>’ and ‘int’
  for(int i=emp.begin();i!=emp.end();++i)
src/subdir.mk:18: recipe for target 'src/ds_emplist.o' failed
                                   ^
In file included from /usr/include/c++/4.8/bits/stl_algobase.h:67:0,
                 from /usr/include/c++/4.8/bits/char_traits.h:39,
                 from /usr/include/c++/4.8/ios:40,
                 from /usr/include/c++/4.8/ostream:38,
                 from /usr/include/c++/4.8/iostream:39,
                 from ../src/ds_emplist.cpp:1:
/usr/include/c++/4.8/bits/stl_iterator.h:303:5: note: template<class _Iterator> bool std::operator!=(const std::reverse_iterator<_Iterator>&, const std::reverse_iterator<_Iterator>&)
     operator!=(const reverse_iterator<_Iterator>& __x,
     ^
/usr/include/c++/4.8/bits/stl_iterator.h:303:5: note:   template argument deduction/substitution failed:
../src/ds_emplist.cpp:42:35: note:   mismatched types ‘const std::reverse_iterator<_Iterator>’ and ‘int’
  for(int i=emp.begin();i!=emp.end();++i)
                                   ^
In file included from /usr/include/c++/4.8/bits/stl_algobase.h:67:0,
                 from /usr/include/c++/4.8/bits/char_traits.h:39,
                 from /usr/include/c++/4.8/ios:40,
                 from /usr/include/c++/4.8/ostream:38,
                 from /usr/include/c++/4.8/iostream:39,
                 from ../src/ds_emplist.cpp:1:
/usr/include/c++/4.8/bits/stl_iterator.h:353:5: note: template<class _IteratorL, class _IteratorR> bool std::operator!=(const std::reverse_iterator<_Iterator>&, const std::reverse_iterator<_IteratorR>&)
     operator!=(const reverse_iterator<_IteratorL>& __x,
     ^
/usr/include/c++/4.8/bits/stl_iterator.h:353:5: note:   template argument deduction/substitution failed:
../src/ds_emplist.cpp:42:35: note:   mismatched types ‘const std::reverse_iterator<_Iterator>’ and ‘int’
  for(int i=emp.begin();i!=emp.end();++i)
                                   ^
In file included from /usr/include/c++/4.8/string:41:0,
                 from /usr/include/c++/4.8/bits/locale_classes.h:40,
                 from /usr/include/c++/4.8/bits/ios_base.h:41,
                 from /usr/include/c++/4.8/ios:42,
                 from /usr/include/c++/4.8/ostream:38,
                 from /usr/include/c++/4.8/iostream:39,
                 from ../src/ds_emplist.cpp:1:
/usr/include/c++/4.8/bits/allocator.h:138:5: note: template<class _T1, class _T2> bool std::operator!=(const std::allocator<_CharT>&, const std::allocator<_T2>&)
     operator!=(const allocator<_T1>&, const allocator<_T2>&)
     ^
/usr/include/c++/4.8/bits/allocator.h:138:5: note:   template argument deduction/substitution failed:
../src/ds_emplist.cpp:42:35: note:   mismatched types ‘const std::allocator<_CharT>’ and ‘int’
  for(int i=emp.begin();i!=emp.end();++i)
                                   ^
In file included from /usr/include/c++/4.8/string:41:0,
                 from /usr/include/c++/4.8/bits/locale_classes.h:40,
                 from /usr/include/c++/4.8/bits/ios_base.h:41,
                 from /usr/include/c++/4.8/ios:42,
                 from /usr/include/c++/4.8/ostream:38,
                 from /usr/include/c++/4.8/iostream:39,
                 from ../src/ds_emplist.cpp:1:
/usr/include/c++/4.8/bits/allocator.h:143:5: note: template<class _Tp> bool std::operator!=(const std::allocator<_CharT>&, const std::allocator<_CharT>&)
     operator!=(const allocator<_Tp>&, const allocator<_Tp>&)
     ^
/usr/include/c++/4.8/bits/allocator.h:143:5: note:   template argument deduction/substitution failed:
../src/ds_emplist.cpp:42:35: note:   mismatched types ‘const std::allocator<_CharT>’ and ‘int’
  for(int i=emp.begin();i!=emp.end();++i)
                                   ^
In file included from /usr/include/c++/4.8/string:52:0,
                 from /usr/include/c++/4.8/bits/locale_classes.h:40,
                 from /usr/include/c++/4.8/bits/ios_base.h:41,
                 from /usr/include/c++/4.8/ios:42,
                 from /usr/include/c++/4.8/ostream:38,
                 from /usr/include/c++/4.8/iostream:39,
                 from ../src/ds_emplist.cpp:1:
/usr/include/c++/4.8/bits/basic_string.h:2532:5: note: template<class _CharT, class _Traits, class _Alloc> bool std::operator!=(const std::basic_string<_CharT, _Traits, _Alloc>&, const std::basic_string<_CharT, _Traits, _Alloc>&)
     operator!=(const basic_string<_CharT, _Traits, _Alloc>& __lhs,
     ^
/usr/include/c++/4.8/bits/basic_string.h:2532:5: note:   template argument deduction/substitution failed:
../src/ds_emplist.cpp:42:35: note:   mismatched types ‘const std::basic_string<_CharT, _Traits, _Alloc>’ and ‘int’
  for(int i=emp.begin();i!=emp.end();++i)
                                   ^
In file included from /usr/include/c++/4.8/string:52:0,
                 from /usr/include/c++/4.8/bits/locale_classes.h:40,
                 from /usr/include/c++/4.8/bits/ios_base.h:41,
                 from /usr/include/c++/4.8/ios:42,
                 from /usr/include/c++/4.8/ostream:38,
                 from /usr/include/c++/4.8/iostream:39,
                 from ../src/ds_emplist.cpp:1:
/usr/include/c++/4.8/bits/basic_string.h:2544:5: note: template<class _CharT, class _Traits, class _Alloc> bool std::operator!=(const _CharT*, const std::basic_string<_CharT, _Traits, _Alloc>&)
     operator!=(const _CharT* __lhs,
     ^
/usr/include/c++/4.8/bits/basic_string.h:2544:5: note:   template argument deduction/substitution failed:
../src/ds_emplist.cpp:42:35: note:   mismatched types ‘const _CharT*’ and ‘int’
  for(int i=emp.begin();i!=emp.end();++i)
                                   ^
In file included from /usr/include/c++/4.8/string:52:0,
                 from /usr/include/c++/4.8/bits/locale_classes.h:40,
                 from /usr/include/c++/4.8/bits/ios_base.h:41,
                 from /usr/include/c++/4.8/ios:42,
                 from /usr/include/c++/4.8/ostream:38,
                 from /usr/include/c++/4.8/iostream:39,
                 from ../src/ds_emplist.cpp:1:
/usr/include/c++/4.8/bits/basic_string.h:2556:5: note: template<class _CharT, class _Traits, class _Alloc> bool std::operator!=(const std::basic_string<_CharT, _Traits, _Alloc>&, const _CharT*)
     operator!=(const basic_string<_CharT, _Traits, _Alloc>& __lhs,
     ^
/usr/include/c++/4.8/bits/basic_string.h:2556:5: note:   template argument deduction/substitution failed:
../src/ds_emplist.cpp:42:35: note:   mismatched types ‘const std::basic_string<_CharT, _Traits, _Alloc>’ and ‘int’
  for(int i=emp.begin();i!=emp.end();++i)
                                   ^
In file included from /usr/include/c++/4.8/bits/locale_facets.h:48:0,
                 from /usr/include/c++/4.8/bits/basic_ios.h:37,
                 from /usr/include/c++/4.8/ios:44,
                 from /usr/include/c++/4.8/ostream:38,
                 from /usr/include/c++/4.8/iostream:39,
                 from ../src/ds_emplist.cpp:1:
/usr/include/c++/4.8/bits/streambuf_iterator.h:210:5: note: template<class _CharT, class _Traits> bool std::operator!=(const std::istreambuf_iterator<_CharT, _Traits>&, const std::istreambuf_iterator<_CharT, _Traits>&)
     operator!=(const istreambuf_iterator<_CharT, _Traits>& __a,
     ^
/usr/include/c++/4.8/bits/streambuf_iterator.h:210:5: note:   template argument deduction/substitution failed:
../src/ds_emplist.cpp:42:35: note:   mismatched types ‘const std::istreambuf_iterator<_CharT, _Traits>’ and ‘int’
  for(int i=emp.begin();i!=emp.end();++i)
                                   ^
In file included from /usr/include/c++/4.8/iterator:66:0,
                 from ../src/ds_emplist.cpp:4:
/usr/include/c++/4.8/bits/stream_iterator.h:137:5: note: template<class _Tp, class _CharT, class _Traits, class _Dist> bool std::operator!=(const std::istream_iterator<_Tp, _CharT, _Traits, _Dist>&, const std::istream_iterator<_Tp, _CharT, _Traits, _Dist>&)
     operator!=(const istream_iterator<_Tp, _CharT, _Traits, _Dist>& __x,
     ^
/usr/include/c++/4.8/bits/stream_iterator.h:137:5: note:   template argument deduction/substitution failed:
../src/ds_emplist.cpp:42:35: note:   mismatched types ‘const std::istream_iterator<_Tp, _CharT, _Traits, _Dist>’ and ‘int’
  for(int i=emp.begin();i!=emp.end();++i)
                                   ^
In file included from /usr/include/c++/4.8/list:63:0,
                 from ../src/ds_emplist.cpp:5:
/usr/include/c++/4.8/bits/stl_list.h:282:5: note: template<class _Val> bool std::operator!=(const std::_List_iterator<_Tp>&, const std::_List_const_iterator<_Val>&)
     operator!=(const _List_iterator<_Val>& __x,
     ^
/usr/include/c++/4.8/bits/stl_list.h:282:5: note:   template argument deduction/substitution failed:
../src/ds_emplist.cpp:42:35: note:   mismatched types ‘const std::_List_iterator<_Tp>’ and ‘int’
  for(int i=emp.begin();i!=emp.end();++i)
                                   ^
In file included from /usr/include/c++/4.8/list:63:0,
                 from ../src/ds_emplist.cpp:5:
/usr/include/c++/4.8/bits/stl_list.h:1638:5: note: template<class _Tp, class _Alloc> bool std::operator!=(const std::list<_Tp, _Alloc>&, const std::list<_Tp, _Alloc>&)
     operator!=(const list<_Tp, _Alloc>& __x, const list<_Tp, _Alloc>& __y)
     ^
/usr/include/c++/4.8/bits/stl_list.h:1638:5: note:   template argument deduction/substitution failed:
../src/ds_emplist.cpp:42:35: note:   mismatched types ‘const std::list<_Tp, _Alloc>’ and ‘int’
  for(int i=emp.begin();i!=emp.end();++i)
                                   ^
make: *** [src/ds_emplist.o] Error 1
14:52:24 **** Incremental Build of configuration Debug for project ds_emplist ****
make all 
Building file: ../src/ds_emplist.cpp
Invoking: GCC C++ Compiler
g++ -O0 -g3 -Wall -c -fmessage-length=0 -MMD -MP -MF"src/ds_emplist.d" -MT"src/ds_emplist.o" -o "src/ds_emplist.o" "../src/ds_emplist.cpp"
In file included from /usr/include/c++/4.8/ios:42:0,
                 from /usr/include/c++/4.8/ostream:38,
                 from /usr/include/c++/4.8/iostream:39,
                 from ../src/ds_emplist.cpp:1:
/usr/include/c++/4.8/bits/ios_base.h: In copy constructor ‘std::basic_ios<char>::basic_ios(const std::basic_ios<char>&)’:
/usr/include/c++/4.8/bits/ios_base.h:792:5: error: ‘std::ios_base::ios_base(const std::ios_base&)’ is private
     ios_base(const ios_base&);
     ^
In file included from /usr/include/c++/4.8/ios:44:0,
                 from /usr/include/c++/4.8/ostream:38,
                 from /usr/include/c++/4.8/iostream:39,
                 from ../src/ds_emplist.cpp:1:
/usr/include/c++/4.8/bits/basic_ios.h:66:11: error: within this context
     class basic_ios : public ios_base
           ^
In file included from /usr/include/c++/4.8/iostream:39:0,
                 from ../src/ds_emplist.cpp:1:
/usr/include/c++/4.8/ostream: In copy constructor ‘std::basic_ostream<char>::basic_ostream(const std::basic_ostream<char>&)’:
/usr/include/c++/4.8/ostream:58:11: note: synthesized method ‘std::basic_ios<char>::basic_ios(const std::basic_ios<char>&)’ first required here 
     class basic_ostream : virtual public basic_ios<_CharT, _Traits>
           ^
../src/ds_emplist.cpp: In function ‘std::ostream operator<<(std::ostream&, employee&)’:
../src/ds_emplist.cpp:27:11: note: synthesized method ‘std::basic_ostream<char>::basic_ostream(const std::basic_ostream<char>&)’ first required here 
    return out;
           ^
../src/ds_emplist.cpp: In function ‘int main()’:
../src/ds_emplist.cpp:35:44: error: ‘emplopyee’ was not declared in this scope
  emp.push_back(emplopyee(101,"vishal",10000));
                                            ^
../src/ds_emplist.cpp:42:24: error: cannot convert ‘std::list<employee>::iterator {aka std::_List_iterator<employee>}’ to ‘int’ in initialization
  for(int itr=emp.begin();itr!=emp.end();++itr)
                        ^
../src/ds_emplist.cpp:42:29: error: no match for ‘operator!=’ (operand types are ‘int’ and ‘std::list<employee>::iterator {aka std::_List_iterator<employee>}’)
  for(int itr=emp.begin();itr!=emp.end();++itr)
                             ^
../src/ds_emplist.cpp:42:29: note: candidates are:
In file included from /usr/include/c++/4.8/iosfwd:40:0,
                 from /usr/include/c++/4.8/ios:38,
                 from /usr/include/c++/4.8/ostream:38,
                 from /usr/include/c++/4.8/iostream:39,
                 from ../src/ds_emplist.cpp:1:
/usr/include/c++/4.8/bits/postypes.h:221:5: note: template<class _StateT> bool std::operator!=(const std::fpos<_StateT>&, const std::fpos<_StateT>&)
     operator!=(const fpos<_StateT>& __lhs, const fpos<_StateT>& __rhs)
src/subdir.mk:18: recipe for target 'src/ds_emplist.o' failed
     ^
/usr/include/c++/4.8/bits/postypes.h:221:5: note:   template argument deduction/substitution failed:
../src/ds_emplist.cpp:42:39: note:   mismatched types ‘const std::fpos<_StateT>’ and ‘int’
  for(int itr=emp.begin();itr!=emp.end();++itr)
                                       ^
In file included from /usr/include/c++/4.8/bits/stl_algobase.h:64:0,
                 from /usr/include/c++/4.8/bits/char_traits.h:39,
                 from /usr/include/c++/4.8/ios:40,
                 from /usr/include/c++/4.8/ostream:38,
                 from /usr/include/c++/4.8/iostream:39,
                 from ../src/ds_emplist.cpp:1:
/usr/include/c++/4.8/bits/stl_pair.h:227:5: note: template<class _T1, class _T2> bool std::operator!=(const std::pair<_T1, _T2>&, const std::pair<_T1, _T2>&)
     operator!=(const pair<_T1, _T2>& __x, const pair<_T1, _T2>& __y)
     ^
/usr/include/c++/4.8/bits/stl_pair.h:227:5: note:   template argument deduction/substitution failed:
../src/ds_emplist.cpp:42:39: note:   mismatched types ‘const std::pair<_T1, _T2>’ and ‘int’
  for(int itr=emp.begin();itr!=emp.end();++itr)
                                       ^
In file included from /usr/include/c++/4.8/bits/stl_algobase.h:67:0,
                 from /usr/include/c++/4.8/bits/char_traits.h:39,
                 from /usr/include/c++/4.8/ios:40,
                 from /usr/include/c++/4.8/ostream:38,
                 from /usr/include/c++/4.8/iostream:39,
                 from ../src/ds_emplist.cpp:1:
/usr/include/c++/4.8/bits/stl_iterator.h:303:5: note: template<class _Iterator> bool std::operator!=(const std::reverse_iterator<_Iterator>&, const std::reverse_iterator<_Iterator>&)
     operator!=(const reverse_iterator<_Iterator>& __x,
     ^
/usr/include/c++/4.8/bits/stl_iterator.h:303:5: note:   template argument deduction/substitution failed:
../src/ds_emplist.cpp:42:39: note:   mismatched types ‘const std::reverse_iterator<_Iterator>’ and ‘int’
  for(int itr=emp.begin();itr!=emp.end();++itr)
                                       ^
In file included from /usr/include/c++/4.8/bits/stl_algobase.h:67:0,
                 from /usr/include/c++/4.8/bits/char_traits.h:39,
                 from /usr/include/c++/4.8/ios:40,
                 from /usr/include/c++/4.8/ostream:38,
                 from /usr/include/c++/4.8/iostream:39,
                 from ../src/ds_emplist.cpp:1:
/usr/include/c++/4.8/bits/stl_iterator.h:353:5: note: template<class _IteratorL, class _IteratorR> bool std::operator!=(const std::reverse_iterator<_Iterator>&, const std::reverse_iterator<_IteratorR>&)
     operator!=(const reverse_iterator<_IteratorL>& __x,
     ^
/usr/include/c++/4.8/bits/stl_iterator.h:353:5: note:   template argument deduction/substitution failed:
../src/ds_emplist.cpp:42:39: note:   mismatched types ‘const std::reverse_iterator<_Iterator>’ and ‘int’
  for(int itr=emp.begin();itr!=emp.end();++itr)
                                       ^
In file included from /usr/include/c++/4.8/string:41:0,
                 from /usr/include/c++/4.8/bits/locale_classes.h:40,
                 from /usr/include/c++/4.8/bits/ios_base.h:41,
                 from /usr/include/c++/4.8/ios:42,
                 from /usr/include/c++/4.8/ostream:38,
                 from /usr/include/c++/4.8/iostream:39,
                 from ../src/ds_emplist.cpp:1:
/usr/include/c++/4.8/bits/allocator.h:138:5: note: template<class _T1, class _T2> bool std::operator!=(const std::allocator<_CharT>&, const std::allocator<_T2>&)
     operator!=(const allocator<_T1>&, const allocator<_T2>&)
     ^
/usr/include/c++/4.8/bits/allocator.h:138:5: note:   template argument deduction/substitution failed:
../src/ds_emplist.cpp:42:39: note:   mismatched types ‘const std::allocator<_CharT>’ and ‘int’
  for(int itr=emp.begin();itr!=emp.end();++itr)
                                       ^
In file included from /usr/include/c++/4.8/string:41:0,
                 from /usr/include/c++/4.8/bits/locale_classes.h:40,
                 from /usr/include/c++/4.8/bits/ios_base.h:41,
                 from /usr/include/c++/4.8/ios:42,
                 from /usr/include/c++/4.8/ostream:38,
                 from /usr/include/c++/4.8/iostream:39,
                 from ../src/ds_emplist.cpp:1:
/usr/include/c++/4.8/bits/allocator.h:143:5: note: template<class _Tp> bool std::operator!=(const std::allocator<_CharT>&, const std::allocator<_CharT>&)
     operator!=(const allocator<_Tp>&, const allocator<_Tp>&)
     ^
/usr/include/c++/4.8/bits/allocator.h:143:5: note:   template argument deduction/substitution failed:
../src/ds_emplist.cpp:42:39: note:   mismatched types ‘const std::allocator<_CharT>’ and ‘int’
  for(int itr=emp.begin();itr!=emp.end();++itr)
                                       ^
In file included from /usr/include/c++/4.8/string:52:0,
                 from /usr/include/c++/4.8/bits/locale_classes.h:40,
                 from /usr/include/c++/4.8/bits/ios_base.h:41,
                 from /usr/include/c++/4.8/ios:42,
                 from /usr/include/c++/4.8/ostream:38,
                 from /usr/include/c++/4.8/iostream:39,
                 from ../src/ds_emplist.cpp:1:
/usr/include/c++/4.8/bits/basic_string.h:2532:5: note: template<class _CharT, class _Traits, class _Alloc> bool std::operator!=(const std::basic_string<_CharT, _Traits, _Alloc>&, const std::basic_string<_CharT, _Traits, _Alloc>&)
     operator!=(const basic_string<_CharT, _Traits, _Alloc>& __lhs,
     ^
/usr/include/c++/4.8/bits/basic_string.h:2532:5: note:   template argument deduction/substitution failed:
../src/ds_emplist.cpp:42:39: note:   mismatched types ‘const std::basic_string<_CharT, _Traits, _Alloc>’ and ‘int’
  for(int itr=emp.begin();itr!=emp.end();++itr)
                                       ^
In file included from /usr/include/c++/4.8/string:52:0,
                 from /usr/include/c++/4.8/bits/locale_classes.h:40,
                 from /usr/include/c++/4.8/bits/ios_base.h:41,
                 from /usr/include/c++/4.8/ios:42,
                 from /usr/include/c++/4.8/ostream:38,
                 from /usr/include/c++/4.8/iostream:39,
                 from ../src/ds_emplist.cpp:1:
/usr/include/c++/4.8/bits/basic_string.h:2544:5: note: template<class _CharT, class _Traits, class _Alloc> bool std::operator!=(const _CharT*, const std::basic_string<_CharT, _Traits, _Alloc>&)
     operator!=(const _CharT* __lhs,
     ^
/usr/include/c++/4.8/bits/basic_string.h:2544:5: note:   template argument deduction/substitution failed:
../src/ds_emplist.cpp:42:39: note:   mismatched types ‘const _CharT*’ and ‘int’
  for(int itr=emp.begin();itr!=emp.end();++itr)
                                       ^
In file included from /usr/include/c++/4.8/string:52:0,
                 from /usr/include/c++/4.8/bits/locale_classes.h:40,
                 from /usr/include/c++/4.8/bits/ios_base.h:41,
                 from /usr/include/c++/4.8/ios:42,
                 from /usr/include/c++/4.8/ostream:38,
                 from /usr/include/c++/4.8/iostream:39,
                 from ../src/ds_emplist.cpp:1:
/usr/include/c++/4.8/bits/basic_string.h:2556:5: note: template<class _CharT, class _Traits, class _Alloc> bool std::operator!=(const std::basic_string<_CharT, _Traits, _Alloc>&, const _CharT*)
     operator!=(const basic_string<_CharT, _Traits, _Alloc>& __lhs,
     ^
/usr/include/c++/4.8/bits/basic_string.h:2556:5: note:   template argument deduction/substitution failed:
../src/ds_emplist.cpp:42:39: note:   mismatched types ‘const std::basic_string<_CharT, _Traits, _Alloc>’ and ‘int’
  for(int itr=emp.begin();itr!=emp.end();++itr)
                                       ^
In file included from /usr/include/c++/4.8/bits/locale_facets.h:48:0,
                 from /usr/include/c++/4.8/bits/basic_ios.h:37,
                 from /usr/include/c++/4.8/ios:44,
                 from /usr/include/c++/4.8/ostream:38,
                 from /usr/include/c++/4.8/iostream:39,
                 from ../src/ds_emplist.cpp:1:
/usr/include/c++/4.8/bits/streambuf_iterator.h:210:5: note: template<class _CharT, class _Traits> bool std::operator!=(const std::istreambuf_iterator<_CharT, _Traits>&, const std::istreambuf_iterator<_CharT, _Traits>&)
     operator!=(const istreambuf_iterator<_CharT, _Traits>& __a,
     ^
/usr/include/c++/4.8/bits/streambuf_iterator.h:210:5: note:   template argument deduction/substitution failed:
../src/ds_emplist.cpp:42:39: note:   mismatched types ‘const std::istreambuf_iterator<_CharT, _Traits>’ and ‘int’
  for(int itr=emp.begin();itr!=emp.end();++itr)
                                       ^
In file included from /usr/include/c++/4.8/iterator:66:0,
                 from ../src/ds_emplist.cpp:4:
/usr/include/c++/4.8/bits/stream_iterator.h:137:5: note: template<class _Tp, class _CharT, class _Traits, class _Dist> bool std::operator!=(const std::istream_iterator<_Tp, _CharT, _Traits, _Dist>&, const std::istream_iterator<_Tp, _CharT, _Traits, _Dist>&)
     operator!=(const istream_iterator<_Tp, _CharT, _Traits, _Dist>& __x,
     ^
/usr/include/c++/4.8/bits/stream_iterator.h:137:5: note:   template argument deduction/substitution failed:
../src/ds_emplist.cpp:42:39: note:   mismatched types ‘const std::istream_iterator<_Tp, _CharT, _Traits, _Dist>’ and ‘int’
  for(int itr=emp.begin();itr!=emp.end();++itr)
                                       ^
In file included from /usr/include/c++/4.8/list:63:0,
                 from ../src/ds_emplist.cpp:5:
/usr/include/c++/4.8/bits/stl_list.h:282:5: note: template<class _Val> bool std::operator!=(const std::_List_iterator<_Tp>&, const std::_List_const_iterator<_Val>&)
     operator!=(const _List_iterator<_Val>& __x,
     ^
/usr/include/c++/4.8/bits/stl_list.h:282:5: note:   template argument deduction/substitution failed:
../src/ds_emplist.cpp:42:39: note:   mismatched types ‘const std::_List_iterator<_Tp>’ and ‘int’
  for(int itr=emp.begin();itr!=emp.end();++itr)
                                       ^
In file included from /usr/include/c++/4.8/list:63:0,
                 from ../src/ds_emplist.cpp:5:
/usr/include/c++/4.8/bits/stl_list.h:1638:5: note: template<class _Tp, class _Alloc> bool std::operator!=(const std::list<_Tp, _Alloc>&, const std::list<_Tp, _Alloc>&)
     operator!=(const list<_Tp, _Alloc>& __x, const list<_Tp, _Alloc>& __y)
     ^
/usr/include/c++/4.8/bits/stl_list.h:1638:5: note:   template argument deduction/substitution failed:
../src/ds_emplist.cpp:42:39: note:   mismatched types ‘const std::list<_Tp, _Alloc>’ and ‘int’
  for(int itr=emp.begin();itr!=emp.end();++itr)
                                       ^
../src/ds_emplist.cpp:43:10: error: invalid type argument of unary ‘*’ (have ‘int’)
   cout<<*itr<<endl;
          ^
make: *** [src/ds_emplist.o] Error 1
14:54:07 **** Incremental Build of configuration Debug for project ds_emplist ****
make all 
Building file: ../src/ds_emplist.cpp
Invoking: GCC C++ Compiler
g++ -O0 -g3 -Wall -c -fmessage-length=0 -MMD -MP -MF"src/ds_emplist.d" -MT"src/ds_emplist.o" -o "src/ds_emplist.o" "../src/ds_emplist.cpp"
In file included from /usr/include/c++/4.8/ios:42:0,
                 from /usr/include/c++/4.8/ostream:38,
                 from /usr/include/c++/4.8/iostream:39,
                 from ../src/ds_emplist.cpp:1:
/usr/include/c++/4.8/bits/ios_base.h: In copy constructor ‘std::basic_ios<char>::basic_ios(const std::basic_ios<char>&)’:
/usr/include/c++/4.8/bits/ios_base.h:792:5: error: ‘std::ios_base::ios_base(const std::ios_base&)’ is private
     ios_base(const ios_base&);
     ^
In file included from /usr/include/c++/4.8/ios:44:0,
                 from /usr/include/c++/4.8/ostream:38,
                 from /usr/include/c++/4.8/iostream:39,
                 from ../src/ds_emplist.cpp:1:
/usr/include/c++/4.8/bits/basic_ios.h:66:11: error: within this context
     class basic_ios : public ios_base
           ^
In file included from /usr/include/c++/4.8/iostream:39:0,
                 from ../src/ds_emplist.cpp:1:
/usr/include/c++/4.8/ostream: In copy constructor ‘std::basic_ostream<char>::basic_ostream(const std::basic_ostream<char>&)’:
/usr/include/c++/4.8/ostream:58:11: note: synthesized method ‘std::basic_ios<char>::basic_ios(const std::basic_ios<char>&)’ first required here 
     class basic_ostream : virtual public basic_ios<_CharT, _Traits>
           ^
../src/ds_emplist.cpp: In function ‘std::ostream operator<<(std::ostream&, employee&)’:
../src/ds_emplist.cpp:27:11: note: synthesized method ‘std::basic_ostream<char>::basic_ostream(const std::basic_ostream<char>&)’ first required here 
    return out;
           ^
../src/ds_emplist.cpp: In function ‘int main()’:
../src/ds_emplist.cpp:42:24: error: cannot convert ‘std::list<employee>::iterator {aka std::_List_iterator<employee>}’ to ‘int’ in initialization
  for(int itr=emp.begin(); itr!=emp.end();  ++itr)
                        ^
../src/ds_emplist.cpp:42:30: error: no match for ‘operator!=’ (operand types are ‘int’ and ‘std::list<employee>::iterator {aka std::_List_iterator<employee>}’)
  for(int itr=emp.begin(); itr!=emp.end();  ++itr)
                              ^
../src/ds_emplist.cpp:42:30: note: candidates are:
In file included from /usr/include/c++/4.8/iosfwd:40:0,
                 from /usr/include/c++/4.8/ios:38,
                 from /usr/include/c++/4.8/ostream:38,
                 from /usr/include/c++/4.8/iostream:39,
                 from ../src/ds_emplist.cpp:1:
/usr/include/c++/4.8/bits/postypes.h:221:5: note: template<class _StateT> bool std::operator!=(const std::fpos<_StateT>&, const std::fpos<_StateT>&)
     operator!=(const fpos<_StateT>& __lhs, const fpos<_StateT>& __rhs)
     ^
/usr/include/c++/4.8/bits/postypes.h:221:5: note:   template argument deduction/substitution failed:
../src/ds_emplist.cpp:42:40: note:   mismatched types ‘const std::fpos<_StateT>’ and ‘int’
  for(int itr=emp.begin(); itr!=emp.end();  ++itr)
                                        ^
In file included from /usr/include/c++/4.8/bits/stl_algobase.h:64:0,
                 from /usr/include/c++/4.8/bits/char_traits.h:39,
                 from /usr/include/c++/4.8/ios:40,
                 from /usr/include/c++/4.8/ostream:38,
                 from /usr/include/c++/4.8/iostream:39,
                 from ../src/ds_emplist.cpp:1:
/usr/include/c++/4.8/bits/stl_pair.h:227:5: note: template<class _T1, class _T2> bool std::operator!=(const std::pair<_T1, _T2>&, const std::pair<_T1, _T2>&)
     operator!=(const pair<_T1, _T2>& __x, const pair<_T1, _T2>& __y)
     ^
/usr/include/c++/4.8/bits/stl_pair.h:227:5: note:   template argument deduction/substitution failed:
../src/ds_emplist.cpp:42:40: note:   mismatched types ‘const std::pair<_T1, _T2>’ and ‘int’
  for(int itr=emp.begin(); itr!=emp.end();  ++itr)
                                        ^
In file included from /usr/include/c++/4.8/bits/stl_algobase.h:67:0,
                 from /usr/include/c++/4.8/bits/char_traits.h:39,
                 from /usr/include/c++/4.8/ios:40,
                 from /usr/include/c++/4.8/ostream:38,
                 from /usr/include/c++/4.8/iostream:39,
                 from ../src/ds_emplist.cpp:1:
/usr/include/c++/4.8/bits/stl_iterator.h:303:5: note: template<class _Iterator> bool std::operator!=(const std::reverse_iterator<_Iterator>&, const std::reverse_iterator<_Iterator>&)
     operator!=(const reverse_iterator<_Iterator>& __x,
     ^
/usr/include/c++/4.8/bits/stl_iterator.h:303:5: note:   template argument deduction/substitution failed:
../src/ds_emplist.cpp:42:40: note:   mismatched types ‘const std::reverse_iterator<_Iterator>’ and ‘int’
  for(int itr=emp.begin(); itr!=emp.end();  ++itr)
                                        ^
In file included from /usr/include/c++/4.8/bits/stl_algobase.h:67:0,
                 from /usr/include/c++/4.8/bits/char_traits.h:39,
                 from /usr/include/c++/4.8/ios:40,
                 from /usr/include/c++/4.8/ostream:38,
                 from /usr/include/c++/4.8/iostream:39,
                 from ../src/ds_emplist.cpp:1:
/usr/include/c++/4.8/bits/stl_iterator.h:353:5: note: template<class _IteratorL, class _IteratorR> bool std::operator!=(const std::reverse_iterator<_Iterator>&, const std::reverse_iterator<_IteratorR>&)
     operator!=(const reverse_iterator<_IteratorL>& __x,
     ^
/usr/include/c++/4.8/bits/stl_iterator.h:353:5: note:   template argument deduction/substitution failed:
../src/ds_emplist.cpp:42:40: note:   mismatched types ‘const std::reverse_iterator<_Iterator>’ and ‘int’
  for(int itr=emp.begin(); itr!=emp.end();  ++itr)
                                        ^
In file included from /usr/include/c++/4.8/string:41:0,
                 from /usr/include/c++/4.8/bits/locale_classes.h:40,
                 from /usr/include/c++/4.8/bits/ios_base.h:41,
                 from /usr/include/c++/4.8/ios:42,
                 from /usr/include/c++/4.8/ostream:38,
                 from /usr/include/c++/4.8/iostream:39,
                 from ../src/ds_emplist.cpp:1:
/usr/include/c++/4.8/bits/allocator.h:138:5: note: template<class _T1, class _T2> bool std::operator!=(const std::allocator<_CharT>&, const std::allocator<_T2>&)
     operator!=(const allocator<_T1>&, const allocator<_T2>&)
     ^
/usr/include/c++/4.8/bits/allocator.h:138:5: note:   template argument deduction/substitution failed:
../src/ds_emplist.cpp:42:40: note:   mismatched types ‘const std::allocator<_CharT>’ and ‘int’
  for(int itr=emp.begin(); itr!=emp.end();  ++itr)
                                        ^
In file included from /usr/include/c++/4.8/string:41:0,
                 from /usr/include/c++/4.8/bits/locale_classes.h:40,
                 from /usr/include/c++/4.8/bits/ios_base.h:41,
                 from /usr/include/c++/4.8/ios:42,
                 from /usr/include/c++/4.8/ostream:38,
                 from /usr/include/c++/4.8/iostream:39,
                 from ../src/ds_emplist.cpp:1:
/usr/include/c++/4.8/bits/allocator.h:143:5: note: template<class _Tp> bool std::operator!=(const std::allocator<_CharT>&, const std::allocator<_CharT>&)
     operator!=(const allocator<_Tp>&, const allocator<_Tp>&)
     ^
/usr/include/c++/4.8/bits/allocator.h:143:5: note:   template argument deduction/substitution failed:
../src/ds_emplist.cpp:42:40: note:   mismatched types ‘const std::allocator<_CharT>’ and ‘int’
  for(int itr=emp.begin(); itr!=emp.end();  ++itr)
                                        ^
In file included from /usr/include/c++/4.8/string:52:0,
                 from /usr/include/c++/4.8/bits/locale_classes.h:40,
                 from /usr/include/c++/4.8/bits/ios_base.h:41,
                 from /usr/include/c++/4.8/ios:42,
                 from /usr/include/c++/4.8/ostream:38,
                 from /usr/include/c++/4.8/iostream:39,
                 from ../src/ds_emplist.cpp:1:
/usr/include/c++/4.8/bits/basic_string.h:2532:5: note: template<class _CharT, class _Traits, class _Alloc> bool std::operator!=(const std::basic_string<_CharT, _Traits, _Alloc>&, const std::basic_string<_CharT, _Traits, _Alloc>&)
src/subdir.mk:18: recipe for target 'src/ds_emplist.o' failed
     operator!=(const basic_string<_CharT, _Traits, _Alloc>& __lhs,
     ^
/usr/include/c++/4.8/bits/basic_string.h:2532:5: note:   template argument deduction/substitution failed:
../src/ds_emplist.cpp:42:40: note:   mismatched types ‘const std::basic_string<_CharT, _Traits, _Alloc>’ and ‘int’
  for(int itr=emp.begin(); itr!=emp.end();  ++itr)
                                        ^
In file included from /usr/include/c++/4.8/string:52:0,
                 from /usr/include/c++/4.8/bits/locale_classes.h:40,
                 from /usr/include/c++/4.8/bits/ios_base.h:41,
                 from /usr/include/c++/4.8/ios:42,
                 from /usr/include/c++/4.8/ostream:38,
                 from /usr/include/c++/4.8/iostream:39,
                 from ../src/ds_emplist.cpp:1:
/usr/include/c++/4.8/bits/basic_string.h:2544:5: note: template<class _CharT, class _Traits, class _Alloc> bool std::operator!=(const _CharT*, const std::basic_string<_CharT, _Traits, _Alloc>&)
     operator!=(const _CharT* __lhs,
     ^
/usr/include/c++/4.8/bits/basic_string.h:2544:5: note:   template argument deduction/substitution failed:
../src/ds_emplist.cpp:42:40: note:   mismatched types ‘const _CharT*’ and ‘int’
  for(int itr=emp.begin(); itr!=emp.end();  ++itr)
                                        ^
In file included from /usr/include/c++/4.8/string:52:0,
                 from /usr/include/c++/4.8/bits/locale_classes.h:40,
                 from /usr/include/c++/4.8/bits/ios_base.h:41,
                 from /usr/include/c++/4.8/ios:42,
                 from /usr/include/c++/4.8/ostream:38,
                 from /usr/include/c++/4.8/iostream:39,
                 from ../src/ds_emplist.cpp:1:
/usr/include/c++/4.8/bits/basic_string.h:2556:5: note: template<class _CharT, class _Traits, class _Alloc> bool std::operator!=(const std::basic_string<_CharT, _Traits, _Alloc>&, const _CharT*)
     operator!=(const basic_string<_CharT, _Traits, _Alloc>& __lhs,
     ^
/usr/include/c++/4.8/bits/basic_string.h:2556:5: note:   template argument deduction/substitution failed:
../src/ds_emplist.cpp:42:40: note:   mismatched types ‘const std::basic_string<_CharT, _Traits, _Alloc>’ and ‘int’
  for(int itr=emp.begin(); itr!=emp.end();  ++itr)
                                        ^
In file included from /usr/include/c++/4.8/bits/locale_facets.h:48:0,
                 from /usr/include/c++/4.8/bits/basic_ios.h:37,
                 from /usr/include/c++/4.8/ios:44,
                 from /usr/include/c++/4.8/ostream:38,
                 from /usr/include/c++/4.8/iostream:39,
                 from ../src/ds_emplist.cpp:1:
/usr/include/c++/4.8/bits/streambuf_iterator.h:210:5: note: template<class _CharT, class _Traits> bool std::operator!=(const std::istreambuf_iterator<_CharT, _Traits>&, const std::istreambuf_iterator<_CharT, _Traits>&)
     operator!=(const istreambuf_iterator<_CharT, _Traits>& __a,
     ^
/usr/include/c++/4.8/bits/streambuf_iterator.h:210:5: note:   template argument deduction/substitution failed:
../src/ds_emplist.cpp:42:40: note:   mismatched types ‘const std::istreambuf_iterator<_CharT, _Traits>’ and ‘int’
  for(int itr=emp.begin(); itr!=emp.end();  ++itr)
                                        ^
In file included from /usr/include/c++/4.8/iterator:66:0,
                 from ../src/ds_emplist.cpp:4:
/usr/include/c++/4.8/bits/stream_iterator.h:137:5: note: template<class _Tp, class _CharT, class _Traits, class _Dist> bool std::operator!=(const std::istream_iterator<_Tp, _CharT, _Traits, _Dist>&, const std::istream_iterator<_Tp, _CharT, _Traits, _Dist>&)
     operator!=(const istream_iterator<_Tp, _CharT, _Traits, _Dist>& __x,
     ^
/usr/include/c++/4.8/bits/stream_iterator.h:137:5: note:   template argument deduction/substitution failed:
../src/ds_emplist.cpp:42:40: note:   mismatched types ‘const std::istream_iterator<_Tp, _CharT, _Traits, _Dist>’ and ‘int’
  for(int itr=emp.begin(); itr!=emp.end();  ++itr)
                                        ^
In file included from /usr/include/c++/4.8/list:63:0,
                 from ../src/ds_emplist.cpp:5:
/usr/include/c++/4.8/bits/stl_list.h:282:5: note: template<class _Val> bool std::operator!=(const std::_List_iterator<_Tp>&, const std::_List_const_iterator<_Val>&)
     operator!=(const _List_iterator<_Val>& __x,
     ^
/usr/include/c++/4.8/bits/stl_list.h:282:5: note:   template argument deduction/substitution failed:
../src/ds_emplist.cpp:42:40: note:   mismatched types ‘const std::_List_iterator<_Tp>’ and ‘int’
  for(int itr=emp.begin(); itr!=emp.end();  ++itr)
                                        ^
In file included from /usr/include/c++/4.8/list:63:0,
                 from ../src/ds_emplist.cpp:5:
/usr/include/c++/4.8/bits/stl_list.h:1638:5: note: template<class _Tp, class _Alloc> bool std::operator!=(const std::list<_Tp, _Alloc>&, const std::list<_Tp, _Alloc>&)
     operator!=(const list<_Tp, _Alloc>& __x, const list<_Tp, _Alloc>& __y)
     ^
/usr/include/c++/4.8/bits/stl_list.h:1638:5: note:   template argument deduction/substitution failed:
../src/ds_emplist.cpp:42:40: note:   mismatched types ‘const std::list<_Tp, _Alloc>’ and ‘int’
  for(int itr=emp.begin(); itr!=emp.end();  ++itr)
                                        ^
../src/ds_emplist.cpp:43:10: error: invalid type argument of unary ‘*’ (have ‘int’)
   cout<<*itr<<endl;
          ^
make: *** [src/ds_emplist.o] Error 1
14:54:22 **** Incremental Build of configuration Debug for project ds_emplist ****
make all 
Building file: ../src/ds_emplist.cpp
Invoking: GCC C++ Compiler
g++ -O0 -g3 -Wall -c -fmessage-length=0 -MMD -MP -MF"src/ds_emplist.d" -MT"src/ds_emplist.o" -o "src/ds_emplist.o" "../src/ds_emplist.cpp"
In file included from /usr/include/c++/4.8/ios:42:0,
                 from /usr/include/c++/4.8/ostream:38,
                 from /usr/include/c++/4.8/iostream:39,
                 from ../src/ds_emplist.cpp:1:
/usr/include/c++/4.8/bits/ios_base.h: In copy constructor ‘std::basic_ios<char>::basic_ios(const std::basic_ios<char>&)’:
/usr/include/c++/4.8/bits/ios_base.h:792:5: error: ‘std::ios_base::ios_base(const std::ios_base&)’ is private
     ios_base(const ios_base&);
     ^
In file included from /usr/include/c++/4.8/ios:44:0,
                 from /usr/include/c++/4.8/ostream:38,
                 from /usr/include/c++/4.8/iostream:39,
                 from ../src/ds_emplist.cpp:1:
/usr/include/c++/4.8/bits/basic_ios.h:66:11: error: within this context
     class basic_ios : public ios_base
           ^
In file included from /usr/include/c++/4.8/iostream:39:0,
                 from ../src/ds_emplist.cpp:1:
/usr/include/c++/4.8/ostream: In copy constructor ‘std::basic_ostream<char>::basic_ostream(const std::basic_ostream<char>&)’:
/usr/include/c++/4.8/ostream:58:11: note: synthesized method ‘std::basic_ios<char>::basic_ios(const std::basic_ios<char>&)’ first required here 
     class basic_ostream : virtual public basic_ios<_CharT, _Traits>
           ^
../src/ds_emplist.cpp: In function ‘std::ostream operator<<(std::ostream&, employee&)’:
../src/ds_emplist.cpp:27:11: note: synthesized method ‘std::basic_ostream<char>::basic_ostream(const std::basic_ostream<char>&)’ first required here 
    return out;
           ^
../src/ds_emplist.cpp: In function ‘int main()’:
../src/ds_emplist.cpp:42:24: error: cannot convert ‘std::list<employee>::iterator {aka std::_List_iterator<employee>}’ to ‘int’ in initialization
  for(int itr=emp.begin(); itr!=emp.end();  ++itr)
                        ^
../src/ds_emplist.cpp:42:30: error: no match for ‘operator!=’ (operand types are ‘int’ and ‘std::list<employee>::iterator {aka std::_List_iterator<employee>}’)
  for(int itr=emp.begin(); itr!=emp.end();  ++itr)
                              ^
../src/ds_emplist.cpp:42:30: note: candidates are:
In file included from /usr/include/c++/4.8/iosfwd:40:0,
                 from /usr/include/c++/4.8/ios:38,
                 from /usr/include/c++/4.8/ostream:38,
                 from /usr/include/c++/4.8/iostream:39,
                 from ../src/ds_emplist.cpp:1:
/usr/include/c++/4.8/bits/postypes.h:221:5: note: template<class _StateT> bool std::operator!=(const std::fpos<_StateT>&, const std::fpos<_StateT>&)
     operator!=(const fpos<_StateT>& __lhs, const fpos<_StateT>& __rhs)
     ^
/usr/include/c++/4.8/bits/postypes.h:221:5: note:   template argument deduction/substitution failed:
../src/ds_emplist.cpp:42:40: note:   mismatched types ‘const std::fpos<_StateT>’ and ‘int’
  for(int itr=emp.begin(); itr!=emp.end();  ++itr)
                                        ^
In file included from /usr/include/c++/4.8/bits/stl_algobase.h:64:0,
                 from /usr/include/c++/4.8/bits/char_traits.h:39,
                 from /usr/include/c++/4.8/ios:40,
                 from /usr/include/c++/4.8/ostream:38,
                 from /usr/include/c++/4.8/iostream:39,
                 from ../src/ds_emplist.cpp:1:
/usr/include/c++/4.8/bits/stl_pair.h:227:5: note: template<class _T1, class _T2> bool std::operator!=(const std::pair<_T1, _T2>&, const std::pair<_T1, _T2>&)
     operator!=(const pair<_T1, _T2>& __x, const pair<_T1, _T2>& __y)
     ^
/usr/include/c++/4.8/bits/stl_pair.h:227:5: note:   template argument deduction/substitution failed:
../src/ds_emplist.cpp:42:40: note:   mismatched types ‘const std::pair<_T1, _T2>’ and ‘int’
  for(int itr=emp.begin(); itr!=emp.end();  ++itr)
                                        ^
In file included from /usr/include/c++/4.8/bits/stl_algobase.h:67:0,
                 from /usr/include/c++/4.8/bits/char_traits.h:39,
                 from /usr/include/c++/4.8/ios:40,
                 from /usr/include/c++/4.8/ostream:38,
                 from /usr/include/c++/4.8/iostream:39,
                 from ../src/ds_emplist.cpp:1:
/usr/include/c++/4.8/bits/stl_iterator.h:303:5: note: template<class _Iterator> bool std::operator!=(const std::reverse_iterator<_Iterator>&, const std::reverse_iterator<_Iterator>&)
     operator!=(const reverse_iterator<_Iterator>& __x,
     ^
/usr/include/c++/4.8/bits/stl_iterator.h:303:5: note:   template argument deduction/substitution failed:
../src/ds_emplist.cpp:42:40: note:   mismatched types ‘const std::reverse_iterator<_Iterator>’ and ‘int’
  for(int itr=emp.begin(); itr!=emp.end();  ++itr)
                                        ^
In file included from /usr/include/c++/4.8/bits/stl_algobase.h:67:0,
                 from /usr/include/c++/4.8/bits/char_traits.h:39,
                 from /usr/include/c++/4.8/ios:40,
                 from /usr/include/c++/4.8/ostream:38,
                 from /usr/include/c++/4.8/iostream:39,
                 from ../src/ds_emplist.cpp:1:
/usr/include/c++/4.8/bits/stl_iterator.h:353:5: note: template<class _IteratorL, class _IteratorR> bool std::operator!=(const std::reverse_iterator<_Iterator>&, const std::reverse_iterator<_IteratorR>&)
     operator!=(const reverse_iterator<_IteratorL>& __x,
     ^
/usr/include/c++/4.8/bits/stl_iterator.h:353:5: note:   template argument deduction/substitution failed:
../src/ds_emplist.cpp:42:40: note:   mismatched types ‘const std::reverse_iterator<_Iterator>’ and ‘int’
  for(int itr=emp.begin(); itr!=emp.end();  ++itr)
                                        ^
In file included from /usr/include/c++/4.8/string:41:0,
                 from /usr/include/c++/4.8/bits/locale_classes.h:40,
                 from /usr/include/c++/4.8/bits/ios_base.h:41,
                 from /usr/include/c++/4.8/ios:42,
                 from /usr/include/c++/4.8/ostream:38,
src/subdir.mk:18: recipe for target 'src/ds_emplist.o' failed
                 from /usr/include/c++/4.8/iostream:39,
                 from ../src/ds_emplist.cpp:1:
/usr/include/c++/4.8/bits/allocator.h:138:5: note: template<class _T1, class _T2> bool std::operator!=(const std::allocator<_CharT>&, const std::allocator<_T2>&)
     operator!=(const allocator<_T1>&, const allocator<_T2>&)
     ^
/usr/include/c++/4.8/bits/allocator.h:138:5: note:   template argument deduction/substitution failed:
../src/ds_emplist.cpp:42:40: note:   mismatched types ‘const std::allocator<_CharT>’ and ‘int’
  for(int itr=emp.begin(); itr!=emp.end();  ++itr)
                                        ^
In file included from /usr/include/c++/4.8/string:41:0,
                 from /usr/include/c++/4.8/bits/locale_classes.h:40,
                 from /usr/include/c++/4.8/bits/ios_base.h:41,
                 from /usr/include/c++/4.8/ios:42,
                 from /usr/include/c++/4.8/ostream:38,
                 from /usr/include/c++/4.8/iostream:39,
                 from ../src/ds_emplist.cpp:1:
/usr/include/c++/4.8/bits/allocator.h:143:5: note: template<class _Tp> bool std::operator!=(const std::allocator<_CharT>&, const std::allocator<_CharT>&)
     operator!=(const allocator<_Tp>&, const allocator<_Tp>&)
     ^
/usr/include/c++/4.8/bits/allocator.h:143:5: note:   template argument deduction/substitution failed:
../src/ds_emplist.cpp:42:40: note:   mismatched types ‘const std::allocator<_CharT>’ and ‘int’
  for(int itr=emp.begin(); itr!=emp.end();  ++itr)
                                        ^
In file included from /usr/include/c++/4.8/string:52:0,
                 from /usr/include/c++/4.8/bits/locale_classes.h:40,
                 from /usr/include/c++/4.8/bits/ios_base.h:41,
                 from /usr/include/c++/4.8/ios:42,
                 from /usr/include/c++/4.8/ostream:38,
                 from /usr/include/c++/4.8/iostream:39,
                 from ../src/ds_emplist.cpp:1:
/usr/include/c++/4.8/bits/basic_string.h:2532:5: note: template<class _CharT, class _Traits, class _Alloc> bool std::operator!=(const std::basic_string<_CharT, _Traits, _Alloc>&, const std::basic_string<_CharT, _Traits, _Alloc>&)
     operator!=(const basic_string<_CharT, _Traits, _Alloc>& __lhs,
     ^
/usr/include/c++/4.8/bits/basic_string.h:2532:5: note:   template argument deduction/substitution failed:
../src/ds_emplist.cpp:42:40: note:   mismatched types ‘const std::basic_string<_CharT, _Traits, _Alloc>’ and ‘int’
  for(int itr=emp.begin(); itr!=emp.end();  ++itr)
                                        ^
In file included from /usr/include/c++/4.8/string:52:0,
                 from /usr/include/c++/4.8/bits/locale_classes.h:40,
                 from /usr/include/c++/4.8/bits/ios_base.h:41,
                 from /usr/include/c++/4.8/ios:42,
                 from /usr/include/c++/4.8/ostream:38,
                 from /usr/include/c++/4.8/iostream:39,
                 from ../src/ds_emplist.cpp:1:
/usr/include/c++/4.8/bits/basic_string.h:2544:5: note: template<class _CharT, class _Traits, class _Alloc> bool std::operator!=(const _CharT*, const std::basic_string<_CharT, _Traits, _Alloc>&)
     operator!=(const _CharT* __lhs,
     ^
/usr/include/c++/4.8/bits/basic_string.h:2544:5: note:   template argument deduction/substitution failed:
../src/ds_emplist.cpp:42:40: note:   mismatched types ‘const _CharT*’ and ‘int’
  for(int itr=emp.begin(); itr!=emp.end();  ++itr)
                                        ^
In file included from /usr/include/c++/4.8/string:52:0,
                 from /usr/include/c++/4.8/bits/locale_classes.h:40,
                 from /usr/include/c++/4.8/bits/ios_base.h:41,
                 from /usr/include/c++/4.8/ios:42,
                 from /usr/include/c++/4.8/ostream:38,
                 from /usr/include/c++/4.8/iostream:39,
                 from ../src/ds_emplist.cpp:1:
/usr/include/c++/4.8/bits/basic_string.h:2556:5: note: template<class _CharT, class _Traits, class _Alloc> bool std::operator!=(const std::basic_string<_CharT, _Traits, _Alloc>&, const _CharT*)
     operator!=(const basic_string<_CharT, _Traits, _Alloc>& __lhs,
     ^
/usr/include/c++/4.8/bits/basic_string.h:2556:5: note:   template argument deduction/substitution failed:
../src/ds_emplist.cpp:42:40: note:   mismatched types ‘const std::basic_string<_CharT, _Traits, _Alloc>’ and ‘int’
  for(int itr=emp.begin(); itr!=emp.end();  ++itr)
                                        ^
In file included from /usr/include/c++/4.8/bits/locale_facets.h:48:0,
                 from /usr/include/c++/4.8/bits/basic_ios.h:37,
                 from /usr/include/c++/4.8/ios:44,
                 from /usr/include/c++/4.8/ostream:38,
                 from /usr/include/c++/4.8/iostream:39,
                 from ../src/ds_emplist.cpp:1:
/usr/include/c++/4.8/bits/streambuf_iterator.h:210:5: note: template<class _CharT, class _Traits> bool std::operator!=(const std::istreambuf_iterator<_CharT, _Traits>&, const std::istreambuf_iterator<_CharT, _Traits>&)
     operator!=(const istreambuf_iterator<_CharT, _Traits>& __a,
     ^
/usr/include/c++/4.8/bits/streambuf_iterator.h:210:5: note:   template argument deduction/substitution failed:
../src/ds_emplist.cpp:42:40: note:   mismatched types ‘const std::istreambuf_iterator<_CharT, _Traits>’ and ‘int’
  for(int itr=emp.begin(); itr!=emp.end();  ++itr)
                                        ^
In file included from /usr/include/c++/4.8/iterator:66:0,
                 from ../src/ds_emplist.cpp:4:
/usr/include/c++/4.8/bits/stream_iterator.h:137:5: note: template<class _Tp, class _CharT, class _Traits, class _Dist> bool std::operator!=(const std::istream_iterator<_Tp, _CharT, _Traits, _Dist>&, const std::istream_iterator<_Tp, _CharT, _Traits, _Dist>&)
     operator!=(const istream_iterator<_Tp, _CharT, _Traits, _Dist>& __x,
     ^
/usr/include/c++/4.8/bits/stream_iterator.h:137:5: note:   template argument deduction/substitution failed:
../src/ds_emplist.cpp:42:40: note:   mismatched types ‘const std::istream_iterator<_Tp, _CharT, _Traits, _Dist>’ and ‘int’
  for(int itr=emp.begin(); itr!=emp.end();  ++itr)
                                        ^
In file included from /usr/include/c++/4.8/list:63:0,
                 from ../src/ds_emplist.cpp:5:
/usr/include/c++/4.8/bits/stl_list.h:282:5: note: template<class _Val> bool std::operator!=(const std::_List_iterator<_Tp>&, const std::_List_const_iterator<_Val>&)
     operator!=(const _List_iterator<_Val>& __x,
     ^
/usr/include/c++/4.8/bits/stl_list.h:282:5: note:   template argument deduction/substitution failed:
../src/ds_emplist.cpp:42:40: note:   mismatched types ‘const std::_List_iterator<_Tp>’ and ‘int’
  for(int itr=emp.begin(); itr!=emp.end();  ++itr)
                                        ^
In file included from /usr/include/c++/4.8/list:63:0,
                 from ../src/ds_emplist.cpp:5:
/usr/include/c++/4.8/bits/stl_list.h:1638:5: note: template<class _Tp, class _Alloc> bool std::operator!=(const std::list<_Tp, _Alloc>&, const std::list<_Tp, _Alloc>&)
     operator!=(const list<_Tp, _Alloc>& __x, const list<_Tp, _Alloc>& __y)
     ^
/usr/include/c++/4.8/bits/stl_list.h:1638:5: note:   template argument deduction/substitution failed:
../src/ds_emplist.cpp:42:40: note:   mismatched types ‘const std::list<_Tp, _Alloc>’ and ‘int’
  for(int itr=emp.begin(); itr!=emp.end();  ++itr)
                                        ^
../src/ds_emplist.cpp:43:11: error: invalid type argument of unary ‘*’ (have ‘int’)
   cout<< *itr  <<endl;
           ^
make: *** [src/ds_emplist.o] Error 1
14:55:06 **** Incremental Build of configuration Debug for project ds_emplist ****
make all 
Building file: ../src/ds_emplist.cpp
Invoking: GCC C++ Compiler
g++ -O0 -g3 -Wall -c -fmessage-length=0 -MMD -MP -MF"src/ds_emplist.d" -MT"src/ds_emplist.o" -o "src/ds_emplist.o" "../src/ds_emplist.cpp"
In file included from /usr/include/c++/4.8/ios:42:0,
                 from /usr/include/c++/4.8/ostream:38,
                 from /usr/include/c++/4.8/iostream:39,
                 from ../src/ds_emplist.cpp:1:
/usr/include/c++/4.8/bits/ios_base.h: In copy constructor ‘std::basic_ios<char>::basic_ios(const std::basic_ios<char>&)’:
/usr/include/c++/4.8/bits/ios_base.h:792:5: error: ‘std::ios_base::ios_base(const std::ios_base&)’ is private
     ios_base(const ios_base&);
     ^
In file included from /usr/include/c++/4.8/ios:44:0,
                 from /usr/include/c++/4.8/ostream:38,
                 from /usr/include/c++/4.8/iostream:39,
                 from ../src/ds_emplist.cpp:1:
/usr/include/c++/4.8/bits/basic_ios.h:66:11: error: within this context
     class basic_ios : public ios_base
           ^
In file included from /usr/include/c++/4.8/iostream:39:0,
                 from ../src/ds_emplist.cpp:1:
/usr/include/c++/4.8/ostream: In copy constructor ‘std::basic_ostream<char>::basic_ostream(const std::basic_ostream<char>&)’:
/usr/include/c++/4.8/ostream:58:11: note: synthesized method ‘std::basic_ios<char>::basic_ios(const std::basic_ios<char>&)’ first required here 
     class basic_ostream : virtual public basic_ios<_CharT, _Traits>
           ^
../src/ds_emplist.cpp: In function ‘std::ostream operator<<(std::ostream&, employee&)’:
../src/ds_emplist.cpp:27:11: note: synthesized method ‘std::basic_ostream<char>::basic_ostream(const std::basic_ostream<char>&)’ first required here 
    return out;
           ^
../src/ds_emplist.cpp: In function ‘int main()’:
../src/ds_emplist.cpp:42:24: error: cannot convert ‘std::list<employee>::iterator {aka std::_List_iterator<employee>}’ to ‘int’ in initialization
  for(int itr=emp.begin(); itr!=emp.end();  ++itr)
                        ^
../src/ds_emplist.cpp:42:30: error: no match for ‘operator!=’ (operand types are ‘int’ and ‘std::list<employee>::iterator {aka std::_List_iterator<employee>}’)
  for(int itr=emp.begin(); itr!=emp.end();  ++itr)
                              ^
../src/ds_emplist.cpp:42:30: note: candidates are:
In file included from /usr/include/c++/4.8/iosfwd:40:0,
                 from /usr/include/c++/4.8/ios:38,
                 from /usr/include/c++/4.8/ostream:38,
                 from /usr/include/c++/4.8/iostream:39,
                 from ../src/ds_emplist.cpp:1:
/usr/include/c++/4.8/bits/postypes.h:221:5: note: template<class _StateT> bool std::operator!=(const std::fpos<_StateT>&, const std::fpos<_StateT>&)
     operator!=(const fpos<_StateT>& __lhs, const fpos<_StateT>& __rhs)
     ^
/usr/include/c++/4.8/bits/postypes.h:221:5: note:   template argument deduction/substitution failed:
../src/ds_emplist.cpp:42:40: note:   mismatched types ‘const std::fpos<_StateT>’ and ‘int’
  for(int itr=emp.begin(); itr!=emp.end();  ++itr)
                                        ^
In file included from /usr/include/c++/4.8/bits/stl_algobase.h:64:0,
                 from /usr/include/c++/4.8/bits/char_traits.h:39,
                 from /usr/include/c++/4.8/ios:40,
                 from /usr/include/c++/4.8/ostream:38,
                 from /usr/include/c++/4.8/iostream:39,
                 from ../src/ds_emplist.cpp:1:
/usr/include/c++/4.8/bits/stl_pair.h:227:5: note: template<class _T1, class _T2> bool std::operator!=(const std::pair<_T1, _T2>&, const std::pair<_T1, _T2>&)
     operator!=(const pair<_T1, _T2>& __x, const pair<_T1, _T2>& __y)
     ^
/usr/include/c++/4.8/bits/stl_pair.h:227:5: note:   template argument deduction/substitution failed:
../src/ds_emplist.cpp:42:40: note:   mismatched types ‘const std::pair<_T1, _T2>’ and ‘int’
  for(int itr=emp.begin(); itr!=emp.end();  ++itr)
                                        ^
In file included from /usr/include/c++/4.8/bits/stl_algobase.h:67:0,
                 from /usr/include/c++/4.8/bits/char_traits.h:39,
                 from /usr/include/c++/4.8/ios:40,
                 from /usr/include/c++/4.8/ostream:38,
                 from /usr/include/c++/4.8/iostream:39,
                 from ../src/ds_emplist.cpp:1:
/usr/include/c++/4.8/bits/stl_iterator.h:303:5: note: template<class _Iterator> bool std::operator!=(const std::reverse_iterator<_Iterator>&, const std::reverse_iterator<_Iterator>&)
     operator!=(const reverse_iterator<_Iterator>& __x,
     ^
/usr/include/c++/4.8/bits/stl_iterator.h:303:5: note:   template argument deduction/substitution failed:
../src/ds_emplist.cpp:42:40: note:   mismatched types ‘const std::reverse_iterator<_Iterator>’ and ‘int’
  for(int itr=emp.begin(); itr!=emp.end();  ++itr)
                                        ^
In file included from /usr/include/c++/4.8/bits/stl_algobase.h:67:0,
                 from /usr/include/c++/4.8/bits/char_traits.h:39,
                 from /usr/include/c++/4.8/ios:40,
                 from /usr/include/c++/4.8/ostream:38,
src/subdir.mk:18: recipe for target 'src/ds_emplist.o' failed
                 from /usr/include/c++/4.8/iostream:39,
                 from ../src/ds_emplist.cpp:1:
/usr/include/c++/4.8/bits/stl_iterator.h:353:5: note: template<class _IteratorL, class _IteratorR> bool std::operator!=(const std::reverse_iterator<_Iterator>&, const std::reverse_iterator<_IteratorR>&)
     operator!=(const reverse_iterator<_IteratorL>& __x,
     ^
/usr/include/c++/4.8/bits/stl_iterator.h:353:5: note:   template argument deduction/substitution failed:
../src/ds_emplist.cpp:42:40: note:   mismatched types ‘const std::reverse_iterator<_Iterator>’ and ‘int’
  for(int itr=emp.begin(); itr!=emp.end();  ++itr)
                                        ^
In file included from /usr/include/c++/4.8/string:41:0,
                 from /usr/include/c++/4.8/bits/locale_classes.h:40,
                 from /usr/include/c++/4.8/bits/ios_base.h:41,
                 from /usr/include/c++/4.8/ios:42,
                 from /usr/include/c++/4.8/ostream:38,
                 from /usr/include/c++/4.8/iostream:39,
                 from ../src/ds_emplist.cpp:1:
/usr/include/c++/4.8/bits/allocator.h:138:5: note: template<class _T1, class _T2> bool std::operator!=(const std::allocator<_CharT>&, const std::allocator<_T2>&)
     operator!=(const allocator<_T1>&, const allocator<_T2>&)
     ^
/usr/include/c++/4.8/bits/allocator.h:138:5: note:   template argument deduction/substitution failed:
../src/ds_emplist.cpp:42:40: note:   mismatched types ‘const std::allocator<_CharT>’ and ‘int’
  for(int itr=emp.begin(); itr!=emp.end();  ++itr)
                                        ^
In file included from /usr/include/c++/4.8/string:41:0,
                 from /usr/include/c++/4.8/bits/locale_classes.h:40,
                 from /usr/include/c++/4.8/bits/ios_base.h:41,
                 from /usr/include/c++/4.8/ios:42,
                 from /usr/include/c++/4.8/ostream:38,
                 from /usr/include/c++/4.8/iostream:39,
                 from ../src/ds_emplist.cpp:1:
/usr/include/c++/4.8/bits/allocator.h:143:5: note: template<class _Tp> bool std::operator!=(const std::allocator<_CharT>&, const std::allocator<_CharT>&)
     operator!=(const allocator<_Tp>&, const allocator<_Tp>&)
     ^
/usr/include/c++/4.8/bits/allocator.h:143:5: note:   template argument deduction/substitution failed:
../src/ds_emplist.cpp:42:40: note:   mismatched types ‘const std::allocator<_CharT>’ and ‘int’
  for(int itr=emp.begin(); itr!=emp.end();  ++itr)
                                        ^
In file included from /usr/include/c++/4.8/string:52:0,
                 from /usr/include/c++/4.8/bits/locale_classes.h:40,
                 from /usr/include/c++/4.8/bits/ios_base.h:41,
                 from /usr/include/c++/4.8/ios:42,
                 from /usr/include/c++/4.8/ostream:38,
                 from /usr/include/c++/4.8/iostream:39,
                 from ../src/ds_emplist.cpp:1:
/usr/include/c++/4.8/bits/basic_string.h:2532:5: note: template<class _CharT, class _Traits, class _Alloc> bool std::operator!=(const std::basic_string<_CharT, _Traits, _Alloc>&, const std::basic_string<_CharT, _Traits, _Alloc>&)
     operator!=(const basic_string<_CharT, _Traits, _Alloc>& __lhs,
     ^
/usr/include/c++/4.8/bits/basic_string.h:2532:5: note:   template argument deduction/substitution failed:
../src/ds_emplist.cpp:42:40: note:   mismatched types ‘const std::basic_string<_CharT, _Traits, _Alloc>’ and ‘int’
  for(int itr=emp.begin(); itr!=emp.end();  ++itr)
                                        ^
In file included from /usr/include/c++/4.8/string:52:0,
                 from /usr/include/c++/4.8/bits/locale_classes.h:40,
                 from /usr/include/c++/4.8/bits/ios_base.h:41,
                 from /usr/include/c++/4.8/ios:42,
                 from /usr/include/c++/4.8/ostream:38,
                 from /usr/include/c++/4.8/iostream:39,
                 from ../src/ds_emplist.cpp:1:
/usr/include/c++/4.8/bits/basic_string.h:2544:5: note: template<class _CharT, class _Traits, class _Alloc> bool std::operator!=(const _CharT*, const std::basic_string<_CharT, _Traits, _Alloc>&)
     operator!=(const _CharT* __lhs,
     ^
/usr/include/c++/4.8/bits/basic_string.h:2544:5: note:   template argument deduction/substitution failed:
../src/ds_emplist.cpp:42:40: note:   mismatched types ‘const _CharT*’ and ‘int’
  for(int itr=emp.begin(); itr!=emp.end();  ++itr)
                                        ^
In file included from /usr/include/c++/4.8/string:52:0,
                 from /usr/include/c++/4.8/bits/locale_classes.h:40,
                 from /usr/include/c++/4.8/bits/ios_base.h:41,
                 from /usr/include/c++/4.8/ios:42,
                 from /usr/include/c++/4.8/ostream:38,
                 from /usr/include/c++/4.8/iostream:39,
                 from ../src/ds_emplist.cpp:1:
/usr/include/c++/4.8/bits/basic_string.h:2556:5: note: template<class _CharT, class _Traits, class _Alloc> bool std::operator!=(const std::basic_string<_CharT, _Traits, _Alloc>&, const _CharT*)
     operator!=(const basic_string<_CharT, _Traits, _Alloc>& __lhs,
     ^
/usr/include/c++/4.8/bits/basic_string.h:2556:5: note:   template argument deduction/substitution failed:
../src/ds_emplist.cpp:42:40: note:   mismatched types ‘const std::basic_string<_CharT, _Traits, _Alloc>’ and ‘int’
  for(int itr=emp.begin(); itr!=emp.end();  ++itr)
                                        ^
In file included from /usr/include/c++/4.8/bits/locale_facets.h:48:0,
                 from /usr/include/c++/4.8/bits/basic_ios.h:37,
                 from /usr/include/c++/4.8/ios:44,
                 from /usr/include/c++/4.8/ostream:38,
                 from /usr/include/c++/4.8/iostream:39,
                 from ../src/ds_emplist.cpp:1:
/usr/include/c++/4.8/bits/streambuf_iterator.h:210:5: note: template<class _CharT, class _Traits> bool std::operator!=(const std::istreambuf_iterator<_CharT, _Traits>&, const std::istreambuf_iterator<_CharT, _Traits>&)
     operator!=(const istreambuf_iterator<_CharT, _Traits>& __a,
     ^
/usr/include/c++/4.8/bits/streambuf_iterator.h:210:5: note:   template argument deduction/substitution failed:
../src/ds_emplist.cpp:42:40: note:   mismatched types ‘const std::istreambuf_iterator<_CharT, _Traits>’ and ‘int’
  for(int itr=emp.begin(); itr!=emp.end();  ++itr)
                                        ^
In file included from /usr/include/c++/4.8/iterator:66:0,
                 from ../src/ds_emplist.cpp:4:
/usr/include/c++/4.8/bits/stream_iterator.h:137:5: note: template<class _Tp, class _CharT, class _Traits, class _Dist> bool std::operator!=(const std::istream_iterator<_Tp, _CharT, _Traits, _Dist>&, const std::istream_iterator<_Tp, _CharT, _Traits, _Dist>&)
     operator!=(const istream_iterator<_Tp, _CharT, _Traits, _Dist>& __x,
     ^
/usr/include/c++/4.8/bits/stream_iterator.h:137:5: note:   template argument deduction/substitution failed:
../src/ds_emplist.cpp:42:40: note:   mismatched types ‘const std::istream_iterator<_Tp, _CharT, _Traits, _Dist>’ and ‘int’
  for(int itr=emp.begin(); itr!=emp.end();  ++itr)
                                        ^
In file included from /usr/include/c++/4.8/list:63:0,
                 from ../src/ds_emplist.cpp:5:
/usr/include/c++/4.8/bits/stl_list.h:282:5: note: template<class _Val> bool std::operator!=(const std::_List_iterator<_Tp>&, const std::_List_const_iterator<_Val>&)
     operator!=(const _List_iterator<_Val>& __x,
     ^
/usr/include/c++/4.8/bits/stl_list.h:282:5: note:   template argument deduction/substitution failed:
../src/ds_emplist.cpp:42:40: note:   mismatched types ‘const std::_List_iterator<_Tp>’ and ‘int’
  for(int itr=emp.begin(); itr!=emp.end();  ++itr)
                                        ^
In file included from /usr/include/c++/4.8/list:63:0,
                 from ../src/ds_emplist.cpp:5:
/usr/include/c++/4.8/bits/stl_list.h:1638:5: note: template<class _Tp, class _Alloc> bool std::operator!=(const std::list<_Tp, _Alloc>&, const std::list<_Tp, _Alloc>&)
     operator!=(const list<_Tp, _Alloc>& __x, const list<_Tp, _Alloc>& __y)
     ^
/usr/include/c++/4.8/bits/stl_list.h:1638:5: note:   template argument deduction/substitution failed:
../src/ds_emplist.cpp:42:40: note:   mismatched types ‘const std::list<_Tp, _Alloc>’ and ‘int’
  for(int itr=emp.begin(); itr!=emp.end();  ++itr)
                                        ^
../src/ds_emplist.cpp:43:11: error: invalid type argument of unary ‘*’ (have ‘int’)
   cout<< *itr  <<endl;
           ^
make: *** [src/ds_emplist.o] Error 1
14:57:04 **** Incremental Build of configuration Debug for project ds_emplist ****
make all 
Building file: ../src/ds_emplist.cpp
Invoking: GCC C++ Compiler
g++ -O0 -g3 -Wall -c -fmessage-length=0 -MMD -MP -MF"src/ds_emplist.d" -MT"src/ds_emplist.o" -o "src/ds_emplist.o" "../src/ds_emplist.cpp"
In file included from /usr/include/c++/4.8/ios:42:0,
                 from /usr/include/c++/4.8/ostream:38,
                 from /usr/include/c++/4.8/iostream:39,
                 from ../src/ds_emplist.cpp:1:
/usr/include/c++/4.8/bits/ios_base.h: In copy constructor ‘std::basic_ios<char>::basic_ios(const std::basic_ios<char>&)’:
/usr/include/c++/4.8/bits/ios_base.h:792:5: error: ‘std::ios_base::ios_base(const std::ios_base&)’ is private
     ios_base(const ios_base&);
     ^
In file included from /usr/include/c++/4.8/ios:44:0,
                 from /usr/include/c++/4.8/ostream:38,
                 from /usr/include/c++/4.8/iostream:39,
                 from ../src/ds_emplist.cpp:1:
/usr/include/c++/4.8/bits/basic_ios.h:66:11: error: within this context
     class basic_ios : public ios_base
           ^
In file included from /usr/include/c++/4.8/iostream:39:0,
                 from ../src/ds_emplist.cpp:1:
/usr/include/c++/4.8/ostream: In copy constructor ‘std::basic_ostream<char>::basic_ostream(const std::basic_ostream<char>&)’:
/usr/include/c++/4.8/ostream:58:11: note: synthesized method ‘std::basic_ios<char>::basic_ios(const std::basic_ios<char>&)’ first required here 
     class basic_ostream : virtual public basic_ios<_CharT, _Traits>
           ^
../src/ds_emplist.cpp: In function ‘std::ostream operator<<(std::ostream&, employee&)’:
../src/ds_emplist.cpp:27:11: note: synthesized method ‘std::basic_ostream<char>::basic_ostream(const std::basic_ostream<char>&)’ first required here 
    return out;
           ^
../src/ds_emplist.cpp: In function ‘int main()’:
../src/ds_emplist.cpp:43:24: error: cannot convert ‘std::list<employee>::iterator {aka std::_List_iterator<employee>}’ to ‘int’ in initialization
  for(int itr=emp.begin(); itr !=emp.end();  ++itr)
                        ^
../src/ds_emplist.cpp:43:31: error: no match for ‘operator!=’ (operand types are ‘int’ and ‘std::list<employee>::iterator {aka std::_List_iterator<employee>}’)
  for(int itr=emp.begin(); itr !=emp.end();  ++itr)
                               ^
../src/ds_emplist.cpp:43:31: note: candidates are:
In file included from /usr/include/c++/4.8/iosfwd:40:0,
                 from /usr/include/c++/4.8/ios:38,
                 from /usr/include/c++/4.8/ostream:38,
                 from /usr/include/c++/4.8/iostream:39,
                 from ../src/ds_emplist.cpp:1:
/usr/include/c++/4.8/bits/postypes.h:221:5: note: template<class _StateT> bool std::operator!=(const std::fpos<_StateT>&, const std::fpos<_StateT>&)
     operator!=(const fpos<_StateT>& __lhs, const fpos<_StateT>& __rhs)
     ^
/usr/include/c++/4.8/bits/postypes.h:221:5: note:   template argument deduction/substitution failed:
../src/ds_emplist.cpp:43:41: note:   mismatched types ‘const std::fpos<_StateT>’ and ‘int’
  for(int itr=emp.begin(); itr !=emp.end();  ++itr)
                                         ^
In file included from /usr/include/c++/4.8/bits/stl_algobase.h:64:0,
                 from /usr/include/c++/4.8/bits/char_traits.h:39,
                 from /usr/include/c++/4.8/ios:40,
                 from /usr/include/c++/4.8/ostream:38,
                 from /usr/include/c++/4.8/iostream:39,
                 from ../src/ds_emplist.cpp:1:
/usr/include/c++/4.8/bits/stl_pair.h:227:5: note: template<class _T1, class _T2> bool std::operator!=(const std::pair<_T1, _T2>&, const std::pair<_T1, _T2>&)
     operator!=(const pair<_T1, _T2>& __x, const pair<_T1, _T2>& __y)
     ^
/usr/include/c++/4.8/bits/stl_pair.h:227:5: note:   template argument deduction/substitution failed:
../src/ds_emplist.cpp:43:41: note:   mismatched types ‘const std::pair<_T1, _T2>’ and ‘int’
  for(int itr=emp.begin(); itr !=emp.end();  ++itr)
                                         ^
In file included from /usr/include/c++/4.8/bits/stl_algobase.h:67:0,
                 from /usr/include/c++/4.8/bits/char_traits.h:39,
                 from /usr/include/c++/4.8/ios:40,
                 from /usr/include/c++/4.8/ostream:38,
                 from /usr/include/c++/4.8/iostream:39,
                 from ../src/ds_emplist.cpp:1:
/usr/include/c++/4.8/bits/stl_iterator.h:303:5: note: template<class _Iterator> bool std::operator!=(const std::reverse_iterator<_Iterator>&, const std::reverse_iterator<_Iterator>&)
     operator!=(const reverse_iterator<_Iterator>& __x,
     ^
/usr/include/c++/4.8/bits/stl_iterator.h:303:5: note:   template argument deduction/substitution failed:
../src/ds_emplist.cpp:43:41: note:   mismatched types ‘const std::reverse_iterator<_Iterator>’ and ‘int’
  for(int itr=emp.begin(); itr !=emp.end();  ++itr)
                                         ^
In file included from /usr/include/c++/4.8/bits/stl_algobase.h:67:0,
                 from /usr/include/c++/4.8/bits/char_traits.h:39,
                 from /usr/include/c++/4.8/ios:40,
                 from /usr/include/c++/4.8/ostream:38,
                 from /usr/include/c++/4.8/iostream:39,
                 from ../src/ds_emplist.cpp:1:
/usr/include/c++/4.8/bits/stl_iterator.h:353:5: note: template<class _IteratorL, class _IteratorR> bool std::operator!=(const std::reverse_iterator<_Iterator>&, const std::reverse_iterator<_IteratorR>&)
     operator!=(const reverse_iterator<_IteratorL>& __x,
     ^
/usr/include/c++/4.8/bits/stl_iterator.h:353:5: note:   template argument deduction/substitution failed:
../src/ds_emplist.cpp:43:41: note:   mismatched types ‘const std::reverse_iterator<_Iterator>’ and ‘int’
  for(int itr=emp.begin(); itr !=emp.end();  ++itr)
                                         ^
In file included from /usr/include/c++/4.8/string:41:0,
                 from /usr/include/c++/4.8/bits/locale_classes.h:40,
                 from /usr/include/c++/4.8/bits/ios_base.h:41,
                 from /usr/include/c++/4.8/ios:42,
                 from /usr/include/c++/4.8/ostream:38,
                 from /usr/include/c++/4.8/iostream:39,
                 from ../src/ds_emplist.cpp:1:
/usr/include/c++/4.8/bits/allocator.h:138:5: note: template<class _T1, class _T2> bool std::operator!=(const std::allocator<_CharT>&, const std::allocator<_T2>&)
     operator!=(const allocator<_T1>&, const allocator<_T2>&)
     ^
/usr/include/c++/4.8/bits/allocator.h:138:5: note:   template argument deduction/substitution failed:
../src/ds_emplist.cpp:43:41: note:   mismatched types ‘const std::allocator<_CharT>’ and ‘int’
  for(int itr=emp.begin(); itr !=emp.end();  ++itr)
                                         ^
In file included from /usr/include/c++/4.8/string:41:0,
                 from /usr/include/c++/4.8/bits/locale_classes.h:40,
                 from /usr/include/c++/4.8/bits/ios_base.h:41,
                 from /usr/include/c++/4.8/ios:42,
                 from /usr/include/c++/4.8/ostream:38,
                 from /usr/include/c++/4.8/iostream:39,
                 from ../src/ds_emplist.cpp:1:
/usr/include/c++/4.8/bits/allocator.h:143:5: note: template<class _Tp> bool std::operator!=(const std::allocator<_CharT>&, const std::allocator<_CharT>&)
     operator!=(const allocator<_Tp>&, const allocator<_Tp>&)
     ^
/usr/include/c++/4.8/bits/allocator.h:143:5: note:   template argument deduction/substitution failed:
../src/ds_emplist.cpp:43:41: note:   mismatched types ‘const std::allocator<_CharT>’ and ‘int’
src/subdir.mk:18: recipe for target 'src/ds_emplist.o' failed
  for(int itr=emp.begin(); itr !=emp.end();  ++itr)
                                         ^
In file included from /usr/include/c++/4.8/string:52:0,
                 from /usr/include/c++/4.8/bits/locale_classes.h:40,
                 from /usr/include/c++/4.8/bits/ios_base.h:41,
                 from /usr/include/c++/4.8/ios:42,
                 from /usr/include/c++/4.8/ostream:38,
                 from /usr/include/c++/4.8/iostream:39,
                 from ../src/ds_emplist.cpp:1:
/usr/include/c++/4.8/bits/basic_string.h:2532:5: note: template<class _CharT, class _Traits, class _Alloc> bool std::operator!=(const std::basic_string<_CharT, _Traits, _Alloc>&, const std::basic_string<_CharT, _Traits, _Alloc>&)
     operator!=(const basic_string<_CharT, _Traits, _Alloc>& __lhs,
     ^
/usr/include/c++/4.8/bits/basic_string.h:2532:5: note:   template argument deduction/substitution failed:
../src/ds_emplist.cpp:43:41: note:   mismatched types ‘const std::basic_string<_CharT, _Traits, _Alloc>’ and ‘int’
  for(int itr=emp.begin(); itr !=emp.end();  ++itr)
                                         ^
In file included from /usr/include/c++/4.8/string:52:0,
                 from /usr/include/c++/4.8/bits/locale_classes.h:40,
                 from /usr/include/c++/4.8/bits/ios_base.h:41,
                 from /usr/include/c++/4.8/ios:42,
                 from /usr/include/c++/4.8/ostream:38,
                 from /usr/include/c++/4.8/iostream:39,
                 from ../src/ds_emplist.cpp:1:
/usr/include/c++/4.8/bits/basic_string.h:2544:5: note: template<class _CharT, class _Traits, class _Alloc> bool std::operator!=(const _CharT*, const std::basic_string<_CharT, _Traits, _Alloc>&)
     operator!=(const _CharT* __lhs,
     ^
/usr/include/c++/4.8/bits/basic_string.h:2544:5: note:   template argument deduction/substitution failed:
../src/ds_emplist.cpp:43:41: note:   mismatched types ‘const _CharT*’ and ‘int’
  for(int itr=emp.begin(); itr !=emp.end();  ++itr)
                                         ^
In file included from /usr/include/c++/4.8/string:52:0,
                 from /usr/include/c++/4.8/bits/locale_classes.h:40,
                 from /usr/include/c++/4.8/bits/ios_base.h:41,
                 from /usr/include/c++/4.8/ios:42,
                 from /usr/include/c++/4.8/ostream:38,
                 from /usr/include/c++/4.8/iostream:39,
                 from ../src/ds_emplist.cpp:1:
/usr/include/c++/4.8/bits/basic_string.h:2556:5: note: template<class _CharT, class _Traits, class _Alloc> bool std::operator!=(const std::basic_string<_CharT, _Traits, _Alloc>&, const _CharT*)
     operator!=(const basic_string<_CharT, _Traits, _Alloc>& __lhs,
     ^
/usr/include/c++/4.8/bits/basic_string.h:2556:5: note:   template argument deduction/substitution failed:
../src/ds_emplist.cpp:43:41: note:   mismatched types ‘const std::basic_string<_CharT, _Traits, _Alloc>’ and ‘int’
  for(int itr=emp.begin(); itr !=emp.end();  ++itr)
                                         ^
In file included from /usr/include/c++/4.8/bits/locale_facets.h:48:0,
                 from /usr/include/c++/4.8/bits/basic_ios.h:37,
                 from /usr/include/c++/4.8/ios:44,
                 from /usr/include/c++/4.8/ostream:38,
                 from /usr/include/c++/4.8/iostream:39,
                 from ../src/ds_emplist.cpp:1:
/usr/include/c++/4.8/bits/streambuf_iterator.h:210:5: note: template<class _CharT, class _Traits> bool std::operator!=(const std::istreambuf_iterator<_CharT, _Traits>&, const std::istreambuf_iterator<_CharT, _Traits>&)
     operator!=(const istreambuf_iterator<_CharT, _Traits>& __a,
     ^
/usr/include/c++/4.8/bits/streambuf_iterator.h:210:5: note:   template argument deduction/substitution failed:
../src/ds_emplist.cpp:43:41: note:   mismatched types ‘const std::istreambuf_iterator<_CharT, _Traits>’ and ‘int’
  for(int itr=emp.begin(); itr !=emp.end();  ++itr)
                                         ^
In file included from /usr/include/c++/4.8/iterator:66:0,
                 from ../src/ds_emplist.cpp:4:
/usr/include/c++/4.8/bits/stream_iterator.h:137:5: note: template<class _Tp, class _CharT, class _Traits, class _Dist> bool std::operator!=(const std::istream_iterator<_Tp, _CharT, _Traits, _Dist>&, const std::istream_iterator<_Tp, _CharT, _Traits, _Dist>&)
     operator!=(const istream_iterator<_Tp, _CharT, _Traits, _Dist>& __x,
     ^
/usr/include/c++/4.8/bits/stream_iterator.h:137:5: note:   template argument deduction/substitution failed:
../src/ds_emplist.cpp:43:41: note:   mismatched types ‘const std::istream_iterator<_Tp, _CharT, _Traits, _Dist>’ and ‘int’
  for(int itr=emp.begin(); itr !=emp.end();  ++itr)
                                         ^
In file included from /usr/include/c++/4.8/list:63:0,
                 from ../src/ds_emplist.cpp:5:
/usr/include/c++/4.8/bits/stl_list.h:282:5: note: template<class _Val> bool std::operator!=(const std::_List_iterator<_Tp>&, const std::_List_const_iterator<_Val>&)
     operator!=(const _List_iterator<_Val>& __x,
     ^
/usr/include/c++/4.8/bits/stl_list.h:282:5: note:   template argument deduction/substitution failed:
../src/ds_emplist.cpp:43:41: note:   mismatched types ‘const std::_List_iterator<_Tp>’ and ‘int’
  for(int itr=emp.begin(); itr !=emp.end();  ++itr)
                                         ^
In file included from /usr/include/c++/4.8/list:63:0,
                 from ../src/ds_emplist.cpp:5:
/usr/include/c++/4.8/bits/stl_list.h:1638:5: note: template<class _Tp, class _Alloc> bool std::operator!=(const std::list<_Tp, _Alloc>&, const std::list<_Tp, _Alloc>&)
     operator!=(const list<_Tp, _Alloc>& __x, const list<_Tp, _Alloc>& __y)
     ^
/usr/include/c++/4.8/bits/stl_list.h:1638:5: note:   template argument deduction/substitution failed:
../src/ds_emplist.cpp:43:41: note:   mismatched types ‘const std::list<_Tp, _Alloc>’ and ‘int’
  for(int itr=emp.begin(); itr !=emp.end();  ++itr)
                                         ^
../src/ds_emplist.cpp:44:11: error: invalid type argument of unary ‘*’ (have ‘int’)
   cout<< *itr  <<endl ;
           ^
make: *** [src/ds_emplist.o] Error 1
15:00:34 **** Incremental Build of configuration Debug for project ds_emplist ****
make all 
Building file: ../src/ds_emplist.cpp
Invoking: GCC C++ Compiler
g++ -O0 -g3 -Wall -c -fmessage-length=0 -MMD -MP -MF"src/ds_emplist.d" -MT"src/ds_emplist.o" -o "src/ds_emplist.o" "../src/ds_emplist.cpp"
In file included from /usr/include/c++/4.8/ios:42:0,
                 from /usr/include/c++/4.8/ostream:38,
                 from /usr/include/c++/4.8/iostream:39,
                 from ../src/ds_emplist.cpp:1:
/usr/include/c++/4.8/bits/ios_base.h: In copy constructor ‘std::basic_ios<char>::basic_ios(const std::basic_ios<char>&)’:
/usr/include/c++/4.8/bits/ios_base.h:792:5: error: ‘std::ios_base::ios_base(const std::ios_base&)’ is private
     ios_base(const ios_base&);
     ^
In file included from /usr/include/c++/4.8/ios:44:0,
                 from /usr/include/c++/4.8/ostream:38,
                 from /usr/include/c++/4.8/iostream:39,
                 from ../src/ds_emplist.cpp:1:
/usr/include/c++/4.8/bits/basic_ios.h:66:11: error: within this context
     class basic_ios : public ios_base
           ^
In file included from /usr/include/c++/4.8/iostream:39:0,
                 from ../src/ds_emplist.cpp:1:
/usr/include/c++/4.8/ostream: In copy constructor ‘std::basic_ostream<char>::basic_ostream(const std::basic_ostream<char>&)’:
/usr/include/c++/4.8/ostream:58:11: note: synthesized method ‘std::basic_ios<char>::basic_ios(const std::basic_ios<char>&)’ first required here 
     class basic_ostream : virtual public basic_ios<_CharT, _Traits>
           ^
../src/ds_emplist.cpp: In function ‘std::ostream operator<<(std::ostream&, employee&)’:
../src/ds_emplist.cpp:27:11: note: synthesized method ‘std::basic_ostream<char>::basic_ostream(const std::basic_ostream<char>&)’ first required here 
    return out;
           ^
make: *** [src/ds_emplist.o] Error 1
src/subdir.mk:18: recipe for target 'src/ds_emplist.o' failed
15:05:14 **** Incremental Build of configuration Debug for project ds_emplist ****
make all 
Building file: ../src/ds_emplist.cpp
Invoking: GCC C++ Compiler
g++ -O0 -g3 -Wall -c -fmessage-length=0 -MMD -MP -MF"src/ds_emplist.d" -MT"src/ds_emplist.o" -o "src/ds_emplist.o" "../src/ds_emplist.cpp"
In file included from /usr/include/c++/4.8/ios:42:0,
                 from /usr/include/c++/4.8/ostream:38,
                 from /usr/include/c++/4.8/iostream:39,
                 from ../src/ds_emplist.cpp:1:
/usr/include/c++/4.8/bits/ios_base.h: In copy constructor ‘std::basic_ios<char>::basic_ios(const std::basic_ios<char>&)’:
/usr/include/c++/4.8/bits/ios_base.h:792:5: error: ‘std::ios_base::ios_base(const std::ios_base&)’ is private
     ios_base(const ios_base&);
     ^
In file included from /usr/include/c++/4.8/ios:44:0,
                 from /usr/include/c++/4.8/ostream:38,
                 from /usr/include/c++/4.8/iostream:39,
                 from ../src/ds_emplist.cpp:1:
/usr/include/c++/4.8/bits/basic_ios.h:66:11: error: within this context
     class basic_ios : public ios_base
           ^
In file included from /usr/include/c++/4.8/iostream:39:0,
                 from ../src/ds_emplist.cpp:1:
/usr/include/c++/4.8/ostream: In copy constructor ‘std::basic_ostream<char>::basic_ostream(const std::basic_ostream<char>&)’:
/usr/include/c++/4.8/ostream:58:11: note: synthesized method ‘std::basic_ios<char>::basic_ios(const std::basic_ios<char>&)’ first required here 
     class basic_ostream : virtual public basic_ios<_CharT, _Traits>
           ^
../src/ds_emplist.cpp: In function ‘std::ostream operator<<(std::ostream&, employee&)’:
../src/ds_emplist.cpp:27:11: note: synthesized method ‘std::basic_ostream<char>::basic_ostream(const std::basic_ostream<char>&)’ first required here 
    return out;
           ^
make: *** [src/ds_emplist.o] Error 1
src/subdir.mk:18: recipe for target 'src/ds_emplist.o' failed
15:06:05 **** Incremental Build of configuration Debug for project ds_emplist ****
make all 
Building file: ../src/ds_emplist.cpp
Invoking: GCC C++ Compiler
g++ -O0 -g3 -Wall -c -fmessage-length=0 -MMD -MP -MF"src/ds_emplist.d" -MT"src/ds_emplist.o" -o "src/ds_emplist.o" "../src/ds_emplist.cpp"
In file included from /usr/include/c++/4.8/ios:42:0,
                 from /usr/include/c++/4.8/ostream:38,
                 from /usr/include/c++/4.8/iostream:39,
                 from ../src/ds_emplist.cpp:1:
/usr/include/c++/4.8/bits/ios_base.h: In copy constructor ‘std::basic_ios<char>::basic_ios(const std::basic_ios<char>&)’:
/usr/include/c++/4.8/bits/ios_base.h:792:5: error: ‘std::ios_base::ios_base(const std::ios_base&)’ is private
     ios_base(const ios_base&);
     ^
In file included from /usr/include/c++/4.8/ios:44:0,
                 from /usr/include/c++/4.8/ostream:38,
                 from /usr/include/c++/4.8/iostream:39,
                 from ../src/ds_emplist.cpp:1:
/usr/include/c++/4.8/bits/basic_ios.h:66:11: error: within this context
     class basic_ios : public ios_base
           ^
In file included from /usr/include/c++/4.8/iostream:39:0,
                 from ../src/ds_emplist.cpp:1:
/usr/include/c++/4.8/ostream: In copy constructor ‘std::basic_ostream<char>::basic_ostream(const std::basic_ostream<char>&)’:
/usr/include/c++/4.8/ostream:58:11: note: synthesized method ‘std::basic_ios<char>::basic_ios(const std::basic_ios<char>&)’ first required here 
     class basic_ostream : virtual public basic_ios<_CharT, _Traits>
           ^
../src/ds_emplist.cpp: In function ‘std::ostream operator<<(std::ostream&, employee&)’:
../src/ds_emplist.cpp:27:11: note: synthesized method ‘std::basic_ostream<char>::basic_ostream(const std::basic_ostream<char>&)’ first required here 
    return out;
           ^
src/subdir.mk:18: recipe for target 'src/ds_emplist.o' failed
make: *** [src/ds_emplist.o] Error 1
15:06:52 **** Incremental Build of configuration Debug for project ds_emplist ****
make all 
Building file: ../src/ds_emplist.cpp
Invoking: GCC C++ Compiler
g++ -O0 -g3 -Wall -c -fmessage-length=0 -MMD -MP -MF"src/ds_emplist.d" -MT"src/ds_emplist.o" -o "src/ds_emplist.o" "../src/ds_emplist.cpp"
Finished building: ../src/ds_emplist.cpp
 
Building target: ds_emplist
Invoking: GCC C++ Linker
g++  -o "ds_emplist"  ./src/ds_emplist.o   
Finished building target: ds_emplist
 
15:07:05 **** Incremental Build of configuration Debug for project ds_emplist ****
make all 
make: Nothing to be done for 'all'.
16:00:59 **** Incremental Build of configuration Debug for project ds_emplist ****
make all 
make: Nothing to be done for 'all'.
16:00:59 **** Build of configuration Debug for project ds_graph01 ****
make all 
Building file: ../src/ds_graph01.cpp
Invoking: GCC C++ Compiler
g++ -O0 -g3 -Wall -c -fmessage-length=0 -MMD -MP -MF"src/ds_graph01.d" -MT"src/ds_graph01.o" -o "src/ds_graph01.o" "../src/ds_graph01.cpp"
../src/ds_graph01.cpp:62:1: error: expected ‘}’ at end of input
 }
 ^
../src/ds_graph01.cpp:62:1: error: expected unqualified-id at end of input
src/subdir.mk:18: recipe for target 'src/ds_graph01.o' failed
make: *** [src/ds_graph01.o] Error 1
16:01:41 **** Incremental Build of configuration Debug for project ds_emplist ****
make all 
make: Nothing to be done for 'all'.
16:01:42 **** Incremental Build of configuration Debug for project ds_graph01 ****
make all 
Building file: ../src/ds_graph01.cpp
Invoking: GCC C++ Compiler
g++ -O0 -g3 -Wall -c -fmessage-length=0 -MMD -MP -MF"src/ds_graph01.d" -MT"src/ds_graph01.o" -o "src/ds_graph01.o" "../src/ds_graph01.cpp"
../src/ds_graph01.cpp:62:1: error: expected ‘}’ at end of input
 }
 ^
../src/ds_graph01.cpp:62:1: error: expected unqualified-id at end of input
make: *** [src/ds_graph01.o] Error 1
src/subdir.mk:18: recipe for target 'src/ds_graph01.o' failed
16:01:54 **** Incremental Build of configuration Debug for project ds_graph01 ****
make all 
Building file: ../src/ds_graph01.cpp
Invoking: GCC C++ Compiler
g++ -O0 -g3 -Wall -c -fmessage-length=0 -MMD -MP -MF"src/ds_graph01.d" -MT"src/ds_graph01.o" -o "src/ds_graph01.o" "../src/ds_graph01.cpp"
../src/ds_graph01.cpp:62:1: error: expected ‘}’ at end of input
 }
 ^
../src/ds_graph01.cpp:62:1: error: expected unqualified-id at end of input
src/subdir.mk:18: recipe for target 'src/ds_graph01.o' failed
make: *** [src/ds_graph01.o] Error 1
16:02:34 **** Incremental Build of configuration Debug for project ds_graph01 ****
make all 
Building file: ../src/ds_graph01.cpp
Invoking: GCC C++ Compiler
g++ -O0 -g3 -Wall -c -fmessage-length=0 -MMD -MP -MF"src/ds_graph01.d" -MT"src/ds_graph01.o" -o "src/ds_graph01.o" "../src/ds_graph01.cpp"
../src/ds_graph01.cpp:62:1: error: expected ‘}’ at end of input
 }
 ^
../src/ds_graph01.cpp:62:1: error: expected unqualified-id at end of input
src/subdir.mk:18: recipe for target 'src/ds_graph01.o' failed
make: *** [src/ds_graph01.o] Error 1
16:04:17 **** Incremental Build of configuration Debug for project ds_graph01 ****
make all 
Building file: ../src/ds_graph01.cpp
Invoking: GCC C++ Compiler
g++ -O0 -g3 -Wall -c -fmessage-length=0 -MMD -MP -MF"src/ds_graph01.d" -MT"src/ds_graph01.o" -o "src/ds_graph01.o" "../src/ds_graph01.cpp"
Finished building: ../src/ds_graph01.cpp
 
Building target: ds_graph01
Invoking: GCC C++ Linker
g++  -o "ds_graph01"  ./src/ds_graph01.o   
Finished building target: ds_graph01
 
16:04:28 **** Incremental Build of configuration Debug for project ds_graph01 ****
make all 
make: Nothing to be done for 'all'.
16:06:03 **** Incremental Build of configuration Debug for project ds_graph01 ****
make all 
make: Nothing to be done for 'all'.
16:06:06 **** Incremental Build of configuration Debug for project ds_graph01 ****
make all 
make: Nothing to be done for 'all'.
17:00:23 **** Build of configuration Debug for project ds_graph02 ****
make all 
Building file: ../src/ds_graph02.cpp
Invoking: GCC C++ Compiler
g++ -O0 -g3 -Wall -c -fmessage-length=0 -MMD -MP -MF"src/ds_graph02.d" -MT"src/ds_graph02.o" -o "src/ds_graph02.o" "../src/ds_graph02.cpp"
Finished building: ../src/ds_graph02.cpp
 
Building target: ds_graph02
Invoking: GCC C++ Linker
g++  -o "ds_graph02"  ./src/ds_graph02.o   
Finished building target: ds_graph02
 
17:00:34 **** Incremental Build of configuration Debug for project ds_graph02 ****
make all 
make: Nothing to be done for 'all'.
17:03:50 **** Incremental Build of configuration Debug for project ds_graph02 ****
make all 
Building file: ../src/ds_graph02.cpp
Invoking: GCC C++ Compiler
g++ -O0 -g3 -Wall -c -fmessage-length=0 -MMD -MP -MF"src/ds_graph02.d" -MT"src/ds_graph02.o" -o "src/ds_graph02.o" "../src/ds_graph02.cpp"
Finished building: ../src/ds_graph02.cpp
 
Building target: ds_graph02
Invoking: GCC C++ Linker
g++  -o "ds_graph02"  ./src/ds_graph02.o   
Finished building target: ds_graph02
 
17:03:58 **** Incremental Build of configuration Debug for project ds_graph02 ****
make all 
make: Nothing to be done for 'all'.
17:27:19 **** Incremental Build of configuration Debug for project ds_graph02 ****
make all 
Building file: ../src/ds_graph02.cpp
Invoking: GCC C++ Compiler
g++ -O0 -g3 -Wall -c -fmessage-length=0 -MMD -MP -MF"src/ds_graph02.d" -MT"src/ds_graph02.o" -o "src/ds_graph02.o" "../src/ds_graph02.cpp"
Finished building: ../src/ds_graph02.cpp
 
Building target: ds_graph02
Invoking: GCC C++ Linker
g++  -o "ds_graph02"  ./src/ds_graph02.o   
Finished building target: ds_graph02
 
17:27:23 **** Incremental Build of configuration Debug for project ds_graph02 ****
make all 
make: Nothing to be done for 'all'.
17:27:26 **** Incremental Build of configuration Debug for project ds_graph02 ****
make all 
make: Nothing to be done for 'all'.
17:27:39 **** Incremental Build of configuration Debug for project ds_graph02 ****
make all 
make: Nothing to be done for 'all'.
17:27:41 **** Incremental Build of configuration Debug for project ds_graph02 ****
make all 
make: Nothing to be done for 'all'.
17:29:16 **** Incremental Build of configuration Debug for project ds_graph02 ****
make all 
make: Nothing to be done for 'all'.
17:29:18 **** Incremental Build of configuration Debug for project ds_graph02 ****
make all 
make: Nothing to be done for 'all'.
17:29:32 **** Incremental Build of configuration Debug for project ds_graph02 ****
make all 
Building file: ../src/ds_graph02.cpp
Invoking: GCC C++ Compiler
g++ -O0 -g3 -Wall -c -fmessage-length=0 -MMD -MP -MF"src/ds_graph02.d" -MT"src/ds_graph02.o" -o "src/ds_graph02.o" "../src/ds_graph02.cpp"
Finished building: ../src/ds_graph02.cpp
 
Building target: ds_graph02
Invoking: GCC C++ Linker
g++  -o "ds_graph02"  ./src/ds_graph02.o   
Finished building target: ds_graph02
 
17:29:34 **** Incremental Build of configuration Debug for project ds_graph02 ****
make all 
make: Nothing to be done for 'all'.
17:30:52 **** Incremental Build of configuration Debug for project ds_graph02 ****
make all 
make: Nothing to be done for 'all'.
17:30:54 **** Incremental Build of configuration Debug for project ds_graph02 ****
make all 
make: Nothing to be done for 'all'.
17:31:59 **** Incremental Build of configuration Debug for project ds_graph02 ****
make all 
Building file: ../src/ds_graph02.cpp
Invoking: GCC C++ Compiler
g++ -O0 -g3 -Wall -c -fmessage-length=0 -MMD -MP -MF"src/ds_graph02.d" -MT"src/ds_graph02.o" -o "src/ds_graph02.o" "../src/ds_graph02.cpp"
Finished building: ../src/ds_graph02.cpp
 
Building target: ds_graph02
Invoking: GCC C++ Linker
g++  -o "ds_graph02"  ./src/ds_graph02.o   
Finished building target: ds_graph02
 
17:32:01 **** Incremental Build of configuration Debug for project ds_graph02 ****
make all 
make: Nothing to be done for 'all'.
17:43:10 **** Incremental Build of configuration Debug for project ds_graph02 ****
make all 
make: Nothing to be done for 'all'.
17:43:10 **** Build of configuration Debug for project ds_graph03 ****
make all 
Building file: ../src/ds_graph03.cpp
Invoking: GCC C++ Compiler
g++ -O0 -g3 -Wall -c -fmessage-length=0 -MMD -MP -MF"src/ds_graph03.d" -MT"src/ds_graph03.o" -o "src/ds_graph03.o" "../src/ds_graph03.cpp"
Finished building: ../src/ds_graph03.cpp
 
Building target: ds_graph03
Invoking: GCC C++ Linker
g++  -o "ds_graph03"  ./src/ds_graph03.o   
Finished building target: ds_graph03
 
17:43:32 **** Incremental Build of configuration Debug for project ds_graph03 ****
make all 
make: Nothing to be done for 'all'.
18:21:30 **** Incremental Build of configuration Debug for project ds_graph03 ****
make all 
Building file: ../src/ds_graph03.cpp
Invoking: GCC C++ Compiler
g++ -O0 -g3 -Wall -c -fmessage-length=0 -MMD -MP -MF"src/ds_graph03.d" -MT"src/ds_graph03.o" -o "src/ds_graph03.o" "../src/ds_graph03.cpp"
Finished building: ../src/ds_graph03.cpp
 
Building target: ds_graph03
Invoking: GCC C++ Linker
g++  -o "ds_graph03"  ./src/ds_graph03.o   
Finished building target: ds_graph03
 
18:21:34 **** Incremental Build of configuration Debug for project ds_graph03 ****
make all 
make: Nothing to be done for 'all'.
18:23:30 **** Incremental Build of configuration Debug for project ds_graph03 ****
make all 
Building file: ../src/ds_graph03.cpp
Invoking: GCC C++ Compiler
g++ -O0 -g3 -Wall -c -fmessage-length=0 -MMD -MP -MF"src/ds_graph03.d" -MT"src/ds_graph03.o" -o "src/ds_graph03.o" "../src/ds_graph03.cpp"
Finished building: ../src/ds_graph03.cpp
 
Building target: ds_graph03
Invoking: GCC C++ Linker
g++  -o "ds_graph03"  ./src/ds_graph03.o   
Finished building target: ds_graph03
 
18:23:32 **** Incremental Build of configuration Debug for project ds_graph03 ****
make all 
make: Nothing to be done for 'all'.
18:24:24 **** Incremental Build of configuration Debug for project ds_graph03 ****
make all 
Building file: ../src/ds_graph03.cpp
Invoking: GCC C++ Compiler
g++ -O0 -g3 -Wall -c -fmessage-length=0 -MMD -MP -MF"src/ds_graph03.d" -MT"src/ds_graph03.o" -o "src/ds_graph03.o" "../src/ds_graph03.cpp"
Finished building: ../src/ds_graph03.cpp
 
Building target: ds_graph03
Invoking: GCC C++ Linker
g++  -o "ds_graph03"  ./src/ds_graph03.o   
Finished building target: ds_graph03
 
18:24:26 **** Incremental Build of configuration Debug for project ds_graph03 ****
make all 
make: Nothing to be done for 'all'.
18:24:43 **** Incremental Build of configuration Debug for project ds_graph03 ****
make all 
Building file: ../src/ds_graph03.cpp
Invoking: GCC C++ Compiler
g++ -O0 -g3 -Wall -c -fmessage-length=0 -MMD -MP -MF"src/ds_graph03.d" -MT"src/ds_graph03.o" -o "src/ds_graph03.o" "../src/ds_graph03.cpp"
Finished building: ../src/ds_graph03.cpp
 
Building target: ds_graph03
Invoking: GCC C++ Linker
g++  -o "ds_graph03"  ./src/ds_graph03.o   
Finished building target: ds_graph03
 
18:24:45 **** Incremental Build of configuration Debug for project ds_graph03 ****
make all 
make: Nothing to be done for 'all'.
18:25:53 **** Incremental Build of configuration Debug for project ds_graph03 ****
make all 
Building file: ../src/ds_graph03.cpp
Invoking: GCC C++ Compiler
g++ -O0 -g3 -Wall -c -fmessage-length=0 -MMD -MP -MF"src/ds_graph03.d" -MT"src/ds_graph03.o" -o "src/ds_graph03.o" "../src/ds_graph03.cpp"
Finished building: ../src/ds_graph03.cpp
 
Building target: ds_graph03
Invoking: GCC C++ Linker
g++  -o "ds_graph03"  ./src/ds_graph03.o   
Finished building target: ds_graph03
 
18:25:55 **** Incremental Build of configuration Debug for project ds_graph03 ****
make all 
make: Nothing to be done for 'all'.
21:46:48 **** Incremental Build of configuration Debug for project ds_graph03 ****
make all 
make: Nothing to be done for 'all'.
21:47:42 **** Incremental Build of configuration Debug for project ds_graph03 ****
make all 
make: Nothing to be done for 'all'.
21:49:48 **** Incremental Build of configuration Debug for project ds_graph03 ****
make all 
Building file: ../src/ds_graph03.cpp
Invoking: GCC C++ Compiler
g++ -O0 -g3 -Wall -c -fmessage-length=0 -MMD -MP -MF"src/ds_graph03.d" -MT"src/ds_graph03.o" -o "src/ds_graph03.o" "../src/ds_graph03.cpp"
Finished building: ../src/ds_graph03.cpp
 
Building target: ds_graph03
Invoking: GCC C++ Linker
g++  -o "ds_graph03"  ./src/ds_graph03.o   
Finished building target: ds_graph03
 
21:49:52 **** Incremental Build of configuration Debug for project ds_graph03 ****
make all 
make: Nothing to be done for 'all'.
21:55:48 **** Incremental Build of configuration Debug for project ds_graph03 ****
make all 
make: Nothing to be done for 'all'.
21:55:49 **** Build of configuration Debug for project ds_graph04 ****
make all 
Building file: ../src/ds_graph04.cpp
Invoking: GCC C++ Compiler
g++ -O0 -g3 -Wall -c -fmessage-length=0 -MMD -MP -MF"src/ds_graph04.d" -MT"src/ds_graph04.o" -o "src/ds_graph04.o" "../src/ds_graph04.cpp"
../src/ds_graph04.cpp:37:18: error: ‘>>’ should be ‘> >’ within a nested template argument list
  vector<list<edge>> gr;
                  ^
src/subdir.mk:18: recipe for target 'src/ds_graph04.o' failed
make: *** [src/ds_graph04.o] Error 1
21:56:23 **** Incremental Build of configuration Debug for project ds_graph03 ****
make all 
make: Nothing to be done for 'all'.
21:56:23 **** Incremental Build of configuration Debug for project ds_graph04 ****
make all 
Building file: ../src/ds_graph04.cpp
Invoking: GCC C++ Compiler
g++ -O0 -g3 -Wall -c -fmessage-length=0 -MMD -MP -MF"src/ds_graph04.d" -MT"src/ds_graph04.o" -o "src/ds_graph04.o" "../src/ds_graph04.cpp"
Finished building: ../src/ds_graph04.cpp
 
Building target: ds_graph04
Invoking: GCC C++ Linker
g++  -o "ds_graph04"  ./src/ds_graph04.o   
Finished building target: ds_graph04
 
21:56:26 **** Incremental Build of configuration Debug for project ds_graph03 ****
make all 
make: Nothing to be done for 'all'.
21:57:27 **** Incremental Build of configuration Debug for project ds_graph04 ****
make all 
make: Nothing to be done for 'all'.
21:57:45 **** Incremental Build of configuration Debug for project ds_graph04 ****
make all 
make: Nothing to be done for 'all'.
22:20:21 **** Incremental Build of configuration Debug for project ds_graph04 ****
make all 
make: Nothing to be done for 'all'.
22:20:23 **** Incremental Build of configuration Debug for project ds_graph04 ****
make all 
make: Nothing to be done for 'all'.
23:19:35 **** Incremental Build of configuration Debug for project ds_graph04 ****
make all 
Building file: ../src/ds_graph04.cpp
Invoking: GCC C++ Compiler
g++ -O0 -g3 -Wall -c -fmessage-length=0 -MMD -MP -MF"src/ds_graph04.d" -MT"src/ds_graph04.o" -o "src/ds_graph04.o" "../src/ds_graph04.cpp"
../src/ds_graph04.cpp:23:19: warning: multi-character character constant [-Wmultichar]
   cout<<other.v<< ' : '<<other.w<<endl;
                   ^
../src/ds_graph04.cpp: In member function ‘void graph::displaygraph()’:
../src/ds_graph04.cpp:70:18: error: no match for ‘operator>>’ (operand types are ‘std::basic_ostream<char>’ and ‘const char [2]’)
    cout<<"["<< i >>"]"<< "->";
                  ^
../src/ds_graph04.cpp:70:18: note: candidates are:
In file included from /usr/include/c++/4.8/string:53:0,
                 from /usr/include/c++/4.8/bits/locale_classes.h:40,
                 from /usr/include/c++/4.8/bits/ios_base.h:41,
                 from /usr/include/c++/4.8/ios:42,
                 from /usr/include/c++/4.8/ostream:38,
                 from /usr/include/c++/4.8/iostream:39,
                 from ../src/ds_graph04.cpp:3:
/usr/include/c++/4.8/bits/basic_string.tcc:996:5: note: template<class _CharT, class _Traits, class _Alloc> std::basic_istream<_CharT, _Traits>& std::operator>>(std::basic_istream<_CharT, _Traits>&, std::basic_string<_CharT, _Traits, _Alloc>&)
     operator>>(basic_istream<_CharT, _Traits>& __in,
     ^
/usr/include/c++/4.8/bits/basic_string.tcc:996:5: note:   template argument deduction/substitution failed:
../src/ds_graph04.cpp:70:20: note:   ‘std::basic_ostream<char>’ is not derived from ‘std::basic_istream<_CharT, _Traits>’
    cout<<"["<< i >>"]"<< "->";
                    ^
In file included from /usr/include/c++/4.8/istream:882:0,
                 from /usr/include/c++/4.8/iostream:40,
                 from ../src/ds_graph04.cpp:3:
/usr/include/c++/4.8/bits/istream.tcc:955:5: note: template<class _CharT2, class _Traits2> std::basic_istream<_CharT, _Traits>& std::operator>>(std::basic_istream<_CharT, _Traits>&, _CharT2*)
     operator>>(basic_istream<_CharT, _Traits>& __in, _CharT* __s)
     ^
/usr/include/c++/4.8/bits/istream.tcc:955:5: note:   template argument deduction/substitution failed:
../src/ds_graph04.cpp:70:20: note:   ‘std::basic_ostream<char>’ is not derived from ‘std::basic_istream<_CharT, _Traits>’
    cout<<"["<< i >>"]"<< "->";
                    ^
In file included from /usr/include/c++/4.8/istream:882:0,
                 from /usr/include/c++/4.8/iostream:40,
                 from ../src/ds_graph04.cpp:3:
/usr/include/c++/4.8/bits/istream.tcc:923:5: note: template<class _CharT, class _Traits> std::basic_istream<_CharT, _Traits>& std::operator>>(std::basic_istream<_CharT, _Traits>&, _CharT&)
     operator>>(basic_istream<_CharT, _Traits>& __in, _CharT& __c)
     ^
/usr/include/c++/4.8/bits/istream.tcc:923:5: note:   template argument deduction/substitution failed:
../src/ds_graph04.cpp:70:20: note:   ‘std::basic_ostream<char>’ is not derived from ‘std::basic_istream<_CharT, _Traits>’
    cout<<"["<< i >>"]"<< "->";
                    ^
In file included from /usr/include/c++/4.8/iostream:40:0,
                 from ../src/ds_graph04.cpp:3:
/usr/include/c++/4.8/istream:727:5: note: template<class _Traits> std::basic_istream<char, _Traits>& std::operator>>(std::basic_istream<char, _Traits>&, unsigned char&)
     operator>>(basic_istream<char, _Traits>& __in, unsigned char& __c)
     ^
/usr/include/c++/4.8/istream:727:5: note:   template argument deduction/substitution failed:
../src/ds_graph04.cpp:70:20: note:   ‘std::basic_ostream<char>’ is not derived from ‘std::basic_istream<char, _Traits>’
    cout<<"["<< i >>"]"<< "->";
                    ^
In file included from /usr/include/c++/4.8/iostream:40:0,
                 from ../src/ds_graph04.cpp:3:
src/subdir.mk:18: recipe for target 'src/ds_graph04.o' failed
/usr/include/c++/4.8/istream:732:5: note: template<class _Traits> std::basic_istream<char, _Traits>& std::operator>>(std::basic_istream<char, _Traits>&, signed char&)
     operator>>(basic_istream<char, _Traits>& __in, signed char& __c)
     ^
/usr/include/c++/4.8/istream:732:5: note:   template argument deduction/substitution failed:
../src/ds_graph04.cpp:70:20: note:   ‘std::basic_ostream<char>’ is not derived from ‘std::basic_istream<char, _Traits>’
    cout<<"["<< i >>"]"<< "->";
                    ^
In file included from /usr/include/c++/4.8/iostream:40:0,
                 from ../src/ds_graph04.cpp:3:
/usr/include/c++/4.8/istream:774:5: note: template<class _Traits> std::basic_istream<char, _Traits>& std::operator>>(std::basic_istream<char, _Traits>&, unsigned char*)
     operator>>(basic_istream<char, _Traits>& __in, unsigned char* __s)
     ^
/usr/include/c++/4.8/istream:774:5: note:   template argument deduction/substitution failed:
../src/ds_graph04.cpp:70:20: note:   ‘std::basic_ostream<char>’ is not derived from ‘std::basic_istream<char, _Traits>’
    cout<<"["<< i >>"]"<< "->";
                    ^
In file included from /usr/include/c++/4.8/iostream:40:0,
                 from ../src/ds_graph04.cpp:3:
/usr/include/c++/4.8/istream:779:5: note: template<class _Traits> std::basic_istream<char, _Traits>& std::operator>>(std::basic_istream<char, _Traits>&, signed char*)
     operator>>(basic_istream<char, _Traits>& __in, signed char* __s)
     ^
/usr/include/c++/4.8/istream:779:5: note:   template argument deduction/substitution failed:
../src/ds_graph04.cpp:70:20: note:   ‘std::basic_ostream<char>’ is not derived from ‘std::basic_istream<char, _Traits>’
    cout<<"["<< i >>"]"<< "->";
                    ^
In file included from ../src/ds_graph04.cpp:5:0:
/usr/include/c++/4.8/iomanip:68:5: note: template<class _CharT, class _Traits> std::basic_istream<_CharT, _Traits>& std::operator>>(std::basic_istream<_CharT, _Traits>&, std::_Resetiosflags)
     operator>>(basic_istream<_CharT, _Traits>& __is, _Resetiosflags __f)
     ^
/usr/include/c++/4.8/iomanip:68:5: note:   template argument deduction/substitution failed:
../src/ds_graph04.cpp:70:20: note:   ‘std::basic_ostream<char>’ is not derived from ‘std::basic_istream<_CharT, _Traits>’
    cout<<"["<< i >>"]"<< "->";
                    ^
In file included from ../src/ds_graph04.cpp:5:0:
/usr/include/c++/4.8/iomanip:98:5: note: template<class _CharT, class _Traits> std::basic_istream<_CharT, _Traits>& std::operator>>(std::basic_istream<_CharT, _Traits>&, std::_Setiosflags)
     operator>>(basic_istream<_CharT, _Traits>& __is, _Setiosflags __f)
     ^
/usr/include/c++/4.8/iomanip:98:5: note:   template argument deduction/substitution failed:
../src/ds_graph04.cpp:70:20: note:   ‘std::basic_ostream<char>’ is not derived from ‘std::basic_istream<_CharT, _Traits>’
    cout<<"["<< i >>"]"<< "->";
                    ^
In file included from ../src/ds_graph04.cpp:5:0:
/usr/include/c++/4.8/iomanip:129:5: note: template<class _CharT, class _Traits> std::basic_istream<_CharT, _Traits>& std::operator>>(std::basic_istream<_CharT, _Traits>&, std::_Setbase)
     operator>>(basic_istream<_CharT, _Traits>& __is, _Setbase __f)
     ^
/usr/include/c++/4.8/iomanip:129:5: note:   template argument deduction/substitution failed:
../src/ds_graph04.cpp:70:20: note:   ‘std::basic_ostream<char>’ is not derived from ‘std::basic_istream<_CharT, _Traits>’
    cout<<"["<< i >>"]"<< "->";
                    ^
In file included from ../src/ds_graph04.cpp:5:0:
/usr/include/c++/4.8/iomanip:167:5: note: template<class _CharT, class _Traits> std::basic_istream<_CharT, _Traits>& std::operator>>(std::basic_istream<_CharT, _Traits>&, std::_Setfill<_CharT>)
     operator>>(basic_istream<_CharT, _Traits>& __is, _Setfill<_CharT> __f)
     ^
/usr/include/c++/4.8/iomanip:167:5: note:   template argument deduction/substitution failed:
../src/ds_graph04.cpp:70:20: note:   ‘std::basic_ostream<char>’ is not derived from ‘std::basic_istream<_CharT, _Traits>’
    cout<<"["<< i >>"]"<< "->";
                    ^
In file included from ../src/ds_graph04.cpp:5:0:
/usr/include/c++/4.8/iomanip:197:5: note: template<class _CharT, class _Traits> std::basic_istream<_CharT, _Traits>& std::operator>>(std::basic_istream<_CharT, _Traits>&, std::_Setprecision)
     operator>>(basic_istream<_CharT, _Traits>& __is, _Setprecision __f)
     ^
/usr/include/c++/4.8/iomanip:197:5: note:   template argument deduction/substitution failed:
../src/ds_graph04.cpp:70:20: note:   ‘std::basic_ostream<char>’ is not derived from ‘std::basic_istream<_CharT, _Traits>’
    cout<<"["<< i >>"]"<< "->";
                    ^
In file included from ../src/ds_graph04.cpp:5:0:
/usr/include/c++/4.8/iomanip:227:5: note: template<class _CharT, class _Traits> std::basic_istream<_CharT, _Traits>& std::operator>>(std::basic_istream<_CharT, _Traits>&, std::_Setw)
     operator>>(basic_istream<_CharT, _Traits>& __is, _Setw __f)
     ^
/usr/include/c++/4.8/iomanip:227:5: note:   template argument deduction/substitution failed:
../src/ds_graph04.cpp:70:20: note:   ‘std::basic_ostream<char>’ is not derived from ‘std::basic_istream<_CharT, _Traits>’
    cout<<"["<< i >>"]"<< "->";
                    ^
../src/ds_graph04.cpp:71:11: error: no match for ‘operator=’ (operand types are ‘std::list<edge>::iterator {aka std::_List_iterator<edge>}’ and ‘std::list<edge>’)
    for(itr=gr[i]; itr!=gr[i].begin(); ++itr)
           ^
../src/ds_graph04.cpp:71:11: note: candidate is:
In file included from /usr/include/c++/4.8/list:63:0,
                 from ../src/ds_graph04.cpp:7:
/usr/include/c++/4.8/bits/stl_list.h:125:12: note: std::_List_iterator<edge>& std::_List_iterator<edge>::operator=(const std::_List_iterator<edge>&)
     struct _List_iterator
            ^
/usr/include/c++/4.8/bits/stl_list.h:125:12: note:   no known conversion for argument 1 from ‘std::list<edge>’ to ‘const std::_List_iterator<edge>&’
make: *** [src/ds_graph04.o] Error 1
23:20:24 **** Incremental Build of configuration Debug for project ds_graph04 ****
make all 
Building file: ../src/ds_graph04.cpp
Invoking: GCC C++ Compiler
g++ -O0 -g3 -Wall -c -fmessage-length=0 -MMD -MP -MF"src/ds_graph04.d" -MT"src/ds_graph04.o" -o "src/ds_graph04.o" "../src/ds_graph04.cpp"
../src/ds_graph04.cpp:23:19: warning: multi-character character constant [-Wmultichar]
   cout<<other.v<< ' : '<<other.w<<endl;
                   ^
../src/ds_graph04.cpp: In member function ‘void graph::displaygraph()’:
../src/ds_graph04.cpp:71:11: error: no match for ‘operator=’ (operand types are ‘std::list<edge>::iterator {aka std::_List_iterator<edge>}’ and ‘std::list<edge>’)
    for(itr=gr[i]; itr!=gr[i].begin(); ++itr)
           ^
../src/ds_graph04.cpp:71:11: note: candidate is:
In file included from /usr/include/c++/4.8/list:63:0,
                 from ../src/ds_graph04.cpp:7:
/usr/include/c++/4.8/bits/stl_list.h:125:12: note: std::_List_iterator<edge>& std::_List_iterator<edge>::operator=(const std::_List_iterator<edge>&)
     struct _List_iterator
            ^
/usr/include/c++/4.8/bits/stl_list.h:125:12: note:   no known conversion for argument 1 from ‘std::list<edge>’ to ‘const std::_List_iterator<edge>&’
src/subdir.mk:18: recipe for target 'src/ds_graph04.o' failed
make: *** [src/ds_graph04.o] Error 1
23:21:04 **** Incremental Build of configuration Debug for project ds_graph04 ****
make all 
Building file: ../src/ds_graph04.cpp
Invoking: GCC C++ Compiler
g++ -O0 -g3 -Wall -c -fmessage-length=0 -MMD -MP -MF"src/ds_graph04.d" -MT"src/ds_graph04.o" -o "src/ds_graph04.o" "../src/ds_graph04.cpp"
../src/ds_graph04.cpp:23:19: warning: multi-character character constant [-Wmultichar]
   cout<<other.v<< ' : '<<other.w<<endl;
                   ^
Finished building: ../src/ds_graph04.cpp
 
Building target: ds_graph04
Invoking: GCC C++ Linker
g++  -o "ds_graph04"  ./src/ds_graph04.o   
Finished building target: ds_graph04
 
23:21:09 **** Incremental Build of configuration Debug for project ds_graph04 ****
make all 
make: Nothing to be done for 'all'.
23:21:26 **** Incremental Build of configuration Debug for project ds_graph04 ****
make all 
make: Nothing to be done for 'all'.
23:22:26 **** Incremental Build of configuration Debug for project ds_graph04 ****
make all 
make: Nothing to be done for 'all'.
23:27:32 **** Incremental Build of configuration Debug for project ds_graph04 ****
make all 
Building file: ../src/ds_graph04.cpp
Invoking: GCC C++ Compiler
g++ -O0 -g3 -Wall -c -fmessage-length=0 -MMD -MP -MF"src/ds_graph04.d" -MT"src/ds_graph04.o" -o "src/ds_graph04.o" "../src/ds_graph04.cpp"
../src/ds_graph04.cpp:23:19: warning: multi-character character constant [-Wmultichar]
   cout<<other.v<< ' : '<<other.w ;
                   ^
Finished building: ../src/ds_graph04.cpp
 
Building target: ds_graph04
Invoking: GCC C++ Linker
g++  -o "ds_graph04"  ./src/ds_graph04.o   
Finished building target: ds_graph04
 
23:28:21 **** Incremental Build of configuration Debug for project ds_graph04 ****
make all 
Building file: ../src/ds_graph04.cpp
Invoking: GCC C++ Compiler
g++ -O0 -g3 -Wall -c -fmessage-length=0 -MMD -MP -MF"src/ds_graph04.d" -MT"src/ds_graph04.o" -o "src/ds_graph04.o" "../src/ds_graph04.cpp"
Finished building: ../src/ds_graph04.cpp
 
Building target: ds_graph04
Invoking: GCC C++ Linker
g++  -o "ds_graph04"  ./src/ds_graph04.o   
Finished building target: ds_graph04
 
23:28:26 **** Incremental Build of configuration Debug for project ds_graph04 ****
make all 
make: Nothing to be done for 'all'.
23:31:36 **** Incremental Build of configuration Debug for project ds_graph04 ****
make all 
make: Nothing to be done for 'all'.
23:31:38 **** Incremental Build of configuration Debug for project ds_graph04 ****
make all 
make: Nothing to be done for 'all'.
23:35:05 **** Incremental Build of configuration Debug for project ds_graph04 ****
make all 
Building file: ../src/ds_graph04.cpp
Invoking: GCC C++ Compiler
g++ -O0 -g3 -Wall -c -fmessage-length=0 -MMD -MP -MF"src/ds_graph04.d" -MT"src/ds_graph04.o" -o "src/ds_graph04.o" "../src/ds_graph04.cpp"
Finished building: ../src/ds_graph04.cpp
 
Building target: ds_graph04
Invoking: GCC C++ Linker
g++  -o "ds_graph04"  ./src/ds_graph04.o   
Finished building target: ds_graph04
 
23:35:07 **** Incremental Build of configuration Debug for project ds_graph04 ****
make all 
make: Nothing to be done for 'all'.
14:55:26 **** Build of configuration Debug for project ds_dijsktras ****
make all 
Building file: ../src/ds_dijsktras.cpp
Invoking: GCC C++ Compiler
g++ -O0 -g3 -Wall -c -fmessage-length=0 -MMD -MP -MF"src/ds_dijsktras.d" -MT"src/ds_dijsktras.o" -o "src/ds_dijsktras.o" "../src/ds_dijsktras.cpp"
../src/ds_dijsktras.cpp:153:2: error: expected ‘}’ at end of input
  }
  ^
../src/ds_dijsktras.cpp: In member function ‘int graph::main()’:
../src/ds_dijsktras.cpp:153:2: warning: no return statement in function returning non-void [-Wreturn-type]
../src/ds_dijsktras.cpp: At global scope:
../src/ds_dijsktras.cpp:153:2: error: expected unqualified-id at end of input
make: *** [src/ds_dijsktras.o] Error 1
src/subdir.mk:18: recipe for target 'src/ds_dijsktras.o' failed
14:55:27 **** Incremental Build of configuration Debug for project ds_graph04 ****
make all 
make: Nothing to be done for 'all'.
14:55:50 **** Incremental Build of configuration Debug for project ds_dijsktras ****
make all 
Building file: ../src/ds_dijsktras.cpp
Invoking: GCC C++ Compiler
g++ -O0 -g3 -Wall -c -fmessage-length=0 -MMD -MP -MF"src/ds_dijsktras.d" -MT"src/ds_dijsktras.o" -o "src/ds_dijsktras.o" "../src/ds_dijsktras.cpp"
../src/ds_dijsktras.cpp:153:2: error: expected ‘}’ at end of input
  }
  ^
../src/ds_dijsktras.cpp: In member function ‘int graph::main()’:
../src/ds_dijsktras.cpp:153:2: warning: no return statement in function returning non-void [-Wreturn-type]
../src/ds_dijsktras.cpp: At global scope:
../src/ds_dijsktras.cpp:153:2: error: expected unqualified-id at end of input
src/subdir.mk:18: recipe for target 'src/ds_dijsktras.o' failed
make: *** [src/ds_dijsktras.o] Error 1
14:57:30 **** Incremental Build of configuration Debug for project ds_dijsktras ****
make all 
Building file: ../src/ds_dijsktras.cpp
Invoking: GCC C++ Compiler
g++ -O0 -g3 -Wall -c -fmessage-length=0 -MMD -MP -MF"src/ds_dijsktras.d" -MT"src/ds_dijsktras.o" -o "src/ds_dijsktras.o" "../src/ds_dijsktras.cpp"
../src/ds_dijsktras.cpp:154:2: error: expected ‘}’ at end of input
  }
  ^
../src/ds_dijsktras.cpp:154:2: error: expected unqualified-id at end of input
make: *** [src/ds_dijsktras.o] Error 1
src/subdir.mk:18: recipe for target 'src/ds_dijsktras.o' failed
14:59:41 **** Incremental Build of configuration Debug for project ds_dijsktras ****
make all 
Building file: ../src/ds_dijsktras.cpp
Invoking: GCC C++ Compiler
g++ -O0 -g3 -Wall -c -fmessage-length=0 -MMD -MP -MF"src/ds_dijsktras.d" -MT"src/ds_dijsktras.o" -o "src/ds_dijsktras.o" "../src/ds_dijsktras.cpp"
Finished building: ../src/ds_dijsktras.cpp
 
Building target: ds_dijsktras
Invoking: GCC C++ Linker
g++  -o "ds_dijsktras"  ./src/ds_dijsktras.o   
Finished building target: ds_dijsktras
 
15:00:11 **** Incremental Build of configuration Debug for project ds_dijsktras ****
make all 
make: Nothing to be done for 'all'.
15:01:13 **** Incremental Build of configuration Debug for project ds_dijsktras ****
make all 
make: Nothing to be done for 'all'.
15:17:22 **** Incremental Build of configuration Debug for project ds_dijsktras ****
make all 
make: Nothing to be done for 'all'.
15:54:55 **** Incremental Build of configuration Debug for project ds_dijsktras ****
make all 
make: Nothing to be done for 'all'.
15:54:55 **** Build of configuration Debug for project ds_kruskals ****
make all 
Building file: ../src/ds_kruskals.cpp
Invoking: GCC C++ Compiler
g++ -O0 -g3 -Wall -c -fmessage-length=0 -MMD -MP -MF"src/ds_kruskals.d" -MT"src/ds_kruskals.o" -o "src/ds_kruskals.o" "../src/ds_kruskals.cpp"
../src/ds_kruskals.cpp:34:9: error: ‘edge’ was not declared in this scope
  vector<edge> edges;
         ^
../src/ds_kruskals.cpp:34:13: error: template argument 1 is invalid
  vector<edge> edges;
             ^
../src/ds_kruskals.cpp:34:13: error: template argument 2 is invalid
../src/ds_kruskals.cpp: In member function ‘void graph::acceptvalues()’:
../src/ds_kruskals.cpp:64:11: error: expected ‘;’ before ‘ed’
     edges ed [from,to,weight];
           ^
../src/ds_kruskals.cpp:64:30: warning: statement has no effect [-Wunused-value]
     edges ed [from,to,weight];
                              ^
../src/ds_kruskals.cpp:65:11: error: request for member ‘push_back’ in ‘((graph*)this)->graph::edges’, which is of non-class type ‘int’
     edges.push_back(ed);
           ^
../src/ds_kruskals.cpp:65:21: error: ‘ed’ was not declared in this scope
     edges.push_back(ed);
                     ^
../src/ds_kruskals.cpp: In member function ‘void graph::displayedges()’:
../src/ds_kruskals.cpp:90:10: error: ‘edge’ was not declared in this scope
   vector<edge>::iterator itr;
          ^
../src/ds_kruskals.cpp:90:14: error: template argument 1 is invalid
   vector<edge>::iterator itr;
              ^
../src/ds_kruskals.cpp:90:14: error: template argument 2 is invalid
../src/ds_kruskals.cpp:90:26: error: expected initializer before ‘itr’
   vector<edge>::iterator itr;
                          ^
../src/ds_kruskals.cpp:91:7: error: ‘itr’ was not declared in this scope
   for(itr=edges.begin(); itr!=edges.end(); ++itr)
       ^
../src/ds_kruskals.cpp:91:17: error: request for member ‘begin’ in ‘((graph*)this)->graph::edges’, which is of non-class type ‘int’
   for(itr=edges.begin(); itr!=edges.end(); ++itr)
                 ^
../src/ds_kruskals.cpp:91:37: error: request for member ‘end’ in ‘((graph*)this)->graph::edges’, which is of non-class type ‘int’
   for(itr=edges.begin(); itr!=edges.end(); ++itr)
                                     ^
make: *** [src/ds_kruskals.o] Error 1
src/subdir.mk:18: recipe for target 'src/ds_kruskals.o' failed
15:54:56 **** Build of configuration Debug for project ds_quicksort ****
make all 
Building file: ../src/ds_quicksort.cpp
Invoking: GCC C++ Compiler
g++ -O0 -g3 -Wall -c -fmessage-length=0 -MMD -MP -MF"src/ds_quicksort.d" -MT"src/ds_quicksort.o" -o "src/ds_quicksort.o" "../src/ds_quicksort.cpp"
../src/ds_quicksort.cpp: In function ‘int main()’:
../src/ds_quicksort.cpp:12:3: error: expected ‘,’ or ‘;’ before ‘display_arr_element’
   display_arr_element(arr);
   ^
make: *** [src/ds_quicksort.o] Error 1
src/subdir.mk:18: recipe for target 'src/ds_quicksort.o' failed
15:55:15 **** Incremental Build of configuration Debug for project ds_quicksort ****
make all 
Building file: ../src/ds_quicksort.cpp
Invoking: GCC C++ Compiler
g++ -O0 -g3 -Wall -c -fmessage-length=0 -MMD -MP -MF"src/ds_quicksort.d" -MT"src/ds_quicksort.o" -o "src/ds_quicksort.o" "../src/ds_quicksort.cpp"
../src/ds_quicksort.cpp: In function ‘int main()’:
../src/ds_quicksort.cpp:12:3: error: expected ‘,’ or ‘;’ before ‘display_arr_element’
   display_arr_element(arr);
   ^
make: *** [src/ds_quicksort.o] Error 1
src/subdir.mk:18: recipe for target 'src/ds_quicksort.o' failed
15:56:02 **** Incremental Build of configuration Debug for project ds_quicksort ****
make all 
Building file: ../src/ds_quicksort.cpp
Invoking: GCC C++ Compiler
g++ -O0 -g3 -Wall -c -fmessage-length=0 -MMD -MP -MF"src/ds_quicksort.d" -MT"src/ds_quicksort.o" -o "src/ds_quicksort.o" "../src/ds_quicksort.cpp"
../src/ds_quicksort.cpp: In function ‘int main()’:
../src/ds_quicksort.cpp:12:2: error: expected ‘,’ or ‘;’ before ‘display_arr_element’
  display_arr_element(arr);
  ^
src/subdir.mk:18: recipe for target 'src/ds_quicksort.o' failed
make: *** [src/ds_quicksort.o] Error 1
15:56:25 **** Incremental Build of configuration Debug for project ds_quicksort ****
make all 
Building file: ../src/ds_quicksort.cpp
Invoking: GCC C++ Compiler
g++ -O0 -g3 -Wall -c -fmessage-length=0 -MMD -MP -MF"src/ds_quicksort.d" -MT"src/ds_quicksort.o" -o "src/ds_quicksort.o" "../src/ds_quicksort.cpp"
Finished building: ../src/ds_quicksort.cpp
 
Building target: ds_quicksort
Invoking: GCC C++ Linker
g++  -o "ds_quicksort"  ./src/ds_quicksort.o   
Finished building target: ds_quicksort
 
15:56:37 **** Incremental Build of configuration Debug for project ds_quicksort ****
make all 
make: Nothing to be done for 'all'.
15:59:24 **** Incremental Build of configuration Debug for project ds_quicksort ****
make all 
make: Nothing to be done for 'all'.
15:59:27 **** Incremental Build of configuration Debug for project ds_quicksort ****
make all 
make: Nothing to be done for 'all'.
15:59:51 **** Incremental Build of configuration Debug for project ds_quicksort ****
make all 
Building file: ../src/ds_quicksort.cpp
Invoking: GCC C++ Compiler
g++ -O0 -g3 -Wall -c -fmessage-length=0 -MMD -MP -MF"src/ds_quicksort.d" -MT"src/ds_quicksort.o" -o "src/ds_quicksort.o" "../src/ds_quicksort.cpp"
Finished building: ../src/ds_quicksort.cpp
 
Building target: ds_quicksort
Invoking: GCC C++ Linker
g++  -o "ds_quicksort"  ./src/ds_quicksort.o   
Finished building target: ds_quicksort
 
15:59:53 **** Incremental Build of configuration Debug for project ds_quicksort ****
make all 
make: Nothing to be done for 'all'.
16:00:22 **** Incremental Build of configuration Debug for project ds_quicksort ****
make all 
make: Nothing to be done for 'all'.
16:00:25 **** Incremental Build of configuration Debug for project ds_quicksort ****
make all 
make: Nothing to be done for 'all'.
16:01:47 **** Incremental Build of configuration Debug for project ds_quicksort ****
make all 
Building file: ../src/ds_quicksort.cpp
Invoking: GCC C++ Compiler
g++ -O0 -g3 -Wall -c -fmessage-length=0 -MMD -MP -MF"src/ds_quicksort.d" -MT"src/ds_quicksort.o" -o "src/ds_quicksort.o" "../src/ds_quicksort.cpp"
Finished building: ../src/ds_quicksort.cpp
 
Building target: ds_quicksort
Invoking: GCC C++ Linker
g++  -o "ds_quicksort"  ./src/ds_quicksort.o   
Finished building target: ds_quicksort
 
16:01:49 **** Incremental Build of configuration Debug for project ds_quicksort ****
make all 
make: Nothing to be done for 'all'.
16:04:18 **** Incremental Build of configuration Debug for project ds_quicksort ****
make all 
Building file: ../src/ds_quicksort.cpp
Invoking: GCC C++ Compiler
g++ -O0 -g3 -Wall -c -fmessage-length=0 -MMD -MP -MF"src/ds_quicksort.d" -MT"src/ds_quicksort.o" -o "src/ds_quicksort.o" "../src/ds_quicksort.cpp"
Finished building: ../src/ds_quicksort.cpp
 
Building target: ds_quicksort
Invoking: GCC C++ Linker
g++  -o "ds_quicksort"  ./src/ds_quicksort.o   
Finished building target: ds_quicksort
 
16:04:21 **** Incremental Build of configuration Debug for project ds_quicksort ****
make all 
make: Nothing to be done for 'all'.
16:04:46 **** Incremental Build of configuration Debug for project ds_quicksort ****
make all 
Building file: ../src/ds_quicksort.cpp
Invoking: GCC C++ Compiler
g++ -O0 -g3 -Wall -c -fmessage-length=0 -MMD -MP -MF"src/ds_quicksort.d" -MT"src/ds_quicksort.o" -o "src/ds_quicksort.o" "../src/ds_quicksort.cpp"
Finished building: ../src/ds_quicksort.cpp
 
Building target: ds_quicksort
Invoking: GCC C++ Linker
g++  -o "ds_quicksort"  ./src/ds_quicksort.o   
Finished building target: ds_quicksort
 
16:04:49 **** Incremental Build of configuration Debug for project ds_quicksort ****
make all 
make: Nothing to be done for 'all'.
16:05:53 **** Incremental Build of configuration Debug for project ds_quicksort ****
make all 
Building file: ../src/ds_quicksort.cpp
Invoking: GCC C++ Compiler
g++ -O0 -g3 -Wall -c -fmessage-length=0 -MMD -MP -MF"src/ds_quicksort.d" -MT"src/ds_quicksort.o" -o "src/ds_quicksort.o" "../src/ds_quicksort.cpp"
Finished building: ../src/ds_quicksort.cpp
 
Building target: ds_quicksort
Invoking: GCC C++ Linker
g++  -o "ds_quicksort"  ./src/ds_quicksort.o   
Finished building target: ds_quicksort
 
16:06:35 **** Incremental Build of configuration Debug for project ds_quicksort ****
make all 
Building file: ../src/ds_quicksort.cpp
Invoking: GCC C++ Compiler
g++ -O0 -g3 -Wall -c -fmessage-length=0 -MMD -MP -MF"src/ds_quicksort.d" -MT"src/ds_quicksort.o" -o "src/ds_quicksort.o" "../src/ds_quicksort.cpp"
Finished building: ../src/ds_quicksort.cpp
 
Building target: ds_quicksort
Invoking: GCC C++ Linker
g++  -o "ds_quicksort"  ./src/ds_quicksort.o   
Finished building target: ds_quicksort
 
16:07:11 **** Incremental Build of configuration Debug for project ds_quicksort ****
make all 
Building file: ../src/ds_quicksort.cpp
Invoking: GCC C++ Compiler
g++ -O0 -g3 -Wall -c -fmessage-length=0 -MMD -MP -MF"src/ds_quicksort.d" -MT"src/ds_quicksort.o" -o "src/ds_quicksort.o" "../src/ds_quicksort.cpp"
../src/ds_quicksort.cpp: In function ‘int main()’:
../src/ds_quicksort.cpp:12:43: error: variable-sized object ‘arr’ may not be initialized
  int arr[SIZE]={60,40,50,30,20,70,10,80,90};
                                           ^
../src/ds_quicksort.cpp: In function ‘void display_arr_element(int*)’:
../src/ds_quicksort.cpp:48:18: error: ‘SIZE’ was not declared in this scope
   for(int i=0; i<SIZE-1; ++i)
                  ^
make: *** [src/ds_quicksort.o] Error 1
src/subdir.mk:18: recipe for target 'src/ds_quicksort.o' failed
16:07:30 **** Incremental Build of configuration Debug for project ds_quicksort ****
make all 
Building file: ../src/ds_quicksort.cpp
Invoking: GCC C++ Compiler
g++ -O0 -g3 -Wall -c -fmessage-length=0 -MMD -MP -MF"src/ds_quicksort.d" -MT"src/ds_quicksort.o" -o "src/ds_quicksort.o" "../src/ds_quicksort.cpp"
../src/ds_quicksort.cpp: In function ‘int main()’:
../src/ds_quicksort.cpp:12:43: error: variable-sized object ‘arr’ may not be initialized
  int arr[SIZE]={60,40,50,30,20,70,10,80,90};
                                           ^
src/subdir.mk:18: recipe for target 'src/ds_quicksort.o' failed
make: *** [src/ds_quicksort.o] Error 1
16:07:58 **** Incremental Build of configuration Debug for project ds_quicksort ****
make all 
Building file: ../src/ds_quicksort.cpp
Invoking: GCC C++ Compiler
g++ -O0 -g3 -Wall -c -fmessage-length=0 -MMD -MP -MF"src/ds_quicksort.d" -MT"src/ds_quicksort.o" -o "src/ds_quicksort.o" "../src/ds_quicksort.cpp"
../src/ds_quicksort.cpp: In function ‘int main()’:
../src/ds_quicksort.cpp:14:19: error: ‘SIZE’ was not declared in this scope
  quick_sort(arr,0,SIZE-1);
                   ^
../src/ds_quicksort.cpp: In function ‘void display_arr_element(int*)’:
../src/ds_quicksort.cpp:48:18: error: ‘SIZE’ was not declared in this scope
   for(int i=0; i<SIZE-1; ++i)
                  ^
make: *** [src/ds_quicksort.o] Error 1
src/subdir.mk:18: recipe for target 'src/ds_quicksort.o' failed
16:08:22 **** Incremental Build of configuration Debug for project ds_quicksort ****
make all 
Building file: ../src/ds_quicksort.cpp
Invoking: GCC C++ Compiler
g++ -O0 -g3 -Wall -c -fmessage-length=0 -MMD -MP -MF"src/ds_quicksort.d" -MT"src/ds_quicksort.o" -o "src/ds_quicksort.o" "../src/ds_quicksort.cpp"
Finished building: ../src/ds_quicksort.cpp
 
Building target: ds_quicksort
Invoking: GCC C++ Linker
g++  -o "ds_quicksort"  ./src/ds_quicksort.o   
Finished building target: ds_quicksort
 
16:08:29 **** Incremental Build of configuration Debug for project ds_quicksort ****
make all 
make: Nothing to be done for 'all'.
16:08:32 **** Incremental Build of configuration Debug for project ds_quicksort ****
make all 
make: Nothing to be done for 'all'.
16:08:58 **** Incremental Build of configuration Debug for project ds_quicksort ****
make all 
Building file: ../src/ds_quicksort.cpp
Invoking: GCC C++ Compiler
g++ -O0 -g3 -Wall -c -fmessage-length=0 -MMD -MP -MF"src/ds_quicksort.d" -MT"src/ds_quicksort.o" -o "src/ds_quicksort.o" "../src/ds_quicksort.cpp"
Finished building: ../src/ds_quicksort.cpp
 
Building target: ds_quicksort
Invoking: GCC C++ Linker
g++  -o "ds_quicksort"  ./src/ds_quicksort.o   
Finished building target: ds_quicksort
 
16:09:02 **** Incremental Build of configuration Debug for project ds_quicksort ****
make all 
make: Nothing to be done for 'all'.
16:10:44 **** Incremental Build of configuration Debug for project ds_quicksort ****
make all 
Building file: ../src/ds_quicksort.cpp
Invoking: GCC C++ Compiler
g++ -O0 -g3 -Wall -c -fmessage-length=0 -MMD -MP -MF"src/ds_quicksort.d" -MT"src/ds_quicksort.o" -o "src/ds_quicksort.o" "../src/ds_quicksort.cpp"
Finished building: ../src/ds_quicksort.cpp
 
Building target: ds_quicksort
Invoking: GCC C++ Linker
g++  -o "ds_quicksort"  ./src/ds_quicksort.o   
Finished building target: ds_quicksort
 
16:10:48 **** Incremental Build of configuration Debug for project ds_quicksort ****
make all 
make: Nothing to be done for 'all'.
16:16:47 **** Incremental Build of configuration Debug for project ds_quicksort ****
make all 
Building file: ../src/ds_quicksort.cpp
Invoking: GCC C++ Compiler
g++ -O0 -g3 -Wall -c -fmessage-length=0 -MMD -MP -MF"src/ds_quicksort.d" -MT"src/ds_quicksort.o" -o "src/ds_quicksort.o" "../src/ds_quicksort.cpp"
Finished building: ../src/ds_quicksort.cpp
 
Building target: ds_quicksort
Invoking: GCC C++ Linker
g++  -o "ds_quicksort"  ./src/ds_quicksort.o   
Finished building target: ds_quicksort
 
16:16:50 **** Incremental Build of configuration Debug for project ds_quicksort ****
make all 
make: Nothing to be done for 'all'.
17:55:31 **** Build of configuration Debug for project ds_bubblesort ****
make all 
Building file: ../src/ds_bubblesort.cpp
Invoking: GCC C++ Compiler
g++ -O0 -g3 -Wall -c -fmessage-length=0 -MMD -MP -MF"src/ds_bubblesort.d" -MT"src/ds_bubblesort.o" -o "src/ds_bubblesort.o" "../src/ds_bubblesort.cpp"
../src/ds_bubblesort.cpp:10:15: error: two or more data types in declaration of ‘main’
 void int main()
               ^
../src/ds_bubblesort.cpp: In function ‘void bubble_sort(int*)’:
../src/ds_bubblesort.cpp:20:2: error: ‘iterations’ was not declared in this scope
  iterations=0;
  ^
../src/ds_bubblesort.cpp:21:2: error: ‘comparisons’ was not declared in this scope
  comparisons=0;
  ^
../src/ds_bubblesort.cpp:25:8: error: ‘pos’ was not declared in this scope
   for (pos=0;pos<SIZE-it-1;pos++)
        ^
../src/ds_bubblesort.cpp:5:22: error: ‘t’ was not declared in this scope
 #define SWAP(a,b) {a=t;a=b;b=t;}
                      ^
../src/ds_bubblesort.cpp:30:3: note: in expansion of macro ‘SWAP’
   SWAP (arr[pos],arr[pos+1])
   ^
../src/ds_bubblesort.cpp:37:26: error: ‘iterraions’ was not declared in this scope
  cout<<"iterations are"<<iterraions;
                          ^
make: *** [src/ds_bubblesort.o] Error 1
src/subdir.mk:18: recipe for target 'src/ds_bubblesort.o' failed
17:55:31 **** Incremental Build of configuration Debug for project ds_quicksort ****
make all 
make: Nothing to be done for 'all'.
17:55:51 **** Incremental Build of configuration Debug for project ds_bubblesort ****
make all 
Building file: ../src/ds_bubblesort.cpp
Invoking: GCC C++ Compiler
g++ -O0 -g3 -Wall -c -fmessage-length=0 -MMD -MP -MF"src/ds_bubblesort.d" -MT"src/ds_bubblesort.o" -o "src/ds_bubblesort.o" "../src/ds_bubblesort.cpp"
../src/ds_bubblesort.cpp:10:15: error: two or more data types in declaration of ‘main’
 void int main()
               ^
../src/ds_bubblesort.cpp: In function ‘void bubble_sort(int*)’:
../src/ds_bubblesort.cpp:20:2: error: ‘iterations’ was not declared in this scope
  iterations=0;
  ^
../src/ds_bubblesort.cpp:21:2: error: ‘comparisons’ was not declared in this scope
  comparisons=0;
  ^
../src/ds_bubblesort.cpp:25:8: error: ‘pos’ was not declared in this scope
   for (pos=0;pos<SIZE-it-1;pos++)
        ^
../src/ds_bubblesort.cpp:5:22: error: ‘t’ was not declared in this scope
 #define SWAP(a,b) {a=t;a=b;b=t;}
                      ^
../src/ds_bubblesort.cpp:30:3: note: in expansion of macro ‘SWAP’
   SWAP (arr[pos],arr[pos+1])
   ^
../src/ds_bubblesort.cpp:37:26: error: ‘iterraions’ was not declared in this scope
  cout<<"iterations are"<<iterraions;
                          ^
make: *** [src/ds_bubblesort.o] Error 1
src/subdir.mk:18: recipe for target 'src/ds_bubblesort.o' failed
17:56:34 **** Incremental Build of configuration Debug for project ds_bubblesort ****
make all 
Building file: ../src/ds_bubblesort.cpp
Invoking: GCC C++ Compiler
g++ -O0 -g3 -Wall -c -fmessage-length=0 -MMD -MP -MF"src/ds_bubblesort.d" -MT"src/ds_bubblesort.o" -o "src/ds_bubblesort.o" "../src/ds_bubblesort.cpp"
../src/ds_bubblesort.cpp: In function ‘void bubble_sort(int*)’:
../src/ds_bubblesort.cpp:20:2: error: ‘iterations’ was not declared in this scope
  iterations=0;
  ^
../src/ds_bubblesort.cpp:21:2: error: ‘comparisons’ was not declared in this scope
  comparisons=0;
  ^
../src/ds_bubblesort.cpp:25:8: error: ‘pos’ was not declared in this scope
   for (pos=0;pos<SIZE-it-1;pos++)
        ^
../src/ds_bubblesort.cpp:5:20: error: ‘t’ was not declared in this scope
 #define SWAP(a,b) {t=a;a=b;b=t;}
                    ^
../src/ds_bubblesort.cpp:30:3: note: in expansion of macro ‘SWAP’
   SWAP (arr[pos],arr[pos+1])
   ^
../src/ds_bubblesort.cpp:37:26: error: ‘iterraions’ was not declared in this scope
  cout<<"iterations are"<<iterraions;
                          ^
src/subdir.mk:18: recipe for target 'src/ds_bubblesort.o' failed
make: *** [src/ds_bubblesort.o] Error 1
17:57:25 **** Incremental Build of configuration Debug for project ds_bubblesort ****
make all 
Building file: ../src/ds_bubblesort.cpp
Invoking: GCC C++ Compiler
g++ -O0 -g3 -Wall -c -fmessage-length=0 -MMD -MP -MF"src/ds_bubblesort.d" -MT"src/ds_bubblesort.o" -o "src/ds_bubblesort.o" "../src/ds_bubblesort.cpp"
../src/ds_bubblesort.cpp: In function ‘void bubble_sort(int*)’:
../src/ds_bubblesort.cpp:5:20: error: ‘t’ was not declared in this scope
 #define SWAP(a,b) {t=a;a=b;b=t;}
                    ^
../src/ds_bubblesort.cpp:30:3: note: in expansion of macro ‘SWAP’
   SWAP (arr[pos],arr[pos+1])
   ^
src/subdir.mk:18: recipe for target 'src/ds_bubblesort.o' failed
make: *** [src/ds_bubblesort.o] Error 1
17:57:55 **** Incremental Build of configuration Debug for project ds_bubblesort ****
make all 
Building file: ../src/ds_bubblesort.cpp
Invoking: GCC C++ Compiler
g++ -O0 -g3 -Wall -c -fmessage-length=0 -MMD -MP -MF"src/ds_bubblesort.d" -MT"src/ds_bubblesort.o" -o "src/ds_bubblesort.o" "../src/ds_bubblesort.cpp"
Finished building: ../src/ds_bubblesort.cpp
 
Building target: ds_bubblesort
Invoking: GCC C++ Linker
g++  -o "ds_bubblesort"  ./src/ds_bubblesort.o   
Finished building target: ds_bubblesort
 
17:58:16 **** Incremental Build of configuration Debug for project ds_bubblesort ****
make all 
Building file: ../src/ds_bubblesort.cpp
Invoking: GCC C++ Compiler
g++ -O0 -g3 -Wall -c -fmessage-length=0 -MMD -MP -MF"src/ds_bubblesort.d" -MT"src/ds_bubblesort.o" -o "src/ds_bubblesort.o" "../src/ds_bubblesort.cpp"
Finished building: ../src/ds_bubblesort.cpp
 
Building target: ds_bubblesort
Invoking: GCC C++ Linker
g++  -o "ds_bubblesort"  ./src/ds_bubblesort.o   
Finished building target: ds_bubblesort
 
17:58:26 **** Incremental Build of configuration Debug for project ds_bubblesort ****
make all 
make: Nothing to be done for 'all'.
18:00:27 **** Incremental Build of configuration Debug for project ds_bubblesort ****
make all 
Building file: ../src/ds_bubblesort.cpp
Invoking: GCC C++ Compiler
g++ -O0 -g3 -Wall -c -fmessage-length=0 -MMD -MP -MF"src/ds_bubblesort.d" -MT"src/ds_bubblesort.o" -o "src/ds_bubblesort.o" "../src/ds_bubblesort.cpp"
Finished building: ../src/ds_bubblesort.cpp
 
Building target: ds_bubblesort
Invoking: GCC C++ Linker
g++  -o "ds_bubblesort"  ./src/ds_bubblesort.o   
Finished building target: ds_bubblesort
 
18:00:29 **** Incremental Build of configuration Debug for project ds_bubblesort ****
make all 
make: Nothing to be done for 'all'.
18:01:38 **** Incremental Build of configuration Debug for project ds_bubblesort ****
make all 
Building file: ../src/ds_bubblesort.cpp
Invoking: GCC C++ Compiler
g++ -O0 -g3 -Wall -c -fmessage-length=0 -MMD -MP -MF"src/ds_bubblesort.d" -MT"src/ds_bubblesort.o" -o "src/ds_bubblesort.o" "../src/ds_bubblesort.cpp"
Finished building: ../src/ds_bubblesort.cpp
 
Building target: ds_bubblesort
Invoking: GCC C++ Linker
g++  -o "ds_bubblesort"  ./src/ds_bubblesort.o   
Finished building target: ds_bubblesort
 
18:01:41 **** Incremental Build of configuration Debug for project ds_bubblesort ****
make all 
make: Nothing to be done for 'all'.
18:02:18 **** Incremental Build of configuration Debug for project ds_bubblesort ****
make all 
Building file: ../src/ds_bubblesort.cpp
Invoking: GCC C++ Compiler
g++ -O0 -g3 -Wall -c -fmessage-length=0 -MMD -MP -MF"src/ds_bubblesort.d" -MT"src/ds_bubblesort.o" -o "src/ds_bubblesort.o" "../src/ds_bubblesort.cpp"
Finished building: ../src/ds_bubblesort.cpp
 
Building target: ds_bubblesort
Invoking: GCC C++ Linker
g++  -o "ds_bubblesort"  ./src/ds_bubblesort.o   
Finished building target: ds_bubblesort
 
18:02:22 **** Incremental Build of configuration Debug for project ds_bubblesort ****
make all 
make: Nothing to be done for 'all'.
18:03:30 **** Incremental Build of configuration Debug for project ds_bubblesort ****
make all 
make: Nothing to be done for 'all'.
18:04:43 **** Incremental Build of configuration Debug for project ds_bubblesort ****
make all 
Building file: ../src/ds_bubblesort.cpp
Invoking: GCC C++ Compiler
g++ -O0 -g3 -Wall -c -fmessage-length=0 -MMD -MP -MF"src/ds_bubblesort.d" -MT"src/ds_bubblesort.o" -o "src/ds_bubblesort.o" "../src/ds_bubblesort.cpp"
Finished building: ../src/ds_bubblesort.cpp
 
Building target: ds_bubblesort
Invoking: GCC C++ Linker
g++  -o "ds_bubblesort"  ./src/ds_bubblesort.o   
Finished building target: ds_bubblesort
 
18:04:45 **** Incremental Build of configuration Debug for project ds_bubblesort ****
make all 
make: Nothing to be done for 'all'.
18:04:59 **** Incremental Build of configuration Debug for project ds_bubblesort ****
make all 
Building file: ../src/ds_bubblesort.cpp
Invoking: GCC C++ Compiler
g++ -O0 -g3 -Wall -c -fmessage-length=0 -MMD -MP -MF"src/ds_bubblesort.d" -MT"src/ds_bubblesort.o" -o "src/ds_bubblesort.o" "../src/ds_bubblesort.cpp"
Finished building: ../src/ds_bubblesort.cpp
 
Building target: ds_bubblesort
Invoking: GCC C++ Linker
g++  -o "ds_bubblesort"  ./src/ds_bubblesort.o   
Finished building target: ds_bubblesort
 
18:05:01 **** Incremental Build of configuration Debug for project ds_bubblesort ****
make all 
make: Nothing to be done for 'all'.
18:17:35 **** Incremental Build of configuration Debug for project ds_bubblesort ****
make all 
Building file: ../src/ds_bubblesort.cpp
Invoking: GCC C++ Compiler
g++ -O0 -g3 -Wall -c -fmessage-length=0 -MMD -MP -MF"src/ds_bubblesort.d" -MT"src/ds_bubblesort.o" -o "src/ds_bubblesort.o" "../src/ds_bubblesort.cpp"
Finished building: ../src/ds_bubblesort.cpp
 
Building target: ds_bubblesort
Invoking: GCC C++ Linker
g++  -o "ds_bubblesort"  ./src/ds_bubblesort.o   
Finished building target: ds_bubblesort
 
18:17:37 **** Incremental Build of configuration Debug for project ds_bubblesort ****
make all 
make: Nothing to be done for 'all'.
19:35:38 **** Build of configuration Debug for project ds_insertionsort ****
make all 
Building file: ../src/ds_insertionsort.cpp
Invoking: GCC C++ Compiler
g++ -O0 -g3 -Wall -c -fmessage-length=0 -MMD -MP -MF"src/ds_insertionsort.d" -MT"src/ds_insertionsort.o" -o "src/ds_insertionsort.o" "../src/ds_insertionsort.cpp"
../src/ds_insertionsort.cpp: In function ‘void insertion_sort(int*)’:
../src/ds_insertionsort.cpp:27:14: error: expected ‘)’ before ‘;’ token
    while(j>=0; && key < arr[j])
              ^
../src/ds_insertionsort.cpp:27:30: error: ISO C++ forbids comparison between pointer and integer [-fpermissive]
    while(j>=0; && key < arr[j])
                              ^
../src/ds_insertionsort.cpp:27:31: error: expected ‘;’ before ‘)’ token
    while(j>=0; && key < arr[j])
                               ^
../src/ds_insertionsort.cpp:27:23: warning: statement has no effect [-Wunused-value]
    while(j>=0; && key < arr[j])
                       ^
../src/ds_insertionsort.cpp:27:19: error: label ‘key’ used but not defined
    while(j>=0; && key < arr[j])
                   ^
src/subdir.mk:18: recipe for target 'src/ds_insertionsort.o' failed
make: *** [src/ds_insertionsort.o] Error 1
19:36:05 **** Incremental Build of configuration Debug for project ds_insertionsort ****
make all 
Building file: ../src/ds_insertionsort.cpp
Invoking: GCC C++ Compiler
g++ -O0 -g3 -Wall -c -fmessage-length=0 -MMD -MP -MF"src/ds_insertionsort.d" -MT"src/ds_insertionsort.o" -o "src/ds_insertionsort.o" "../src/ds_insertionsort.cpp"
../src/ds_insertionsort.cpp: In function ‘void insertion_sort(int*)’:
../src/ds_insertionsort.cpp:27:14: error: expected ‘)’ before ‘;’ token
    while(j>=0; && key < arr[j])
              ^
../src/ds_insertionsort.cpp:27:30: error: ISO C++ forbids comparison between pointer and integer [-fpermissive]
    while(j>=0; && key < arr[j])
                              ^
../src/ds_insertionsort.cpp:27:31: error: expected ‘;’ before ‘)’ token
    while(j>=0; && key < arr[j])
                               ^
../src/ds_insertionsort.cpp:27:23: warning: statement has no effect [-Wunused-value]
    while(j>=0; && key < arr[j])
                       ^
../src/ds_insertionsort.cpp:27:19: error: label ‘key’ used but not defined
    while(j>=0; && key < arr[j])
                   ^
src/subdir.mk:18: recipe for target 'src/ds_insertionsort.o' failed
make: *** [src/ds_insertionsort.o] Error 1
19:37:37 **** Incremental Build of configuration Debug for project ds_insertionsort ****
make all 
Building file: ../src/ds_insertionsort.cpp
Invoking: GCC C++ Compiler
g++ -O0 -g3 -Wall -c -fmessage-length=0 -MMD -MP -MF"src/ds_insertionsort.d" -MT"src/ds_insertionsort.o" -o "src/ds_insertionsort.o" "../src/ds_insertionsort.cpp"
Finished building: ../src/ds_insertionsort.cpp
 
Building target: ds_insertionsort
Invoking: GCC C++ Linker
g++  -o "ds_insertionsort"  ./src/ds_insertionsort.o   
Finished building target: ds_insertionsort
 
19:37:51 **** Incremental Build of configuration Debug for project ds_insertionsort ****
make all 
make: Nothing to be done for 'all'.
19:38:18 **** Incremental Build of configuration Debug for project ds_insertionsort ****
make all 
Building file: ../src/ds_insertionsort.cpp
Invoking: GCC C++ Compiler
g++ -O0 -g3 -Wall -c -fmessage-length=0 -MMD -MP -MF"src/ds_insertionsort.d" -MT"src/ds_insertionsort.o" -o "src/ds_insertionsort.o" "../src/ds_insertionsort.cpp"
Finished building: ../src/ds_insertionsort.cpp
 
Building target: ds_insertionsort
Invoking: GCC C++ Linker
g++  -o "ds_insertionsort"  ./src/ds_insertionsort.o   
Finished building target: ds_insertionsort
 
19:38:20 **** Incremental Build of configuration Debug for project ds_insertionsort ****
make all 
make: Nothing to be done for 'all'.
19:38:48 **** Incremental Build of configuration Debug for project ds_insertionsort ****
make all 
Building file: ../src/ds_insertionsort.cpp
Invoking: GCC C++ Compiler
g++ -O0 -g3 -Wall -c -fmessage-length=0 -MMD -MP -MF"src/ds_insertionsort.d" -MT"src/ds_insertionsort.o" -o "src/ds_insertionsort.o" "../src/ds_insertionsort.cpp"
Finished building: ../src/ds_insertionsort.cpp
 
Building target: ds_insertionsort
Invoking: GCC C++ Linker
g++  -o "ds_insertionsort"  ./src/ds_insertionsort.o   
Finished building target: ds_insertionsort
 
19:38:50 **** Incremental Build of configuration Debug for project ds_insertionsort ****
make all 
make: Nothing to be done for 'all'.
19:38:52 **** Incremental Build of configuration Debug for project ds_insertionsort ****
make all 
make: Nothing to be done for 'all'.
19:40:04 **** Incremental Build of configuration Debug for project ds_insertionsort ****
make all 
Building file: ../src/ds_insertionsort.cpp
Invoking: GCC C++ Compiler
g++ -O0 -g3 -Wall -c -fmessage-length=0 -MMD -MP -MF"src/ds_insertionsort.d" -MT"src/ds_insertionsort.o" -o "src/ds_insertionsort.o" "../src/ds_insertionsort.cpp"
Finished building: ../src/ds_insertionsort.cpp
 
Building target: ds_insertionsort
Invoking: GCC C++ Linker
g++  -o "ds_insertionsort"  ./src/ds_insertionsort.o   
Finished building target: ds_insertionsort
 
19:40:06 **** Incremental Build of configuration Debug for project ds_insertionsort ****
make all 
make: Nothing to be done for 'all'.
19:40:29 **** Incremental Build of configuration Debug for project ds_insertionsort ****
make all 
Building file: ../src/ds_insertionsort.cpp
Invoking: GCC C++ Compiler
g++ -O0 -g3 -Wall -c -fmessage-length=0 -MMD -MP -MF"src/ds_insertionsort.d" -MT"src/ds_insertionsort.o" -o "src/ds_insertionsort.o" "../src/ds_insertionsort.cpp"
Finished building: ../src/ds_insertionsort.cpp
 
Building target: ds_insertionsort
Invoking: GCC C++ Linker
g++  -o "ds_insertionsort"  ./src/ds_insertionsort.o   
Finished building target: ds_insertionsort
 
19:40:31 **** Incremental Build of configuration Debug for project ds_insertionsort ****
make all 
make: Nothing to be done for 'all'.
19:41:23 **** Incremental Build of configuration Debug for project ds_insertionsort ****
make all 
Building file: ../src/ds_insertionsort.cpp
Invoking: GCC C++ Compiler
g++ -O0 -g3 -Wall -c -fmessage-length=0 -MMD -MP -MF"src/ds_insertionsort.d" -MT"src/ds_insertionsort.o" -o "src/ds_insertionsort.o" "../src/ds_insertionsort.cpp"
Finished building: ../src/ds_insertionsort.cpp
 
Building target: ds_insertionsort
Invoking: GCC C++ Linker
g++  -o "ds_insertionsort"  ./src/ds_insertionsort.o   
Finished building target: ds_insertionsort
 
19:41:26 **** Incremental Build of configuration Debug for project ds_insertionsort ****
make all 
make: Nothing to be done for 'all'.
22:55:46 **** Build of configuration Debug for project ds_practise ****
make all 
Building file: ../src/ds_practise.cpp
Invoking: GCC C++ Compiler
g++ -O0 -g3 -Wall -c -fmessage-length=0 -MMD -MP -MF"src/ds_practise.d" -MT"src/ds_practise.o" -o "src/ds_practise.o" "../src/ds_practise.cpp"
../src/ds_practise.cpp: In function ‘int priority(char)’:
../src/ds_practise.cpp:63:1: warning: control reaches end of non-void function [-Wreturn-type]
 }
 ^
Finished building: ../src/ds_practise.cpp
 
Building target: ds_practise
Invoking: GCC C++ Linker
g++  -o "ds_practise"  ./src/ds_practise.o   
Finished building target: ds_practise
 
22:56:54 **** Incremental Build of configuration Debug for project ds_practise ****
make all 
Building file: ../src/ds_practise.cpp
Invoking: GCC C++ Compiler
g++ -O0 -g3 -Wall -c -fmessage-length=0 -MMD -MP -MF"src/ds_practise.d" -MT"src/ds_practise.o" -o "src/ds_practise.o" "../src/ds_practise.cpp"
../src/ds_practise.cpp: In function ‘int priority(char)’:
../src/ds_practise.cpp:64:1: warning: control reaches end of non-void function [-Wreturn-type]
 }
 ^
Finished building: ../src/ds_practise.cpp
 
Building target: ds_practise
Invoking: GCC C++ Linker
g++  -o "ds_practise"  ./src/ds_practise.o   
Finished building target: ds_practise
 
22:57:04 **** Incremental Build of configuration Debug for project ds_practise ****
make all 
make: Nothing to be done for 'all'.
22:57:11 **** Incremental Build of configuration Debug for project ds_practise ****
make all 
make: Nothing to be done for 'all'.
15:24:10 **** Build of configuration Debug for project ds_practise ****
make all 
Building file: ../src/ds_practise.cpp
Invoking: GCC C++ Compiler
g++ -O0 -g3 -Wall -c -fmessage-length=0 -MMD -MP -MF"src/ds_practise.d" -MT"src/ds_practise.o" -o "src/ds_practise.o" "../src/ds_practise.cpp"
Finished building: ../src/ds_practise.cpp
 
Building target: ds_practise
Invoking: GCC C++ Linker
g++  -o "ds_practise"  ./src/ds_practise.o   
Finished building target: ds_practise
 
15:24:13 **** Incremental Build of configuration Debug for project ds_practise ****
make all 
make: Nothing to be done for 'all'.
15:24:19 **** Incremental Build of configuration Debug for project ds_practise ****
make all 
Building file: ../src/ds_practise.cpp
Invoking: GCC C++ Compiler
g++ -O0 -g3 -Wall -c -fmessage-length=0 -MMD -MP -MF"src/ds_practise.d" -MT"src/ds_practise.o" -o "src/ds_practise.o" "../src/ds_practise.cpp"
../src/ds_practise.cpp: In constructor ‘list::list()’:
../src/ds_practise.cpp:50:3: error: ‘b’ was not declared in this scope
  {b
   ^
../src/ds_practise.cpp:51:3: error: expected ‘;’ before ‘this’
   this->head=NULL;
   ^
src/subdir.mk:18: recipe for target 'src/ds_practise.o' failed
make: *** [src/ds_practise.o] Error 1
15:24:39 **** Incremental Build of configuration Debug for project ds_practise ****
make all 
Building file: ../src/ds_practise.cpp
Invoking: GCC C++ Compiler
g++ -O0 -g3 -Wall -c -fmessage-length=0 -MMD -MP -MF"src/ds_practise.d" -MT"src/ds_practise.o" -o "src/ds_practise.o" "../src/ds_practise.cpp"
Finished building: ../src/ds_practise.cpp
 
Building target: ds_practise
Invoking: GCC C++ Linker
g++  -o "ds_practise"  ./src/ds_practise.o   
Finished building target: ds_practise
 
15:24:43 **** Incremental Build of configuration Debug for project ds_practise ****
make all 
make: Nothing to be done for 'all'.
15:33:29 **** Incremental Build of configuration Debug for project ds_practise ****
make all 
make: Nothing to be done for 'all'.
15:33:30 **** Incremental Build of configuration Debug for project ds_practise ****
make all 
make: Nothing to be done for 'all'.
15:34:09 **** Incremental Build of configuration Debug for project ds_practise ****
make all 
Building file: ../src/ds_practise.cpp
Invoking: GCC C++ Compiler
g++ -O0 -g3 -Wall -c -fmessage-length=0 -MMD -MP -MF"src/ds_practise.d" -MT"src/ds_practise.o" -o "src/ds_practise.o" "../src/ds_practise.cpp"
Finished building: ../src/ds_practise.cpp
 
Building target: ds_practise
Invoking: GCC C++ Linker
g++  -o "ds_practise"  ./src/ds_practise.o   
Finished building target: ds_practise
 
15:34:17 **** Incremental Build of configuration Debug for project ds_practise ****
make all 
make: Nothing to be done for 'all'.
15:34:22 **** Incremental Build of configuration Debug for project ds_practise ****
make all 
make: Nothing to be done for 'all'.
16:50:14 **** Build of configuration Debug for project ds_BST ****
make all 
Building file: ../src/ds_BST.cpp
Invoking: GCC C++ Compiler
g++ -O0 -g3 -Wall -c -fmessage-length=0 -MMD -MP -MF"src/ds_BST.d" -MT"src/ds_BST.o" -o "src/ds_BST.o" "../src/ds_BST.cpp"
../src/ds_BST.cpp: In function ‘int main()’:
../src/ds_BST.cpp:8:10: error: storage size of ‘arr’ isn’t known
  int arr[];
          ^
make: *** [src/ds_BST.o] Error 1
src/subdir.mk:18: recipe for target 'src/ds_BST.o' failed
16:50:17 **** Incremental Build of configuration Debug for project ds_practise ****
make all 
make: Nothing to be done for 'all'.
16:50:36 **** Incremental Build of configuration Debug for project ds_BST ****
make all 
Building file: ../src/ds_BST.cpp
Invoking: GCC C++ Compiler
g++ -O0 -g3 -Wall -c -fmessage-length=0 -MMD -MP -MF"src/ds_BST.d" -MT"src/ds_BST.o" -o "src/ds_BST.o" "../src/ds_BST.cpp"
../src/ds_BST.cpp: In function ‘int main()’:
../src/ds_BST.cpp:8:10: error: storage size of ‘arr’ isn’t known
  int arr[];
          ^
make: *** [src/ds_BST.o] Error 1
src/subdir.mk:18: recipe for target 'src/ds_BST.o' failed
16:50:52 **** Incremental Build of configuration Debug for project ds_BST ****
make all 
Building file: ../src/ds_BST.cpp
Invoking: GCC C++ Compiler
g++ -O0 -g3 -Wall -c -fmessage-length=0 -MMD -MP -MF"src/ds_BST.d" -MT"src/ds_BST.o" -o "src/ds_BST.o" "../src/ds_BST.cpp"
Finished building: ../src/ds_BST.cpp
 
Building target: ds_BST
Invoking: GCC C++ Linker
g++  -o "ds_BST"  ./src/ds_BST.o   
Finished building target: ds_BST
 
16:51:05 **** Incremental Build of configuration Debug for project ds_BST ****
make all 
make: Nothing to be done for 'all'.
17:04:52 **** Incremental Build of configuration Debug for project ds_BST ****
make all 
Building file: ../src/ds_BST.cpp
Invoking: GCC C++ Compiler
g++ -O0 -g3 -Wall -c -fmessage-length=0 -MMD -MP -MF"src/ds_BST.d" -MT"src/ds_BST.o" -o "src/ds_BST.o" "../src/ds_BST.cpp"
Finished building: ../src/ds_BST.cpp
 
Building target: ds_BST
Invoking: GCC C++ Linker
g++  -o "ds_BST"  ./src/ds_BST.o   
Finished building target: ds_BST
 
17:04:55 **** Incremental Build of configuration Debug for project ds_BST ****
make all 
make: Nothing to be done for 'all'.
17:12:04 **** Incremental Build of configuration Debug for project ds_BST ****
make all 
Building file: ../src/ds_BST.cpp
Invoking: GCC C++ Compiler
g++ -O0 -g3 -Wall -c -fmessage-length=0 -MMD -MP -MF"src/ds_BST.d" -MT"src/ds_BST.o" -o "src/ds_BST.o" "../src/ds_BST.cpp"
Finished building: ../src/ds_BST.cpp
 
Building target: ds_BST
Invoking: GCC C++ Linker
g++  -o "ds_BST"  ./src/ds_BST.o   
Finished building target: ds_BST
 
17:12:07 **** Incremental Build of configuration Debug for project ds_BST ****
make all 
make: Nothing to be done for 'all'.
17:13:39 **** Incremental Build of configuration Debug for project ds_BST ****
make all 
Building file: ../src/ds_BST.cpp
Invoking: GCC C++ Compiler
g++ -O0 -g3 -Wall -c -fmessage-length=0 -MMD -MP -MF"src/ds_BST.d" -MT"src/ds_BST.o" -o "src/ds_BST.o" "../src/ds_BST.cpp"
Finished building: ../src/ds_BST.cpp
 
Building target: ds_BST
Invoking: GCC C++ Linker
g++  -o "ds_BST"  ./src/ds_BST.o   
Finished building target: ds_BST
 
17:13:43 **** Incremental Build of configuration Debug for project ds_BST ****
make all 
make: Nothing to be done for 'all'.
17:14:25 **** Incremental Build of configuration Debug for project ds_BST ****
make all 
Building file: ../src/ds_BST.cpp
Invoking: GCC C++ Compiler
g++ -O0 -g3 -Wall -c -fmessage-length=0 -MMD -MP -MF"src/ds_BST.d" -MT"src/ds_BST.o" -o "src/ds_BST.o" "../src/ds_BST.cpp"
Finished building: ../src/ds_BST.cpp
 
Building target: ds_BST
Invoking: GCC C++ Linker
g++  -o "ds_BST"  ./src/ds_BST.o   
Finished building target: ds_BST
 
17:14:28 **** Incremental Build of configuration Debug for project ds_BST ****
make all 
make: Nothing to be done for 'all'.
09:04:15 **** Build of configuration Debug for project ds_employee ****
make all 
Building file: ../src/ds_employee.cpp
Invoking: GCC C++ Compiler
g++ -O0 -g3 -Wall -c -fmessage-length=0 -MMD -MP -MF"src/ds_employee.d" -MT"src/ds_employee.o" -o "src/ds_employee.o" "../src/ds_employee.cpp"
Finished building: ../src/ds_employee.cpp
 
Building target: ds_employee
Invoking: GCC C++ Linker
g++  -o "ds_employee"  ./src/ds_employee.o   
Finished building target: ds_employee
 
09:04:28 **** Incremental Build of configuration Debug for project ds_employee ****
make all 
make: Nothing to be done for 'all'.
